<?xml version="1.0" encoding="UTF-8"?>
<testsuite name="com.scdfdemo.scdfdemo.ScdfdemoApplicationTests" time="0.041" tests="1" errors="1" skipped="0" failures="0">
  <properties>
    <property name="java.runtime.name" value="Java(TM) SE Runtime Environment"/>
    <property name="sun.boot.library.path" value="/usr/lib/jvm/java-8-oracle/jre/lib/amd64"/>
    <property name="java.vm.version" value="25.201-b09"/>
    <property name="java.vm.vendor" value="Oracle Corporation"/>
    <property name="maven.multiModuleProjectDirectory" value="/home/prashantsingh/Desktop/STS_Workspace/scdfdemo"/>
    <property name="java.vendor.url" value="http://java.oracle.com/"/>
    <property name="path.separator" value=":"/>
    <property name="java.rmi.server.randomIDs" value="true"/>
    <property name="guice.disable.misplaced.annotation.check" value="true"/>
    <property name="java.vm.name" value="Java HotSpot(TM) 64-Bit Server VM"/>
    <property name="file.encoding.pkg" value="sun.io"/>
    <property name="user.country" value="IN"/>
    <property name="sun.java.launcher" value="SUN_STANDARD"/>
    <property name="sun.os.patch.level" value="unknown"/>
    <property name="java.vm.specification.name" value="Java Virtual Machine Specification"/>
    <property name="user.dir" value="/home/prashantsingh/Desktop/STS_Workspace/scdfdemo"/>
    <property name="java.runtime.version" value="1.8.0_201-b09"/>
    <property name="java.awt.graphicsenv" value="sun.awt.X11GraphicsEnvironment"/>
    <property name="java.endorsed.dirs" value="/usr/lib/jvm/java-8-oracle/jre/lib/endorsed"/>
    <property name="os.arch" value="amd64"/>
    <property name="java.io.tmpdir" value="/tmp"/>
    <property name="line.separator" value="&#10;"/>
    <property name="java.vm.specification.vendor" value="Oracle Corporation"/>
    <property name="os.name" value="Linux"/>
    <property name="classworlds.conf" value="/home/prashantsingh/Documents/Spring_Workspace/.metadata/.plugins/org.eclipse.m2e.launching/launches/m2conf228278554066491294.tmp"/>
    <property name="sun.jnu.encoding" value="UTF-8"/>
    <property name="java.library.path" value="/usr/java/packages/lib/amd64:/usr/lib64:/lib64:/lib:/usr/lib"/>
    <property name="java.specification.name" value="Java Platform API Specification"/>
    <property name="java.class.version" value="52.0"/>
    <property name="sun.management.compiler" value="HotSpot 64-Bit Tiered Compilers"/>
    <property name="os.version" value="4.15.0-47-generic"/>
    <property name="user.home" value="/home/prashantsingh"/>
    <property name="user.timezone" value="Asia/Kolkata"/>
    <property name="java.awt.printerjob" value="sun.print.PSPrinterJob"/>
    <property name="java.specification.version" value="1.8"/>
    <property name="file.encoding" value="UTF-8"/>
    <property name="user.name" value="prashantsingh"/>
    <property name="java.class.path" value="/home/prashantsingh/Desktop/spring-tool-suite-4-4.1.2.RELEASE-e4.10.0-linux.gtk.x86_64/sts-4.1.2.RELEASE/plugins/org.eclipse.m2e.maven.runtime_1.11.0.20190220-2117/jars/plexus-classworlds-2.5.2.jar"/>
    <property name="java.vm.specification.version" value="1.8"/>
    <property name="sun.arch.data.model" value="64"/>
    <property name="java.home" value="/usr/lib/jvm/java-8-oracle/jre"/>
    <property name="sun.java.command" value="org.codehaus.plexus.classworlds.launcher.Launcher -B package"/>
    <property name="java.specification.vendor" value="Oracle Corporation"/>
    <property name="user.language" value="en"/>
    <property name="awt.toolkit" value="sun.awt.X11.XToolkit"/>
    <property name="java.vm.info" value="mixed mode"/>
    <property name="java.version" value="1.8.0_201"/>
    <property name="java.ext.dirs" value="/usr/lib/jvm/java-8-oracle/jre/lib/ext:/usr/java/packages/lib/ext"/>
    <property name="securerandom.source" value="file:/dev/./urandom"/>
    <property name="sun.boot.class.path" value="/usr/lib/jvm/java-8-oracle/jre/lib/resources.jar:/usr/lib/jvm/java-8-oracle/jre/lib/rt.jar:/usr/lib/jvm/java-8-oracle/jre/lib/sunrsasign.jar:/usr/lib/jvm/java-8-oracle/jre/lib/jsse.jar:/usr/lib/jvm/java-8-oracle/jre/lib/jce.jar:/usr/lib/jvm/java-8-oracle/jre/lib/charsets.jar:/usr/lib/jvm/java-8-oracle/jre/lib/jfr.jar:/usr/lib/jvm/java-8-oracle/jre/classes"/>
    <property name="java.vendor" value="Oracle Corporation"/>
    <property name="maven.home" value="/home/prashantsingh/Desktop/STS_Workspace/scdfdemo/EMBEDDED"/>
    <property name="file.separator" value="/"/>
    <property name="java.vendor.url.bug" value="http://bugreport.sun.com/bugreport/"/>
    <property name="sun.cpu.endian" value="little"/>
    <property name="sun.io.unicode.encoding" value="UnicodeLittle"/>
    <property name="sun.desktop" value="gnome"/>
    <property name="sun.cpu.isalist" value=""/>
  </properties>
  <testcase name="contextLoads" classname="com.scdfdemo.scdfdemo.ScdfdemoApplicationTests" time="0.041">
    <error message="Failed to load ApplicationContext" type="java.lang.IllegalStateException"><![CDATA[java.lang.IllegalStateException: Failed to load ApplicationContext
	at org.springframework.test.context.cache.DefaultCacheAwareContextLoaderDelegate.loadContext(DefaultCacheAwareContextLoaderDelegate.java:124)
	at org.springframework.test.context.support.DefaultTestContext.getApplicationContext(DefaultTestContext.java:83)
	at org.springframework.test.context.web.ServletTestExecutionListener.setUpRequestContextIfNecessary(ServletTestExecutionListener.java:189)
	at org.springframework.test.context.web.ServletTestExecutionListener.prepareTestInstance(ServletTestExecutionListener.java:131)
	at org.springframework.test.context.TestContextManager.prepareTestInstance(TestContextManager.java:230)
	at org.springframework.test.context.junit4.SpringJUnit4ClassRunner.createTest(SpringJUnit4ClassRunner.java:228)
	at org.springframework.test.context.junit4.SpringJUnit4ClassRunner$1.runReflectiveCall(SpringJUnit4ClassRunner.java:287)
	at org.junit.internal.runners.model.ReflectiveCallable.run(ReflectiveCallable.java:12)
	at org.springframework.test.context.junit4.SpringJUnit4ClassRunner.methodBlock(SpringJUnit4ClassRunner.java:289)
	at org.springframework.test.context.junit4.SpringJUnit4ClassRunner.runChild(SpringJUnit4ClassRunner.java:247)
	at org.springframework.test.context.junit4.SpringJUnit4ClassRunner.runChild(SpringJUnit4ClassRunner.java:94)
	at org.junit.runners.ParentRunner$3.run(ParentRunner.java:290)
	at org.junit.runners.ParentRunner$1.schedule(ParentRunner.java:71)
	at org.junit.runners.ParentRunner.runChildren(ParentRunner.java:288)
	at org.junit.runners.ParentRunner.access$000(ParentRunner.java:58)
	at org.junit.runners.ParentRunner$2.evaluate(ParentRunner.java:268)
	at org.springframework.test.context.junit4.statements.RunBeforeTestClassCallbacks.evaluate(RunBeforeTestClassCallbacks.java:61)
	at org.springframework.test.context.junit4.statements.RunAfterTestClassCallbacks.evaluate(RunAfterTestClassCallbacks.java:70)
	at org.junit.runners.ParentRunner.run(ParentRunner.java:363)
	at org.springframework.test.context.junit4.SpringJUnit4ClassRunner.run(SpringJUnit4ClassRunner.java:191)
	at org.apache.maven.surefire.junit4.JUnit4Provider.execute(JUnit4Provider.java:283)
	at org.apache.maven.surefire.junit4.JUnit4Provider.executeWithRerun(JUnit4Provider.java:173)
	at org.apache.maven.surefire.junit4.JUnit4Provider.executeTestSet(JUnit4Provider.java:153)
	at org.apache.maven.surefire.junit4.JUnit4Provider.invoke(JUnit4Provider.java:128)
	at org.apache.maven.surefire.booter.ForkedBooter.invokeProviderInSameClassLoader(ForkedBooter.java:203)
	at org.apache.maven.surefire.booter.ForkedBooter.runSuitesInProcess(ForkedBooter.java:155)
	at org.apache.maven.surefire.booter.ForkedBooter.main(ForkedBooter.java:103)
Caused by: org.springframework.beans.factory.UnsatisfiedDependencyException: Error creating bean with name 'entityManagerFactory' defined in class path resource [org/springframework/boot/autoconfigure/orm/jpa/HibernateJpaAutoConfiguration.class]: Unsatisfied dependency expressed through method 'entityManagerFactory' parameter 0; nested exception is org.springframework.beans.factory.UnsatisfiedDependencyException: Error creating bean with name 'entityManagerFactoryBuilder' defined in class path resource [org/springframework/boot/autoconfigure/orm/jpa/HibernateJpaAutoConfiguration.class]: Unsatisfied dependency expressed through method 'entityManagerFactoryBuilder' parameter 0; nested exception is org.springframework.beans.factory.BeanCreationException: Error creating bean with name 'jpaVendorAdapter' defined in class path resource [org/springframework/boot/autoconfigure/orm/jpa/HibernateJpaAutoConfiguration.class]: Bean instantiation via factory method failed; nested exception is org.springframework.beans.BeanInstantiationException: Failed to instantiate [org.springframework.orm.jpa.JpaVendorAdapter]: Factory method 'jpaVendorAdapter' threw exception; nested exception is com.zaxxer.hikari.pool.HikariPool$PoolInitializationException: Failed to initialize pool: Connection is broken: "java.net.ConnectException: Connection refused (Connection refused): localhost:19092" [90067-197]
	at org.springframework.beans.factory.support.ConstructorResolver.createArgumentArray(ConstructorResolver.java:749)
	at org.springframework.beans.factory.support.ConstructorResolver.instantiateUsingFactoryMethod(ConstructorResolver.java:467)
	at org.springframework.beans.factory.support.AbstractAutowireCapableBeanFactory.instantiateUsingFactoryMethod(AbstractAutowireCapableBeanFactory.java:1178)
	at org.springframework.beans.factory.support.AbstractAutowireCapableBeanFactory.createBeanInstance(AbstractAutowireCapableBeanFactory.java:1072)
	at org.springframework.beans.factory.support.AbstractAutowireCapableBeanFactory.doCreateBean(AbstractAutowireCapableBeanFactory.java:511)
	at org.springframework.beans.factory.support.AbstractAutowireCapableBeanFactory.createBean(AbstractAutowireCapableBeanFactory.java:481)
	at org.springframework.beans.factory.support.AbstractBeanFactory$1.getObject(AbstractBeanFactory.java:312)
	at org.springframework.beans.factory.support.DefaultSingletonBeanRegistry.getSingleton(DefaultSingletonBeanRegistry.java:230)
	at org.springframework.beans.factory.support.AbstractBeanFactory.doGetBean(AbstractBeanFactory.java:308)
	at org.springframework.beans.factory.support.AbstractBeanFactory.getBean(AbstractBeanFactory.java:197)
	at org.springframework.context.support.AbstractApplicationContext.getBean(AbstractApplicationContext.java:1080)
	at org.springframework.context.support.AbstractApplicationContext.finishBeanFactoryInitialization(AbstractApplicationContext.java:857)
	at org.springframework.context.support.AbstractApplicationContext.refresh(AbstractApplicationContext.java:543)
	at org.springframework.boot.SpringApplication.refresh(SpringApplication.java:693)
	at org.springframework.boot.SpringApplication.refreshContext(SpringApplication.java:360)
	at org.springframework.boot.SpringApplication.run(SpringApplication.java:303)
	at org.springframework.boot.test.context.SpringBootContextLoader.loadContext(SpringBootContextLoader.java:121)
	at org.springframework.test.context.cache.DefaultCacheAwareContextLoaderDelegate.loadContextInternal(DefaultCacheAwareContextLoaderDelegate.java:98)
	at org.springframework.test.context.cache.DefaultCacheAwareContextLoaderDelegate.loadContext(DefaultCacheAwareContextLoaderDelegate.java:116)
	at org.springframework.test.context.support.DefaultTestContext.getApplicationContext(DefaultTestContext.java:83)
	at org.springframework.test.context.web.ServletTestExecutionListener.setUpRequestContextIfNecessary(ServletTestExecutionListener.java:189)
	at org.springframework.test.context.web.ServletTestExecutionListener.prepareTestInstance(ServletTestExecutionListener.java:131)
	at org.springframework.test.context.TestContextManager.prepareTestInstance(TestContextManager.java:230)
	at org.springframework.test.context.junit4.SpringJUnit4ClassRunner.createTest(SpringJUnit4ClassRunner.java:228)
	at org.springframework.test.context.junit4.SpringJUnit4ClassRunner$1.runReflectiveCall(SpringJUnit4ClassRunner.java:287)
	at org.junit.internal.runners.model.ReflectiveCallable.run(ReflectiveCallable.java:12)
	at org.springframework.test.context.junit4.SpringJUnit4ClassRunner.methodBlock(SpringJUnit4ClassRunner.java:289)
	at org.springframework.test.context.junit4.SpringJUnit4ClassRunner.runChild(SpringJUnit4ClassRunner.java:247)
	at org.springframework.test.context.junit4.SpringJUnit4ClassRunner.runChild(SpringJUnit4ClassRunner.java:94)
	at org.junit.runners.ParentRunner$3.run(ParentRunner.java:290)
	at org.junit.runners.ParentRunner$1.schedule(ParentRunner.java:71)
	at org.junit.runners.ParentRunner.runChildren(ParentRunner.java:288)
	at org.junit.runners.ParentRunner.access$000(ParentRunner.java:58)
	at org.junit.runners.ParentRunner$2.evaluate(ParentRunner.java:268)
	at org.springframework.test.context.junit4.statements.RunBeforeTestClassCallbacks.evaluate(RunBeforeTestClassCallbacks.java:61)
	at org.springframework.test.context.junit4.statements.RunAfterTestClassCallbacks.evaluate(RunAfterTestClassCallbacks.java:70)
	at org.junit.runners.ParentRunner.run(ParentRunner.java:363)
	at org.springframework.test.context.junit4.SpringJUnit4ClassRunner.run(SpringJUnit4ClassRunner.java:191)
	at org.apache.maven.surefire.junit4.JUnit4Provider.execute(JUnit4Provider.java:283)
	at org.apache.maven.surefire.junit4.JUnit4Provider.executeWithRerun(JUnit4Provider.java:173)
	at org.apache.maven.surefire.junit4.JUnit4Provider.executeTestSet(JUnit4Provider.java:153)
	at org.apache.maven.surefire.junit4.JUnit4Provider.invoke(JUnit4Provider.java:128)
	at org.apache.maven.surefire.booter.ForkedBooter.invokeProviderInSameClassLoader(ForkedBooter.java:203)
	at org.apache.maven.surefire.booter.ForkedBooter.runSuitesInProcess(ForkedBooter.java:155)
	at org.apache.maven.surefire.booter.ForkedBooter.main(ForkedBooter.java:103)
Caused by: org.springframework.beans.factory.UnsatisfiedDependencyException: Error creating bean with name 'entityManagerFactoryBuilder' defined in class path resource [org/springframework/boot/autoconfigure/orm/jpa/HibernateJpaAutoConfiguration.class]: Unsatisfied dependency expressed through method 'entityManagerFactoryBuilder' parameter 0; nested exception is org.springframework.beans.factory.BeanCreationException: Error creating bean with name 'jpaVendorAdapter' defined in class path resource [org/springframework/boot/autoconfigure/orm/jpa/HibernateJpaAutoConfiguration.class]: Bean instantiation via factory method failed; nested exception is org.springframework.beans.BeanInstantiationException: Failed to instantiate [org.springframework.orm.jpa.JpaVendorAdapter]: Factory method 'jpaVendorAdapter' threw exception; nested exception is com.zaxxer.hikari.pool.HikariPool$PoolInitializationException: Failed to initialize pool: Connection is broken: "java.net.ConnectException: Connection refused (Connection refused): localhost:19092" [90067-197]
	at org.springframework.beans.factory.support.ConstructorResolver.createArgumentArray(ConstructorResolver.java:749)
	at org.springframework.beans.factory.support.ConstructorResolver.instantiateUsingFactoryMethod(ConstructorResolver.java:467)
	at org.springframework.beans.factory.support.AbstractAutowireCapableBeanFactory.instantiateUsingFactoryMethod(AbstractAutowireCapableBeanFactory.java:1178)
	at org.springframework.beans.factory.support.AbstractAutowireCapableBeanFactory.createBeanInstance(AbstractAutowireCapableBeanFactory.java:1072)
	at org.springframework.beans.factory.support.AbstractAutowireCapableBeanFactory.doCreateBean(AbstractAutowireCapableBeanFactory.java:511)
	at org.springframework.beans.factory.support.AbstractAutowireCapableBeanFactory.createBean(AbstractAutowireCapableBeanFactory.java:481)
	at org.springframework.beans.factory.support.AbstractBeanFactory$1.getObject(AbstractBeanFactory.java:312)
	at org.springframework.beans.factory.support.DefaultSingletonBeanRegistry.getSingleton(DefaultSingletonBeanRegistry.java:230)
	at org.springframework.beans.factory.support.AbstractBeanFactory.doGetBean(AbstractBeanFactory.java:308)
	at org.springframework.beans.factory.support.AbstractBeanFactory.getBean(AbstractBeanFactory.java:202)
	at org.springframework.beans.factory.config.DependencyDescriptor.resolveCandidate(DependencyDescriptor.java:208)
	at org.springframework.beans.factory.support.DefaultListableBeanFactory.doResolveDependency(DefaultListableBeanFactory.java:1136)
	at org.springframework.beans.factory.support.DefaultListableBeanFactory.resolveDependency(DefaultListableBeanFactory.java:1064)
	at org.springframework.beans.factory.support.ConstructorResolver.resolveAutowiredArgument(ConstructorResolver.java:835)
	at org.springframework.beans.factory.support.ConstructorResolver.createArgumentArray(ConstructorResolver.java:741)
	at org.springframework.beans.factory.support.ConstructorResolver.instantiateUsingFactoryMethod(ConstructorResolver.java:467)
	at org.springframework.beans.factory.support.AbstractAutowireCapableBeanFactory.instantiateUsingFactoryMethod(AbstractAutowireCapableBeanFactory.java:1178)
	at org.springframework.beans.factory.support.AbstractAutowireCapableBeanFactory.createBeanInstance(AbstractAutowireCapableBeanFactory.java:1072)
	at org.springframework.beans.factory.support.AbstractAutowireCapableBeanFactory.doCreateBean(AbstractAutowireCapableBeanFactory.java:511)
	at org.springframework.beans.factory.support.AbstractAutowireCapableBeanFactory.createBean(AbstractAutowireCapableBeanFactory.java:481)
	at org.springframework.beans.factory.support.AbstractBeanFactory$1.getObject(AbstractBeanFactory.java:312)
	at org.springframework.beans.factory.support.DefaultSingletonBeanRegistry.getSingleton(DefaultSingletonBeanRegistry.java:230)
	at org.springframework.beans.factory.support.AbstractBeanFactory.doGetBean(AbstractBeanFactory.java:308)
	at org.springframework.beans.factory.support.AbstractBeanFactory.getBean(AbstractBeanFactory.java:197)
	at org.springframework.context.support.AbstractApplicationContext.getBean(AbstractApplicationContext.java:1080)
	at org.springframework.context.support.AbstractApplicationContext.finishBeanFactoryInitialization(AbstractApplicationContext.java:857)
	at org.springframework.context.support.AbstractApplicationContext.refresh(AbstractApplicationContext.java:543)
	at org.springframework.boot.SpringApplication.refresh(SpringApplication.java:693)
	at org.springframework.boot.SpringApplication.refreshContext(SpringApplication.java:360)
	at org.springframework.boot.SpringApplication.run(SpringApplication.java:303)
	at org.springframework.boot.test.context.SpringBootContextLoader.loadContext(SpringBootContextLoader.java:121)
	at org.springframework.test.context.cache.DefaultCacheAwareContextLoaderDelegate.loadContextInternal(DefaultCacheAwareContextLoaderDelegate.java:98)
	at org.springframework.test.context.cache.DefaultCacheAwareContextLoaderDelegate.loadContext(DefaultCacheAwareContextLoaderDelegate.java:116)
	at org.springframework.test.context.support.DefaultTestContext.getApplicationContext(DefaultTestContext.java:83)
	at org.springframework.test.context.web.ServletTestExecutionListener.setUpRequestContextIfNecessary(ServletTestExecutionListener.java:189)
	at org.springframework.test.context.web.ServletTestExecutionListener.prepareTestInstance(ServletTestExecutionListener.java:131)
	at org.springframework.test.context.TestContextManager.prepareTestInstance(TestContextManager.java:230)
	at org.springframework.test.context.junit4.SpringJUnit4ClassRunner.createTest(SpringJUnit4ClassRunner.java:228)
	at org.springframework.test.context.junit4.SpringJUnit4ClassRunner$1.runReflectiveCall(SpringJUnit4ClassRunner.java:287)
	at org.junit.internal.runners.model.ReflectiveCallable.run(ReflectiveCallable.java:12)
	at org.springframework.test.context.junit4.SpringJUnit4ClassRunner.methodBlock(SpringJUnit4ClassRunner.java:289)
	at org.springframework.test.context.junit4.SpringJUnit4ClassRunner.runChild(SpringJUnit4ClassRunner.java:247)
	at org.springframework.test.context.junit4.SpringJUnit4ClassRunner.runChild(SpringJUnit4ClassRunner.java:94)
	at org.junit.runners.ParentRunner$3.run(ParentRunner.java:290)
	at org.junit.runners.ParentRunner$1.schedule(ParentRunner.java:71)
	at org.junit.runners.ParentRunner.runChildren(ParentRunner.java:288)
	at org.junit.runners.ParentRunner.access$000(ParentRunner.java:58)
	at org.junit.runners.ParentRunner$2.evaluate(ParentRunner.java:268)
	at org.springframework.test.context.junit4.statements.RunBeforeTestClassCallbacks.evaluate(RunBeforeTestClassCallbacks.java:61)
	at org.springframework.test.context.junit4.statements.RunAfterTestClassCallbacks.evaluate(RunAfterTestClassCallbacks.java:70)
	at org.junit.runners.ParentRunner.run(ParentRunner.java:363)
	at org.springframework.test.context.junit4.SpringJUnit4ClassRunner.run(SpringJUnit4ClassRunner.java:191)
	at org.apache.maven.surefire.junit4.JUnit4Provider.execute(JUnit4Provider.java:283)
	at org.apache.maven.surefire.junit4.JUnit4Provider.executeWithRerun(JUnit4Provider.java:173)
	at org.apache.maven.surefire.junit4.JUnit4Provider.executeTestSet(JUnit4Provider.java:153)
	at org.apache.maven.surefire.junit4.JUnit4Provider.invoke(JUnit4Provider.java:128)
	at org.apache.maven.surefire.booter.ForkedBooter.invokeProviderInSameClassLoader(ForkedBooter.java:203)
	at org.apache.maven.surefire.booter.ForkedBooter.runSuitesInProcess(ForkedBooter.java:155)
	at org.apache.maven.surefire.booter.ForkedBooter.main(ForkedBooter.java:103)
Caused by: org.springframework.beans.factory.BeanCreationException: Error creating bean with name 'jpaVendorAdapter' defined in class path resource [org/springframework/boot/autoconfigure/orm/jpa/HibernateJpaAutoConfiguration.class]: Bean instantiation via factory method failed; nested exception is org.springframework.beans.BeanInstantiationException: Failed to instantiate [org.springframework.orm.jpa.JpaVendorAdapter]: Factory method 'jpaVendorAdapter' threw exception; nested exception is com.zaxxer.hikari.pool.HikariPool$PoolInitializationException: Failed to initialize pool: Connection is broken: "java.net.ConnectException: Connection refused (Connection refused): localhost:19092" [90067-197]
	at org.springframework.beans.factory.support.ConstructorResolver.instantiateUsingFactoryMethod(ConstructorResolver.java:599)
	at org.springframework.beans.factory.support.AbstractAutowireCapableBeanFactory.instantiateUsingFactoryMethod(AbstractAutowireCapableBeanFactory.java:1178)
	at org.springframework.beans.factory.support.AbstractAutowireCapableBeanFactory.createBeanInstance(AbstractAutowireCapableBeanFactory.java:1072)
	at org.springframework.beans.factory.support.AbstractAutowireCapableBeanFactory.doCreateBean(AbstractAutowireCapableBeanFactory.java:511)
	at org.springframework.beans.factory.support.AbstractAutowireCapableBeanFactory.createBean(AbstractAutowireCapableBeanFactory.java:481)
	at org.springframework.beans.factory.support.AbstractBeanFactory$1.getObject(AbstractBeanFactory.java:312)
	at org.springframework.beans.factory.support.DefaultSingletonBeanRegistry.getSingleton(DefaultSingletonBeanRegistry.java:230)
	at org.springframework.beans.factory.support.AbstractBeanFactory.doGetBean(AbstractBeanFactory.java:308)
	at org.springframework.beans.factory.support.AbstractBeanFactory.getBean(AbstractBeanFactory.java:202)
	at org.springframework.beans.factory.config.DependencyDescriptor.resolveCandidate(DependencyDescriptor.java:208)
	at org.springframework.beans.factory.support.DefaultListableBeanFactory.doResolveDependency(DefaultListableBeanFactory.java:1136)
	at org.springframework.beans.factory.support.DefaultListableBeanFactory.resolveDependency(DefaultListableBeanFactory.java:1064)
	at org.springframework.beans.factory.support.ConstructorResolver.resolveAutowiredArgument(ConstructorResolver.java:835)
	at org.springframework.beans.factory.support.ConstructorResolver.createArgumentArray(ConstructorResolver.java:741)
	at org.springframework.beans.factory.support.ConstructorResolver.instantiateUsingFactoryMethod(ConstructorResolver.java:467)
	at org.springframework.beans.factory.support.AbstractAutowireCapableBeanFactory.instantiateUsingFactoryMethod(AbstractAutowireCapableBeanFactory.java:1178)
	at org.springframework.beans.factory.support.AbstractAutowireCapableBeanFactory.createBeanInstance(AbstractAutowireCapableBeanFactory.java:1072)
	at org.springframework.beans.factory.support.AbstractAutowireCapableBeanFactory.doCreateBean(AbstractAutowireCapableBeanFactory.java:511)
	at org.springframework.beans.factory.support.AbstractAutowireCapableBeanFactory.createBean(AbstractAutowireCapableBeanFactory.java:481)
	at org.springframework.beans.factory.support.AbstractBeanFactory$1.getObject(AbstractBeanFactory.java:312)
	at org.springframework.beans.factory.support.DefaultSingletonBeanRegistry.getSingleton(DefaultSingletonBeanRegistry.java:230)
	at org.springframework.beans.factory.support.AbstractBeanFactory.doGetBean(AbstractBeanFactory.java:308)
	at org.springframework.beans.factory.support.AbstractBeanFactory.getBean(AbstractBeanFactory.java:202)
	at org.springframework.beans.factory.config.DependencyDescriptor.resolveCandidate(DependencyDescriptor.java:208)
	at org.springframework.beans.factory.support.DefaultListableBeanFactory.doResolveDependency(DefaultListableBeanFactory.java:1136)
	at org.springframework.beans.factory.support.DefaultListableBeanFactory.resolveDependency(DefaultListableBeanFactory.java:1064)
	at org.springframework.beans.factory.support.ConstructorResolver.resolveAutowiredArgument(ConstructorResolver.java:835)
	at org.springframework.beans.factory.support.ConstructorResolver.createArgumentArray(ConstructorResolver.java:741)
	at org.springframework.beans.factory.support.ConstructorResolver.instantiateUsingFactoryMethod(ConstructorResolver.java:467)
	at org.springframework.beans.factory.support.AbstractAutowireCapableBeanFactory.instantiateUsingFactoryMethod(AbstractAutowireCapableBeanFactory.java:1178)
	at org.springframework.beans.factory.support.AbstractAutowireCapableBeanFactory.createBeanInstance(AbstractAutowireCapableBeanFactory.java:1072)
	at org.springframework.beans.factory.support.AbstractAutowireCapableBeanFactory.doCreateBean(AbstractAutowireCapableBeanFactory.java:511)
	at org.springframework.beans.factory.support.AbstractAutowireCapableBeanFactory.createBean(AbstractAutowireCapableBeanFactory.java:481)
	at org.springframework.beans.factory.support.AbstractBeanFactory$1.getObject(AbstractBeanFactory.java:312)
	at org.springframework.beans.factory.support.DefaultSingletonBeanRegistry.getSingleton(DefaultSingletonBeanRegistry.java:230)
	at org.springframework.beans.factory.support.AbstractBeanFactory.doGetBean(AbstractBeanFactory.java:308)
	at org.springframework.beans.factory.support.AbstractBeanFactory.getBean(AbstractBeanFactory.java:197)
	at org.springframework.context.support.AbstractApplicationContext.getBean(AbstractApplicationContext.java:1080)
	at org.springframework.context.support.AbstractApplicationContext.finishBeanFactoryInitialization(AbstractApplicationContext.java:857)
	at org.springframework.context.support.AbstractApplicationContext.refresh(AbstractApplicationContext.java:543)
	at org.springframework.boot.SpringApplication.refresh(SpringApplication.java:693)
	at org.springframework.boot.SpringApplication.refreshContext(SpringApplication.java:360)
	at org.springframework.boot.SpringApplication.run(SpringApplication.java:303)
	at org.springframework.boot.test.context.SpringBootContextLoader.loadContext(SpringBootContextLoader.java:121)
	at org.springframework.test.context.cache.DefaultCacheAwareContextLoaderDelegate.loadContextInternal(DefaultCacheAwareContextLoaderDelegate.java:98)
	at org.springframework.test.context.cache.DefaultCacheAwareContextLoaderDelegate.loadContext(DefaultCacheAwareContextLoaderDelegate.java:116)
	at org.springframework.test.context.support.DefaultTestContext.getApplicationContext(DefaultTestContext.java:83)
	at org.springframework.test.context.web.ServletTestExecutionListener.setUpRequestContextIfNecessary(ServletTestExecutionListener.java:189)
	at org.springframework.test.context.web.ServletTestExecutionListener.prepareTestInstance(ServletTestExecutionListener.java:131)
	at org.springframework.test.context.TestContextManager.prepareTestInstance(TestContextManager.java:230)
	at org.springframework.test.context.junit4.SpringJUnit4ClassRunner.createTest(SpringJUnit4ClassRunner.java:228)
	at org.springframework.test.context.junit4.SpringJUnit4ClassRunner$1.runReflectiveCall(SpringJUnit4ClassRunner.java:287)
	at org.junit.internal.runners.model.ReflectiveCallable.run(ReflectiveCallable.java:12)
	at org.springframework.test.context.junit4.SpringJUnit4ClassRunner.methodBlock(SpringJUnit4ClassRunner.java:289)
	at org.springframework.test.context.junit4.SpringJUnit4ClassRunner.runChild(SpringJUnit4ClassRunner.java:247)
	at org.springframework.test.context.junit4.SpringJUnit4ClassRunner.runChild(SpringJUnit4ClassRunner.java:94)
	at org.junit.runners.ParentRunner$3.run(ParentRunner.java:290)
	at org.junit.runners.ParentRunner$1.schedule(ParentRunner.java:71)
	at org.junit.runners.ParentRunner.runChildren(ParentRunner.java:288)
	at org.junit.runners.ParentRunner.access$000(ParentRunner.java:58)
	at org.junit.runners.ParentRunner$2.evaluate(ParentRunner.java:268)
	at org.springframework.test.context.junit4.statements.RunBeforeTestClassCallbacks.evaluate(RunBeforeTestClassCallbacks.java:61)
	at org.springframework.test.context.junit4.statements.RunAfterTestClassCallbacks.evaluate(RunAfterTestClassCallbacks.java:70)
	at org.junit.runners.ParentRunner.run(ParentRunner.java:363)
	at org.springframework.test.context.junit4.SpringJUnit4ClassRunner.run(SpringJUnit4ClassRunner.java:191)
	at org.apache.maven.surefire.junit4.JUnit4Provider.execute(JUnit4Provider.java:283)
	at org.apache.maven.surefire.junit4.JUnit4Provider.executeWithRerun(JUnit4Provider.java:173)
	at org.apache.maven.surefire.junit4.JUnit4Provider.executeTestSet(JUnit4Provider.java:153)
	at org.apache.maven.surefire.junit4.JUnit4Provider.invoke(JUnit4Provider.java:128)
	at org.apache.maven.surefire.booter.ForkedBooter.invokeProviderInSameClassLoader(ForkedBooter.java:203)
	at org.apache.maven.surefire.booter.ForkedBooter.runSuitesInProcess(ForkedBooter.java:155)
	at org.apache.maven.surefire.booter.ForkedBooter.main(ForkedBooter.java:103)
Caused by: org.springframework.beans.BeanInstantiationException: Failed to instantiate [org.springframework.orm.jpa.JpaVendorAdapter]: Factory method 'jpaVendorAdapter' threw exception; nested exception is com.zaxxer.hikari.pool.HikariPool$PoolInitializationException: Failed to initialize pool: Connection is broken: "java.net.ConnectException: Connection refused (Connection refused): localhost:19092" [90067-197]
	at org.springframework.beans.factory.support.SimpleInstantiationStrategy.instantiate(SimpleInstantiationStrategy.java:189)
	at org.springframework.beans.factory.support.ConstructorResolver.instantiateUsingFactoryMethod(ConstructorResolver.java:588)
	at org.springframework.beans.factory.support.AbstractAutowireCapableBeanFactory.instantiateUsingFactoryMethod(AbstractAutowireCapableBeanFactory.java:1178)
	at org.springframework.beans.factory.support.AbstractAutowireCapableBeanFactory.createBeanInstance(AbstractAutowireCapableBeanFactory.java:1072)
	at org.springframework.beans.factory.support.AbstractAutowireCapableBeanFactory.doCreateBean(AbstractAutowireCapableBeanFactory.java:511)
	at org.springframework.beans.factory.support.AbstractAutowireCapableBeanFactory.createBean(AbstractAutowireCapableBeanFactory.java:481)
	at org.springframework.beans.factory.support.AbstractBeanFactory$1.getObject(AbstractBeanFactory.java:312)
	at org.springframework.beans.factory.support.DefaultSingletonBeanRegistry.getSingleton(DefaultSingletonBeanRegistry.java:230)
	at org.springframework.beans.factory.support.AbstractBeanFactory.doGetBean(AbstractBeanFactory.java:308)
	at org.springframework.beans.factory.support.AbstractBeanFactory.getBean(AbstractBeanFactory.java:202)
	at org.springframework.beans.factory.config.DependencyDescriptor.resolveCandidate(DependencyDescriptor.java:208)
	at org.springframework.beans.factory.support.DefaultListableBeanFactory.doResolveDependency(DefaultListableBeanFactory.java:1136)
	at org.springframework.beans.factory.support.DefaultListableBeanFactory.resolveDependency(DefaultListableBeanFactory.java:1064)
	at org.springframework.beans.factory.support.ConstructorResolver.resolveAutowiredArgument(ConstructorResolver.java:835)
	at org.springframework.beans.factory.support.ConstructorResolver.createArgumentArray(ConstructorResolver.java:741)
	at org.springframework.beans.factory.support.ConstructorResolver.instantiateUsingFactoryMethod(ConstructorResolver.java:467)
	at org.springframework.beans.factory.support.AbstractAutowireCapableBeanFactory.instantiateUsingFactoryMethod(AbstractAutowireCapableBeanFactory.java:1178)
	at org.springframework.beans.factory.support.AbstractAutowireCapableBeanFactory.createBeanInstance(AbstractAutowireCapableBeanFactory.java:1072)
	at org.springframework.beans.factory.support.AbstractAutowireCapableBeanFactory.doCreateBean(AbstractAutowireCapableBeanFactory.java:511)
	at org.springframework.beans.factory.support.AbstractAutowireCapableBeanFactory.createBean(AbstractAutowireCapableBeanFactory.java:481)
	at org.springframework.beans.factory.support.AbstractBeanFactory$1.getObject(AbstractBeanFactory.java:312)
	at org.springframework.beans.factory.support.DefaultSingletonBeanRegistry.getSingleton(DefaultSingletonBeanRegistry.java:230)
	at org.springframework.beans.factory.support.AbstractBeanFactory.doGetBean(AbstractBeanFactory.java:308)
	at org.springframework.beans.factory.support.AbstractBeanFactory.getBean(AbstractBeanFactory.java:202)
	at org.springframework.beans.factory.config.DependencyDescriptor.resolveCandidate(DependencyDescriptor.java:208)
	at org.springframework.beans.factory.support.DefaultListableBeanFactory.doResolveDependency(DefaultListableBeanFactory.java:1136)
	at org.springframework.beans.factory.support.DefaultListableBeanFactory.resolveDependency(DefaultListableBeanFactory.java:1064)
	at org.springframework.beans.factory.support.ConstructorResolver.resolveAutowiredArgument(ConstructorResolver.java:835)
	at org.springframework.beans.factory.support.ConstructorResolver.createArgumentArray(ConstructorResolver.java:741)
	at org.springframework.beans.factory.support.ConstructorResolver.instantiateUsingFactoryMethod(ConstructorResolver.java:467)
	at org.springframework.beans.factory.support.AbstractAutowireCapableBeanFactory.instantiateUsingFactoryMethod(AbstractAutowireCapableBeanFactory.java:1178)
	at org.springframework.beans.factory.support.AbstractAutowireCapableBeanFactory.createBeanInstance(AbstractAutowireCapableBeanFactory.java:1072)
	at org.springframework.beans.factory.support.AbstractAutowireCapableBeanFactory.doCreateBean(AbstractAutowireCapableBeanFactory.java:511)
	at org.springframework.beans.factory.support.AbstractAutowireCapableBeanFactory.createBean(AbstractAutowireCapableBeanFactory.java:481)
	at org.springframework.beans.factory.support.AbstractBeanFactory$1.getObject(AbstractBeanFactory.java:312)
	at org.springframework.beans.factory.support.DefaultSingletonBeanRegistry.getSingleton(DefaultSingletonBeanRegistry.java:230)
	at org.springframework.beans.factory.support.AbstractBeanFactory.doGetBean(AbstractBeanFactory.java:308)
	at org.springframework.beans.factory.support.AbstractBeanFactory.getBean(AbstractBeanFactory.java:197)
	at org.springframework.context.support.AbstractApplicationContext.getBean(AbstractApplicationContext.java:1080)
	at org.springframework.context.support.AbstractApplicationContext.finishBeanFactoryInitialization(AbstractApplicationContext.java:857)
	at org.springframework.context.support.AbstractApplicationContext.refresh(AbstractApplicationContext.java:543)
	at org.springframework.boot.SpringApplication.refresh(SpringApplication.java:693)
	at org.springframework.boot.SpringApplication.refreshContext(SpringApplication.java:360)
	at org.springframework.boot.SpringApplication.run(SpringApplication.java:303)
	at org.springframework.boot.test.context.SpringBootContextLoader.loadContext(SpringBootContextLoader.java:121)
	at org.springframework.test.context.cache.DefaultCacheAwareContextLoaderDelegate.loadContextInternal(DefaultCacheAwareContextLoaderDelegate.java:98)
	at org.springframework.test.context.cache.DefaultCacheAwareContextLoaderDelegate.loadContext(DefaultCacheAwareContextLoaderDelegate.java:116)
	at org.springframework.test.context.support.DefaultTestContext.getApplicationContext(DefaultTestContext.java:83)
	at org.springframework.test.context.web.ServletTestExecutionListener.setUpRequestContextIfNecessary(ServletTestExecutionListener.java:189)
	at org.springframework.test.context.web.ServletTestExecutionListener.prepareTestInstance(ServletTestExecutionListener.java:131)
	at org.springframework.test.context.TestContextManager.prepareTestInstance(TestContextManager.java:230)
	at org.springframework.test.context.junit4.SpringJUnit4ClassRunner.createTest(SpringJUnit4ClassRunner.java:228)
	at org.springframework.test.context.junit4.SpringJUnit4ClassRunner$1.runReflectiveCall(SpringJUnit4ClassRunner.java:287)
	at org.junit.internal.runners.model.ReflectiveCallable.run(ReflectiveCallable.java:12)
	at org.springframework.test.context.junit4.SpringJUnit4ClassRunner.methodBlock(SpringJUnit4ClassRunner.java:289)
	at org.springframework.test.context.junit4.SpringJUnit4ClassRunner.runChild(SpringJUnit4ClassRunner.java:247)
	at org.springframework.test.context.junit4.SpringJUnit4ClassRunner.runChild(SpringJUnit4ClassRunner.java:94)
	at org.junit.runners.ParentRunner$3.run(ParentRunner.java:290)
	at org.junit.runners.ParentRunner$1.schedule(ParentRunner.java:71)
	at org.junit.runners.ParentRunner.runChildren(ParentRunner.java:288)
	at org.junit.runners.ParentRunner.access$000(ParentRunner.java:58)
	at org.junit.runners.ParentRunner$2.evaluate(ParentRunner.java:268)
	at org.springframework.test.context.junit4.statements.RunBeforeTestClassCallbacks.evaluate(RunBeforeTestClassCallbacks.java:61)
	at org.springframework.test.context.junit4.statements.RunAfterTestClassCallbacks.evaluate(RunAfterTestClassCallbacks.java:70)
	at org.junit.runners.ParentRunner.run(ParentRunner.java:363)
	at org.springframework.test.context.junit4.SpringJUnit4ClassRunner.run(SpringJUnit4ClassRunner.java:191)
	at org.apache.maven.surefire.junit4.JUnit4Provider.execute(JUnit4Provider.java:283)
	at org.apache.maven.surefire.junit4.JUnit4Provider.executeWithRerun(JUnit4Provider.java:173)
	at org.apache.maven.surefire.junit4.JUnit4Provider.executeTestSet(JUnit4Provider.java:153)
	at org.apache.maven.surefire.junit4.JUnit4Provider.invoke(JUnit4Provider.java:128)
	at org.apache.maven.surefire.booter.ForkedBooter.invokeProviderInSameClassLoader(ForkedBooter.java:203)
	at org.apache.maven.surefire.booter.ForkedBooter.runSuitesInProcess(ForkedBooter.java:155)
	at org.apache.maven.surefire.booter.ForkedBooter.main(ForkedBooter.java:103)
Caused by: com.zaxxer.hikari.pool.HikariPool$PoolInitializationException: Failed to initialize pool: Connection is broken: "java.net.ConnectException: Connection refused (Connection refused): localhost:19092" [90067-197]
	at com.zaxxer.hikari.pool.HikariPool.checkFailFast(HikariPool.java:512)
	at com.zaxxer.hikari.pool.HikariPool.<init>(HikariPool.java:105)
	at com.zaxxer.hikari.HikariDataSource.getConnection(HikariDataSource.java:94)
	at org.springframework.jdbc.datasource.DataSourceUtils.doGetConnection(DataSourceUtils.java:111)
	at org.springframework.jdbc.datasource.DataSourceUtils.getConnection(DataSourceUtils.java:77)
	at org.springframework.jdbc.support.JdbcUtils.extractDatabaseMetaData(JdbcUtils.java:326)
	at org.springframework.jdbc.support.JdbcUtils.extractDatabaseMetaData(JdbcUtils.java:366)
	at org.springframework.boot.autoconfigure.orm.jpa.DatabaseLookup.getDatabase(DatabaseLookup.java:72)
	at org.springframework.boot.autoconfigure.orm.jpa.JpaProperties.determineDatabase(JpaProperties.java:139)
	at org.springframework.boot.autoconfigure.orm.jpa.JpaBaseConfiguration.jpaVendorAdapter(JpaBaseConfiguration.java:105)
	at org.springframework.boot.autoconfigure.orm.jpa.HibernateJpaAutoConfiguration$$EnhancerBySpringCGLIB$$87588728.CGLIB$jpaVendorAdapter$3(<generated>)
	at org.springframework.boot.autoconfigure.orm.jpa.HibernateJpaAutoConfiguration$$EnhancerBySpringCGLIB$$87588728$$FastClassBySpringCGLIB$$76f7c1a5.invoke(<generated>)
	at org.springframework.cglib.proxy.MethodProxy.invokeSuper(MethodProxy.java:228)
	at org.springframework.context.annotation.ConfigurationClassEnhancer$BeanMethodInterceptor.intercept(ConfigurationClassEnhancer.java:358)
	at org.springframework.boot.autoconfigure.orm.jpa.HibernateJpaAutoConfiguration$$EnhancerBySpringCGLIB$$87588728.jpaVendorAdapter(<generated>)
	at sun.reflect.NativeMethodAccessorImpl.invoke0(Native Method)
	at sun.reflect.NativeMethodAccessorImpl.invoke(NativeMethodAccessorImpl.java:62)
	at sun.reflect.DelegatingMethodAccessorImpl.invoke(DelegatingMethodAccessorImpl.java:43)
	at java.lang.reflect.Method.invoke(Method.java:498)
	at org.springframework.beans.factory.support.SimpleInstantiationStrategy.instantiate(SimpleInstantiationStrategy.java:162)
	at org.springframework.beans.factory.support.ConstructorResolver.instantiateUsingFactoryMethod(ConstructorResolver.java:588)
	at org.springframework.beans.factory.support.AbstractAutowireCapableBeanFactory.instantiateUsingFactoryMethod(AbstractAutowireCapableBeanFactory.java:1178)
	at org.springframework.beans.factory.support.AbstractAutowireCapableBeanFactory.createBeanInstance(AbstractAutowireCapableBeanFactory.java:1072)
	at org.springframework.beans.factory.support.AbstractAutowireCapableBeanFactory.doCreateBean(AbstractAutowireCapableBeanFactory.java:511)
	at org.springframework.beans.factory.support.AbstractAutowireCapableBeanFactory.createBean(AbstractAutowireCapableBeanFactory.java:481)
	at org.springframework.beans.factory.support.AbstractBeanFactory$1.getObject(AbstractBeanFactory.java:312)
	at org.springframework.beans.factory.support.DefaultSingletonBeanRegistry.getSingleton(DefaultSingletonBeanRegistry.java:230)
	at org.springframework.beans.factory.support.AbstractBeanFactory.doGetBean(AbstractBeanFactory.java:308)
	at org.springframework.beans.factory.support.AbstractBeanFactory.getBean(AbstractBeanFactory.java:202)
	at org.springframework.beans.factory.config.DependencyDescriptor.resolveCandidate(DependencyDescriptor.java:208)
	at org.springframework.beans.factory.support.DefaultListableBeanFactory.doResolveDependency(DefaultListableBeanFactory.java:1136)
	at org.springframework.beans.factory.support.DefaultListableBeanFactory.resolveDependency(DefaultListableBeanFactory.java:1064)
	at org.springframework.beans.factory.support.ConstructorResolver.resolveAutowiredArgument(ConstructorResolver.java:835)
	at org.springframework.beans.factory.support.ConstructorResolver.createArgumentArray(ConstructorResolver.java:741)
	at org.springframework.beans.factory.support.ConstructorResolver.instantiateUsingFactoryMethod(ConstructorResolver.java:467)
	at org.springframework.beans.factory.support.AbstractAutowireCapableBeanFactory.instantiateUsingFactoryMethod(AbstractAutowireCapableBeanFactory.java:1178)
	at org.springframework.beans.factory.support.AbstractAutowireCapableBeanFactory.createBeanInstance(AbstractAutowireCapableBeanFactory.java:1072)
	at org.springframework.beans.factory.support.AbstractAutowireCapableBeanFactory.doCreateBean(AbstractAutowireCapableBeanFactory.java:511)
	at org.springframework.beans.factory.support.AbstractAutowireCapableBeanFactory.createBean(AbstractAutowireCapableBeanFactory.java:481)
	at org.springframework.beans.factory.support.AbstractBeanFactory$1.getObject(AbstractBeanFactory.java:312)
	at org.springframework.beans.factory.support.DefaultSingletonBeanRegistry.getSingleton(DefaultSingletonBeanRegistry.java:230)
	at org.springframework.beans.factory.support.AbstractBeanFactory.doGetBean(AbstractBeanFactory.java:308)
	at org.springframework.beans.factory.support.AbstractBeanFactory.getBean(AbstractBeanFactory.java:202)
	at org.springframework.beans.factory.config.DependencyDescriptor.resolveCandidate(DependencyDescriptor.java:208)
	at org.springframework.beans.factory.support.DefaultListableBeanFactory.doResolveDependency(DefaultListableBeanFactory.java:1136)
	at org.springframework.beans.factory.support.DefaultListableBeanFactory.resolveDependency(DefaultListableBeanFactory.java:1064)
	at org.springframework.beans.factory.support.ConstructorResolver.resolveAutowiredArgument(ConstructorResolver.java:835)
	at org.springframework.beans.factory.support.ConstructorResolver.createArgumentArray(ConstructorResolver.java:741)
	at org.springframework.beans.factory.support.ConstructorResolver.instantiateUsingFactoryMethod(ConstructorResolver.java:467)
	at org.springframework.beans.factory.support.AbstractAutowireCapableBeanFactory.instantiateUsingFactoryMethod(AbstractAutowireCapableBeanFactory.java:1178)
	at org.springframework.beans.factory.support.AbstractAutowireCapableBeanFactory.createBeanInstance(AbstractAutowireCapableBeanFactory.java:1072)
	at org.springframework.beans.factory.support.AbstractAutowireCapableBeanFactory.doCreateBean(AbstractAutowireCapableBeanFactory.java:511)
	at org.springframework.beans.factory.support.AbstractAutowireCapableBeanFactory.createBean(AbstractAutowireCapableBeanFactory.java:481)
	at org.springframework.beans.factory.support.AbstractBeanFactory$1.getObject(AbstractBeanFactory.java:312)
	at org.springframework.beans.factory.support.DefaultSingletonBeanRegistry.getSingleton(DefaultSingletonBeanRegistry.java:230)
	at org.springframework.beans.factory.support.AbstractBeanFactory.doGetBean(AbstractBeanFactory.java:308)
	at org.springframework.beans.factory.support.AbstractBeanFactory.getBean(AbstractBeanFactory.java:197)
	at org.springframework.context.support.AbstractApplicationContext.getBean(AbstractApplicationContext.java:1080)
	at org.springframework.context.support.AbstractApplicationContext.finishBeanFactoryInitialization(AbstractApplicationContext.java:857)
	at org.springframework.context.support.AbstractApplicationContext.refresh(AbstractApplicationContext.java:543)
	at org.springframework.boot.SpringApplication.refresh(SpringApplication.java:693)
	at org.springframework.boot.SpringApplication.refreshContext(SpringApplication.java:360)
	at org.springframework.boot.SpringApplication.run(SpringApplication.java:303)
	at org.springframework.boot.test.context.SpringBootContextLoader.loadContext(SpringBootContextLoader.java:121)
	at org.springframework.test.context.cache.DefaultCacheAwareContextLoaderDelegate.loadContextInternal(DefaultCacheAwareContextLoaderDelegate.java:98)
	at org.springframework.test.context.cache.DefaultCacheAwareContextLoaderDelegate.loadContext(DefaultCacheAwareContextLoaderDelegate.java:116)
	at org.springframework.test.context.support.DefaultTestContext.getApplicationContext(DefaultTestContext.java:83)
	at org.springframework.test.context.web.ServletTestExecutionListener.setUpRequestContextIfNecessary(ServletTestExecutionListener.java:189)
	at org.springframework.test.context.web.ServletTestExecutionListener.prepareTestInstance(ServletTestExecutionListener.java:131)
	at org.springframework.test.context.TestContextManager.prepareTestInstance(TestContextManager.java:230)
	at org.springframework.test.context.junit4.SpringJUnit4ClassRunner.createTest(SpringJUnit4ClassRunner.java:228)
	at org.springframework.test.context.junit4.SpringJUnit4ClassRunner$1.runReflectiveCall(SpringJUnit4ClassRunner.java:287)
	at org.junit.internal.runners.model.ReflectiveCallable.run(ReflectiveCallable.java:12)
	at org.springframework.test.context.junit4.SpringJUnit4ClassRunner.methodBlock(SpringJUnit4ClassRunner.java:289)
	at org.springframework.test.context.junit4.SpringJUnit4ClassRunner.runChild(SpringJUnit4ClassRunner.java:247)
	at org.springframework.test.context.junit4.SpringJUnit4ClassRunner.runChild(SpringJUnit4ClassRunner.java:94)
	at org.junit.runners.ParentRunner$3.run(ParentRunner.java:290)
	at org.junit.runners.ParentRunner$1.schedule(ParentRunner.java:71)
	at org.junit.runners.ParentRunner.runChildren(ParentRunner.java:288)
	at org.junit.runners.ParentRunner.access$000(ParentRunner.java:58)
	at org.junit.runners.ParentRunner$2.evaluate(ParentRunner.java:268)
	at org.springframework.test.context.junit4.statements.RunBeforeTestClassCallbacks.evaluate(RunBeforeTestClassCallbacks.java:61)
	at org.springframework.test.context.junit4.statements.RunAfterTestClassCallbacks.evaluate(RunAfterTestClassCallbacks.java:70)
	at org.junit.runners.ParentRunner.run(ParentRunner.java:363)
	at org.springframework.test.context.junit4.SpringJUnit4ClassRunner.run(SpringJUnit4ClassRunner.java:191)
	at org.apache.maven.surefire.junit4.JUnit4Provider.execute(JUnit4Provider.java:283)
	at org.apache.maven.surefire.junit4.JUnit4Provider.executeWithRerun(JUnit4Provider.java:173)
	at org.apache.maven.surefire.junit4.JUnit4Provider.executeTestSet(JUnit4Provider.java:153)
	at org.apache.maven.surefire.junit4.JUnit4Provider.invoke(JUnit4Provider.java:128)
	at org.apache.maven.surefire.booter.ForkedBooter.invokeProviderInSameClassLoader(ForkedBooter.java:203)
	at org.apache.maven.surefire.booter.ForkedBooter.runSuitesInProcess(ForkedBooter.java:155)
	at org.apache.maven.surefire.booter.ForkedBooter.main(ForkedBooter.java:103)
Caused by: org.h2.jdbc.JdbcSQLException: Connection is broken: "java.net.ConnectException: Connection refused (Connection refused): localhost:19092" [90067-197]
	at org.h2.message.DbException.getJdbcSQLException(DbException.java:357)
	at org.h2.message.DbException.get(DbException.java:168)
	at org.h2.engine.SessionRemote.connectServer(SessionRemote.java:451)
	at org.h2.engine.SessionRemote.connectEmbeddedOrServer(SessionRemote.java:332)
	at org.h2.jdbc.JdbcConnection.<init>(JdbcConnection.java:124)
	at org.h2.jdbc.JdbcConnection.<init>(JdbcConnection.java:103)
	at org.h2.Driver.connect(Driver.java:69)
	at com.zaxxer.hikari.util.DriverDataSource.getConnection(DriverDataSource.java:95)
	at com.zaxxer.hikari.util.DriverDataSource.getConnection(DriverDataSource.java:101)
	at com.zaxxer.hikari.pool.PoolBase.newConnection(PoolBase.java:341)
	at com.zaxxer.hikari.pool.HikariPool.checkFailFast(HikariPool.java:506)
	at com.zaxxer.hikari.pool.HikariPool.<init>(HikariPool.java:105)
	at com.zaxxer.hikari.HikariDataSource.getConnection(HikariDataSource.java:94)
	at org.springframework.jdbc.datasource.DataSourceUtils.doGetConnection(DataSourceUtils.java:111)
	at org.springframework.jdbc.datasource.DataSourceUtils.getConnection(DataSourceUtils.java:77)
	at org.springframework.jdbc.support.JdbcUtils.extractDatabaseMetaData(JdbcUtils.java:326)
	at org.springframework.jdbc.support.JdbcUtils.extractDatabaseMetaData(JdbcUtils.java:366)
	at org.springframework.boot.autoconfigure.orm.jpa.DatabaseLookup.getDatabase(DatabaseLookup.java:72)
	at org.springframework.boot.autoconfigure.orm.jpa.JpaProperties.determineDatabase(JpaProperties.java:139)
	at org.springframework.boot.autoconfigure.orm.jpa.JpaBaseConfiguration.jpaVendorAdapter(JpaBaseConfiguration.java:105)
	at org.springframework.boot.autoconfigure.orm.jpa.HibernateJpaAutoConfiguration$$EnhancerBySpringCGLIB$$87588728.CGLIB$jpaVendorAdapter$3(<generated>)
	at org.springframework.boot.autoconfigure.orm.jpa.HibernateJpaAutoConfiguration$$EnhancerBySpringCGLIB$$87588728$$FastClassBySpringCGLIB$$76f7c1a5.invoke(<generated>)
	at org.springframework.cglib.proxy.MethodProxy.invokeSuper(MethodProxy.java:228)
	at org.springframework.context.annotation.ConfigurationClassEnhancer$BeanMethodInterceptor.intercept(ConfigurationClassEnhancer.java:358)
	at org.springframework.boot.autoconfigure.orm.jpa.HibernateJpaAutoConfiguration$$EnhancerBySpringCGLIB$$87588728.jpaVendorAdapter(<generated>)
	at sun.reflect.NativeMethodAccessorImpl.invoke0(Native Method)
	at sun.reflect.NativeMethodAccessorImpl.invoke(NativeMethodAccessorImpl.java:62)
	at sun.reflect.DelegatingMethodAccessorImpl.invoke(DelegatingMethodAccessorImpl.java:43)
	at java.lang.reflect.Method.invoke(Method.java:498)
	at org.springframework.beans.factory.support.SimpleInstantiationStrategy.instantiate(SimpleInstantiationStrategy.java:162)
	at org.springframework.beans.factory.support.ConstructorResolver.instantiateUsingFactoryMethod(ConstructorResolver.java:588)
	at org.springframework.beans.factory.support.AbstractAutowireCapableBeanFactory.instantiateUsingFactoryMethod(AbstractAutowireCapableBeanFactory.java:1178)
	at org.springframework.beans.factory.support.AbstractAutowireCapableBeanFactory.createBeanInstance(AbstractAutowireCapableBeanFactory.java:1072)
	at org.springframework.beans.factory.support.AbstractAutowireCapableBeanFactory.doCreateBean(AbstractAutowireCapableBeanFactory.java:511)
	at org.springframework.beans.factory.support.AbstractAutowireCapableBeanFactory.createBean(AbstractAutowireCapableBeanFactory.java:481)
	at org.springframework.beans.factory.support.AbstractBeanFactory$1.getObject(AbstractBeanFactory.java:312)
	at org.springframework.beans.factory.support.DefaultSingletonBeanRegistry.getSingleton(DefaultSingletonBeanRegistry.java:230)
	at org.springframework.beans.factory.support.AbstractBeanFactory.doGetBean(AbstractBeanFactory.java:308)
	at org.springframework.beans.factory.support.AbstractBeanFactory.getBean(AbstractBeanFactory.java:202)
	at org.springframework.beans.factory.config.DependencyDescriptor.resolveCandidate(DependencyDescriptor.java:208)
	at org.springframework.beans.factory.support.DefaultListableBeanFactory.doResolveDependency(DefaultListableBeanFactory.java:1136)
	at org.springframework.beans.factory.support.DefaultListableBeanFactory.resolveDependency(DefaultListableBeanFactory.java:1064)
	at org.springframework.beans.factory.support.ConstructorResolver.resolveAutowiredArgument(ConstructorResolver.java:835)
	at org.springframework.beans.factory.support.ConstructorResolver.createArgumentArray(ConstructorResolver.java:741)
	at org.springframework.beans.factory.support.ConstructorResolver.instantiateUsingFactoryMethod(ConstructorResolver.java:467)
	at org.springframework.beans.factory.support.AbstractAutowireCapableBeanFactory.instantiateUsingFactoryMethod(AbstractAutowireCapableBeanFactory.java:1178)
	at org.springframework.beans.factory.support.AbstractAutowireCapableBeanFactory.createBeanInstance(AbstractAutowireCapableBeanFactory.java:1072)
	at org.springframework.beans.factory.support.AbstractAutowireCapableBeanFactory.doCreateBean(AbstractAutowireCapableBeanFactory.java:511)
	at org.springframework.beans.factory.support.AbstractAutowireCapableBeanFactory.createBean(AbstractAutowireCapableBeanFactory.java:481)
	at org.springframework.beans.factory.support.AbstractBeanFactory$1.getObject(AbstractBeanFactory.java:312)
	at org.springframework.beans.factory.support.DefaultSingletonBeanRegistry.getSingleton(DefaultSingletonBeanRegistry.java:230)
	at org.springframework.beans.factory.support.AbstractBeanFactory.doGetBean(AbstractBeanFactory.java:308)
	at org.springframework.beans.factory.support.AbstractBeanFactory.getBean(AbstractBeanFactory.java:202)
	at org.springframework.beans.factory.config.DependencyDescriptor.resolveCandidate(DependencyDescriptor.java:208)
	at org.springframework.beans.factory.support.DefaultListableBeanFactory.doResolveDependency(DefaultListableBeanFactory.java:1136)
	at org.springframework.beans.factory.support.DefaultListableBeanFactory.resolveDependency(DefaultListableBeanFactory.java:1064)
	at org.springframework.beans.factory.support.ConstructorResolver.resolveAutowiredArgument(ConstructorResolver.java:835)
	at org.springframework.beans.factory.support.ConstructorResolver.createArgumentArray(ConstructorResolver.java:741)
	at org.springframework.beans.factory.support.ConstructorResolver.instantiateUsingFactoryMethod(ConstructorResolver.java:467)
	at org.springframework.beans.factory.support.AbstractAutowireCapableBeanFactory.instantiateUsingFactoryMethod(AbstractAutowireCapableBeanFactory.java:1178)
	at org.springframework.beans.factory.support.AbstractAutowireCapableBeanFactory.createBeanInstance(AbstractAutowireCapableBeanFactory.java:1072)
	at org.springframework.beans.factory.support.AbstractAutowireCapableBeanFactory.doCreateBean(AbstractAutowireCapableBeanFactory.java:511)
	at org.springframework.beans.factory.support.AbstractAutowireCapableBeanFactory.createBean(AbstractAutowireCapableBeanFactory.java:481)
	at org.springframework.beans.factory.support.AbstractBeanFactory$1.getObject(AbstractBeanFactory.java:312)
	at org.springframework.beans.factory.support.DefaultSingletonBeanRegistry.getSingleton(DefaultSingletonBeanRegistry.java:230)
	at org.springframework.beans.factory.support.AbstractBeanFactory.doGetBean(AbstractBeanFactory.java:308)
	at org.springframework.beans.factory.support.AbstractBeanFactory.getBean(AbstractBeanFactory.java:197)
	at org.springframework.context.support.AbstractApplicationContext.getBean(AbstractApplicationContext.java:1080)
	at org.springframework.context.support.AbstractApplicationContext.finishBeanFactoryInitialization(AbstractApplicationContext.java:857)
	at org.springframework.context.support.AbstractApplicationContext.refresh(AbstractApplicationContext.java:543)
	at org.springframework.boot.SpringApplication.refresh(SpringApplication.java:693)
	at org.springframework.boot.SpringApplication.refreshContext(SpringApplication.java:360)
	at org.springframework.boot.SpringApplication.run(SpringApplication.java:303)
	at org.springframework.boot.test.context.SpringBootContextLoader.loadContext(SpringBootContextLoader.java:121)
	at org.springframework.test.context.cache.DefaultCacheAwareContextLoaderDelegate.loadContextInternal(DefaultCacheAwareContextLoaderDelegate.java:98)
	at org.springframework.test.context.cache.DefaultCacheAwareContextLoaderDelegate.loadContext(DefaultCacheAwareContextLoaderDelegate.java:116)
	at org.springframework.test.context.support.DefaultTestContext.getApplicationContext(DefaultTestContext.java:83)
	at org.springframework.test.context.web.ServletTestExecutionListener.setUpRequestContextIfNecessary(ServletTestExecutionListener.java:189)
	at org.springframework.test.context.web.ServletTestExecutionListener.prepareTestInstance(ServletTestExecutionListener.java:131)
	at org.springframework.test.context.TestContextManager.prepareTestInstance(TestContextManager.java:230)
	at org.springframework.test.context.junit4.SpringJUnit4ClassRunner.createTest(SpringJUnit4ClassRunner.java:228)
	at org.springframework.test.context.junit4.SpringJUnit4ClassRunner$1.runReflectiveCall(SpringJUnit4ClassRunner.java:287)
	at org.junit.internal.runners.model.ReflectiveCallable.run(ReflectiveCallable.java:12)
	at org.springframework.test.context.junit4.SpringJUnit4ClassRunner.methodBlock(SpringJUnit4ClassRunner.java:289)
	at org.springframework.test.context.junit4.SpringJUnit4ClassRunner.runChild(SpringJUnit4ClassRunner.java:247)
	at org.springframework.test.context.junit4.SpringJUnit4ClassRunner.runChild(SpringJUnit4ClassRunner.java:94)
	at org.junit.runners.ParentRunner$3.run(ParentRunner.java:290)
	at org.junit.runners.ParentRunner$1.schedule(ParentRunner.java:71)
	at org.junit.runners.ParentRunner.runChildren(ParentRunner.java:288)
	at org.junit.runners.ParentRunner.access$000(ParentRunner.java:58)
	at org.junit.runners.ParentRunner$2.evaluate(ParentRunner.java:268)
	at org.springframework.test.context.junit4.statements.RunBeforeTestClassCallbacks.evaluate(RunBeforeTestClassCallbacks.java:61)
	at org.springframework.test.context.junit4.statements.RunAfterTestClassCallbacks.evaluate(RunAfterTestClassCallbacks.java:70)
	at org.junit.runners.ParentRunner.run(ParentRunner.java:363)
	at org.springframework.test.context.junit4.SpringJUnit4ClassRunner.run(SpringJUnit4ClassRunner.java:191)
	at org.apache.maven.surefire.junit4.JUnit4Provider.execute(JUnit4Provider.java:283)
	at org.apache.maven.surefire.junit4.JUnit4Provider.executeWithRerun(JUnit4Provider.java:173)
	at org.apache.maven.surefire.junit4.JUnit4Provider.executeTestSet(JUnit4Provider.java:153)
	at org.apache.maven.surefire.junit4.JUnit4Provider.invoke(JUnit4Provider.java:128)
	at org.apache.maven.surefire.booter.ForkedBooter.invokeProviderInSameClassLoader(ForkedBooter.java:203)
	at org.apache.maven.surefire.booter.ForkedBooter.runSuitesInProcess(ForkedBooter.java:155)
	at org.apache.maven.surefire.booter.ForkedBooter.main(ForkedBooter.java:103)
Caused by: java.net.ConnectException: Connection refused (Connection refused)
	at java.net.PlainSocketImpl.socketConnect(Native Method)
	at java.net.AbstractPlainSocketImpl.doConnect(AbstractPlainSocketImpl.java:350)
	at java.net.AbstractPlainSocketImpl.connectToAddress(AbstractPlainSocketImpl.java:206)
	at java.net.AbstractPlainSocketImpl.connect(AbstractPlainSocketImpl.java:188)
	at java.net.SocksSocketImpl.connect(SocksSocketImpl.java:392)
	at java.net.Socket.connect(Socket.java:589)
	at org.h2.util.NetUtils.createSocket(NetUtils.java:103)
	at org.h2.util.NetUtils.createSocket(NetUtils.java:83)
	at org.h2.engine.SessionRemote.initTransfer(SessionRemote.java:114)
	at org.h2.engine.SessionRemote.connectServer(SessionRemote.java:447)
	at org.h2.engine.SessionRemote.connectEmbeddedOrServer(SessionRemote.java:332)
	at org.h2.jdbc.JdbcConnection.<init>(JdbcConnection.java:124)
	at org.h2.jdbc.JdbcConnection.<init>(JdbcConnection.java:103)
	at org.h2.Driver.connect(Driver.java:69)
	at com.zaxxer.hikari.util.DriverDataSource.getConnection(DriverDataSource.java:95)
	at com.zaxxer.hikari.util.DriverDataSource.getConnection(DriverDataSource.java:101)
	at com.zaxxer.hikari.pool.PoolBase.newConnection(PoolBase.java:341)
	at com.zaxxer.hikari.pool.HikariPool.checkFailFast(HikariPool.java:506)
	at com.zaxxer.hikari.pool.HikariPool.<init>(HikariPool.java:105)
	at com.zaxxer.hikari.HikariDataSource.getConnection(HikariDataSource.java:94)
	at org.springframework.jdbc.datasource.DataSourceUtils.doGetConnection(DataSourceUtils.java:111)
	at org.springframework.jdbc.datasource.DataSourceUtils.getConnection(DataSourceUtils.java:77)
	at org.springframework.jdbc.support.JdbcUtils.extractDatabaseMetaData(JdbcUtils.java:326)
	at org.springframework.jdbc.support.JdbcUtils.extractDatabaseMetaData(JdbcUtils.java:366)
	at org.springframework.boot.autoconfigure.orm.jpa.DatabaseLookup.getDatabase(DatabaseLookup.java:72)
	at org.springframework.boot.autoconfigure.orm.jpa.JpaProperties.determineDatabase(JpaProperties.java:139)
	at org.springframework.boot.autoconfigure.orm.jpa.JpaBaseConfiguration.jpaVendorAdapter(JpaBaseConfiguration.java:105)
	at org.springframework.boot.autoconfigure.orm.jpa.HibernateJpaAutoConfiguration$$EnhancerBySpringCGLIB$$87588728.CGLIB$jpaVendorAdapter$3(<generated>)
	at org.springframework.boot.autoconfigure.orm.jpa.HibernateJpaAutoConfiguration$$EnhancerBySpringCGLIB$$87588728$$FastClassBySpringCGLIB$$76f7c1a5.invoke(<generated>)
	at org.springframework.cglib.proxy.MethodProxy.invokeSuper(MethodProxy.java:228)
	at org.springframework.context.annotation.ConfigurationClassEnhancer$BeanMethodInterceptor.intercept(ConfigurationClassEnhancer.java:358)
	at org.springframework.boot.autoconfigure.orm.jpa.HibernateJpaAutoConfiguration$$EnhancerBySpringCGLIB$$87588728.jpaVendorAdapter(<generated>)
	at sun.reflect.NativeMethodAccessorImpl.invoke0(Native Method)
	at sun.reflect.NativeMethodAccessorImpl.invoke(NativeMethodAccessorImpl.java:62)
	at sun.reflect.DelegatingMethodAccessorImpl.invoke(DelegatingMethodAccessorImpl.java:43)
	at java.lang.reflect.Method.invoke(Method.java:498)
	at org.springframework.beans.factory.support.SimpleInstantiationStrategy.instantiate(SimpleInstantiationStrategy.java:162)
	at org.springframework.beans.factory.support.ConstructorResolver.instantiateUsingFactoryMethod(ConstructorResolver.java:588)
	at org.springframework.beans.factory.support.AbstractAutowireCapableBeanFactory.instantiateUsingFactoryMethod(AbstractAutowireCapableBeanFactory.java:1178)
	at org.springframework.beans.factory.support.AbstractAutowireCapableBeanFactory.createBeanInstance(AbstractAutowireCapableBeanFactory.java:1072)
	at org.springframework.beans.factory.support.AbstractAutowireCapableBeanFactory.doCreateBean(AbstractAutowireCapableBeanFactory.java:511)
	at org.springframework.beans.factory.support.AbstractAutowireCapableBeanFactory.createBean(AbstractAutowireCapableBeanFactory.java:481)
	at org.springframework.beans.factory.support.AbstractBeanFactory$1.getObject(AbstractBeanFactory.java:312)
	at org.springframework.beans.factory.support.DefaultSingletonBeanRegistry.getSingleton(DefaultSingletonBeanRegistry.java:230)
	at org.springframework.beans.factory.support.AbstractBeanFactory.doGetBean(AbstractBeanFactory.java:308)
	at org.springframework.beans.factory.support.AbstractBeanFactory.getBean(AbstractBeanFactory.java:202)
	at org.springframework.beans.factory.config.DependencyDescriptor.resolveCandidate(DependencyDescriptor.java:208)
	at org.springframework.beans.factory.support.DefaultListableBeanFactory.doResolveDependency(DefaultListableBeanFactory.java:1136)
	at org.springframework.beans.factory.support.DefaultListableBeanFactory.resolveDependency(DefaultListableBeanFactory.java:1064)
	at org.springframework.beans.factory.support.ConstructorResolver.resolveAutowiredArgument(ConstructorResolver.java:835)
	at org.springframework.beans.factory.support.ConstructorResolver.createArgumentArray(ConstructorResolver.java:741)
	at org.springframework.beans.factory.support.ConstructorResolver.instantiateUsingFactoryMethod(ConstructorResolver.java:467)
	at org.springframework.beans.factory.support.AbstractAutowireCapableBeanFactory.instantiateUsingFactoryMethod(AbstractAutowireCapableBeanFactory.java:1178)
	at org.springframework.beans.factory.support.AbstractAutowireCapableBeanFactory.createBeanInstance(AbstractAutowireCapableBeanFactory.java:1072)
	at org.springframework.beans.factory.support.AbstractAutowireCapableBeanFactory.doCreateBean(AbstractAutowireCapableBeanFactory.java:511)
	at org.springframework.beans.factory.support.AbstractAutowireCapableBeanFactory.createBean(AbstractAutowireCapableBeanFactory.java:481)
	at org.springframework.beans.factory.support.AbstractBeanFactory$1.getObject(AbstractBeanFactory.java:312)
	at org.springframework.beans.factory.support.DefaultSingletonBeanRegistry.getSingleton(DefaultSingletonBeanRegistry.java:230)
	at org.springframework.beans.factory.support.AbstractBeanFactory.doGetBean(AbstractBeanFactory.java:308)
	at org.springframework.beans.factory.support.AbstractBeanFactory.getBean(AbstractBeanFactory.java:202)
	at org.springframework.beans.factory.config.DependencyDescriptor.resolveCandidate(DependencyDescriptor.java:208)
	at org.springframework.beans.factory.support.DefaultListableBeanFactory.doResolveDependency(DefaultListableBeanFactory.java:1136)
	at org.springframework.beans.factory.support.DefaultListableBeanFactory.resolveDependency(DefaultListableBeanFactory.java:1064)
	at org.springframework.beans.factory.support.ConstructorResolver.resolveAutowiredArgument(ConstructorResolver.java:835)
	at org.springframework.beans.factory.support.ConstructorResolver.createArgumentArray(ConstructorResolver.java:741)
	at org.springframework.beans.factory.support.ConstructorResolver.instantiateUsingFactoryMethod(ConstructorResolver.java:467)
	at org.springframework.beans.factory.support.AbstractAutowireCapableBeanFactory.instantiateUsingFactoryMethod(AbstractAutowireCapableBeanFactory.java:1178)
	at org.springframework.beans.factory.support.AbstractAutowireCapableBeanFactory.createBeanInstance(AbstractAutowireCapableBeanFactory.java:1072)
	at org.springframework.beans.factory.support.AbstractAutowireCapableBeanFactory.doCreateBean(AbstractAutowireCapableBeanFactory.java:511)
	at org.springframework.beans.factory.support.AbstractAutowireCapableBeanFactory.createBean(AbstractAutowireCapableBeanFactory.java:481)
	at org.springframework.beans.factory.support.AbstractBeanFactory$1.getObject(AbstractBeanFactory.java:312)
	at org.springframework.beans.factory.support.DefaultSingletonBeanRegistry.getSingleton(DefaultSingletonBeanRegistry.java:230)
	at org.springframework.beans.factory.support.AbstractBeanFactory.doGetBean(AbstractBeanFactory.java:308)
	at org.springframework.beans.factory.support.AbstractBeanFactory.getBean(AbstractBeanFactory.java:197)
	at org.springframework.context.support.AbstractApplicationContext.getBean(AbstractApplicationContext.java:1080)
	at org.springframework.context.support.AbstractApplicationContext.finishBeanFactoryInitialization(AbstractApplicationContext.java:857)
	at org.springframework.context.support.AbstractApplicationContext.refresh(AbstractApplicationContext.java:543)
	at org.springframework.boot.SpringApplication.refresh(SpringApplication.java:693)
	at org.springframework.boot.SpringApplication.refreshContext(SpringApplication.java:360)
	at org.springframework.boot.SpringApplication.run(SpringApplication.java:303)
	at org.springframework.boot.test.context.SpringBootContextLoader.loadContext(SpringBootContextLoader.java:121)
	at org.springframework.test.context.cache.DefaultCacheAwareContextLoaderDelegate.loadContextInternal(DefaultCacheAwareContextLoaderDelegate.java:98)
	at org.springframework.test.context.cache.DefaultCacheAwareContextLoaderDelegate.loadContext(DefaultCacheAwareContextLoaderDelegate.java:116)
	at org.springframework.test.context.support.DefaultTestContext.getApplicationContext(DefaultTestContext.java:83)
	at org.springframework.test.context.web.ServletTestExecutionListener.setUpRequestContextIfNecessary(ServletTestExecutionListener.java:189)
	at org.springframework.test.context.web.ServletTestExecutionListener.prepareTestInstance(ServletTestExecutionListener.java:131)
	at org.springframework.test.context.TestContextManager.prepareTestInstance(TestContextManager.java:230)
	at org.springframework.test.context.junit4.SpringJUnit4ClassRunner.createTest(SpringJUnit4ClassRunner.java:228)
	at org.springframework.test.context.junit4.SpringJUnit4ClassRunner$1.runReflectiveCall(SpringJUnit4ClassRunner.java:287)
	at org.junit.internal.runners.model.ReflectiveCallable.run(ReflectiveCallable.java:12)
	at org.springframework.test.context.junit4.SpringJUnit4ClassRunner.methodBlock(SpringJUnit4ClassRunner.java:289)
	at org.springframework.test.context.junit4.SpringJUnit4ClassRunner.runChild(SpringJUnit4ClassRunner.java:247)
	at org.springframework.test.context.junit4.SpringJUnit4ClassRunner.runChild(SpringJUnit4ClassRunner.java:94)
	at org.junit.runners.ParentRunner$3.run(ParentRunner.java:290)
	at org.junit.runners.ParentRunner$1.schedule(ParentRunner.java:71)
	at org.junit.runners.ParentRunner.runChildren(ParentRunner.java:288)
	at org.junit.runners.ParentRunner.access$000(ParentRunner.java:58)
	at org.junit.runners.ParentRunner$2.evaluate(ParentRunner.java:268)
	at org.springframework.test.context.junit4.statements.RunBeforeTestClassCallbacks.evaluate(RunBeforeTestClassCallbacks.java:61)
	at org.springframework.test.context.junit4.statements.RunAfterTestClassCallbacks.evaluate(RunAfterTestClassCallbacks.java:70)
	at org.junit.runners.ParentRunner.run(ParentRunner.java:363)
	at org.springframework.test.context.junit4.SpringJUnit4ClassRunner.run(SpringJUnit4ClassRunner.java:191)
	at org.apache.maven.surefire.junit4.JUnit4Provider.execute(JUnit4Provider.java:283)
	at org.apache.maven.surefire.junit4.JUnit4Provider.executeWithRerun(JUnit4Provider.java:173)
	at org.apache.maven.surefire.junit4.JUnit4Provider.executeTestSet(JUnit4Provider.java:153)
	at org.apache.maven.surefire.junit4.JUnit4Provider.invoke(JUnit4Provider.java:128)
	at org.apache.maven.surefire.booter.ForkedBooter.invokeProviderInSameClassLoader(ForkedBooter.java:203)
	at org.apache.maven.surefire.booter.ForkedBooter.runSuitesInProcess(ForkedBooter.java:155)
	at org.apache.maven.surefire.booter.ForkedBooter.main(ForkedBooter.java:103)
]]></error>
    <system-out><![CDATA[11:10:26.727 [main] DEBUG org.springframework.test.context.junit4.SpringJUnit4ClassRunner - SpringJUnit4ClassRunner constructor called with [class com.scdfdemo.scdfdemo.ScdfdemoApplicationTests]
11:10:26.737 [main] DEBUG org.springframework.test.context.BootstrapUtils - Instantiating CacheAwareContextLoaderDelegate from class [org.springframework.test.context.cache.DefaultCacheAwareContextLoaderDelegate]
11:10:26.751 [main] DEBUG org.springframework.test.context.BootstrapUtils - Instantiating BootstrapContext using constructor [public org.springframework.test.context.support.DefaultBootstrapContext(java.lang.Class,org.springframework.test.context.CacheAwareContextLoaderDelegate)]
11:10:26.780 [main] DEBUG org.springframework.test.context.BootstrapUtils - Instantiating TestContextBootstrapper for test class [com.scdfdemo.scdfdemo.ScdfdemoApplicationTests] from class [org.springframework.boot.test.context.SpringBootTestContextBootstrapper]
11:10:26.816 [main] INFO org.springframework.boot.test.context.SpringBootTestContextBootstrapper - Neither @ContextConfiguration nor @ContextHierarchy found for test class [com.scdfdemo.scdfdemo.ScdfdemoApplicationTests], using SpringBootContextLoader
11:10:26.829 [main] DEBUG org.springframework.test.context.support.AbstractContextLoader - Did not detect default resource location for test class [com.scdfdemo.scdfdemo.ScdfdemoApplicationTests]: class path resource [com/scdfdemo/scdfdemo/ScdfdemoApplicationTests-context.xml] does not exist
11:10:26.830 [main] DEBUG org.springframework.test.context.support.AbstractContextLoader - Did not detect default resource location for test class [com.scdfdemo.scdfdemo.ScdfdemoApplicationTests]: class path resource [com/scdfdemo/scdfdemo/ScdfdemoApplicationTestsContext.groovy] does not exist
11:10:26.830 [main] INFO org.springframework.test.context.support.AbstractContextLoader - Could not detect default resource locations for test class [com.scdfdemo.scdfdemo.ScdfdemoApplicationTests]: no resource found for suffixes {-context.xml, Context.groovy}.
11:10:26.831 [main] INFO org.springframework.test.context.support.AnnotationConfigContextLoaderUtils - Could not detect default configuration classes for test class [com.scdfdemo.scdfdemo.ScdfdemoApplicationTests]: ScdfdemoApplicationTests does not declare any static, non-private, non-final, nested classes annotated with @Configuration.
11:10:26.908 [main] DEBUG org.springframework.test.context.support.ActiveProfilesUtils - Could not find an 'annotation declaring class' for annotation type [org.springframework.test.context.ActiveProfiles] and class [com.scdfdemo.scdfdemo.ScdfdemoApplicationTests]
11:10:26.917 [main] DEBUG org.springframework.core.env.StandardEnvironment - Adding PropertySource 'systemProperties' with lowest search precedence
11:10:26.919 [main] DEBUG org.springframework.core.env.StandardEnvironment - Adding PropertySource 'systemEnvironment' with lowest search precedence
11:10:26.920 [main] DEBUG org.springframework.core.env.StandardEnvironment - Initialized StandardEnvironment with PropertySources [MapPropertySource@385337537 {name='systemProperties', properties={java.runtime.name=Java(TM) SE Runtime Environment, sun.boot.library.path=/usr/lib/jvm/java-8-oracle/jre/lib/amd64, java.vm.version=25.201-b09, java.vm.vendor=Oracle Corporation, java.vendor.url=http://java.oracle.com/, path.separator=:, java.vm.name=Java HotSpot(TM) 64-Bit Server VM, file.encoding.pkg=sun.io, user.country=IN, sun.java.launcher=SUN_STANDARD, sun.os.patch.level=unknown, java.vm.specification.name=Java Virtual Machine Specification, user.dir=/home/prashantsingh/Desktop/STS_Workspace/scdfdemo, java.runtime.version=1.8.0_201-b09, basedir=/home/prashantsingh/Desktop/STS_Workspace/scdfdemo, java.awt.graphicsenv=sun.awt.X11GraphicsEnvironment, java.endorsed.dirs=/usr/lib/jvm/java-8-oracle/jre/lib/endorsed, os.arch=amd64, surefire.real.class.path=/home/prashantsingh/Desktop/STS_Workspace/scdfdemo/target/surefire/surefirebooter3045195718012816203.jar, java.io.tmpdir=/tmp, line.separator=
, java.vm.specification.vendor=Oracle Corporation, os.name=Linux, sun.jnu.encoding=UTF-8, java.library.path=/usr/java/packages/lib/amd64:/usr/lib64:/lib64:/lib:/usr/lib, surefire.test.class.path=/home/prashantsingh/Desktop/STS_Workspace/scdfdemo/target/test-classes:/home/prashantsingh/Desktop/STS_Workspace/scdfdemo/target/classes:/home/prashantsingh/.m2/repository/mysql/mysql-connector-java/5.1.6/mysql-connector-java-5.1.6.jar:/home/prashantsingh/.m2/repository/org/springframework/boot/spring-boot-starter/1.5.17.RELEASE/spring-boot-starter-1.5.17.RELEASE.jar:/home/prashantsingh/.m2/repository/org/springframework/boot/spring-boot/1.5.17.RELEASE/spring-boot-1.5.17.RELEASE.jar:/home/prashantsingh/.m2/repository/org/springframework/spring-context/4.3.20.RELEASE/spring-context-4.3.20.RELEASE.jar:/home/prashantsingh/.m2/repository/org/springframework/spring-aop/4.3.20.RELEASE/spring-aop-4.3.20.RELEASE.jar:/home/prashantsingh/.m2/repository/org/springframework/spring-beans/4.3.20.RELEASE/spring-beans-4.3.20.RELEASE.jar:/home/prashantsingh/.m2/repository/org/springframework/spring-expression/4.3.20.RELEASE/spring-expression-4.3.20.RELEASE.jar:/home/prashantsingh/.m2/repository/org/springframework/boot/spring-boot-autoconfigure/1.5.17.RELEASE/spring-boot-autoconfigure-1.5.17.RELEASE.jar:/home/prashantsingh/.m2/repository/org/springframework/boot/spring-boot-starter-logging/1.5.17.RELEASE/spring-boot-starter-logging-1.5.17.RELEASE.jar:/home/prashantsingh/.m2/repository/ch/qos/logback/logback-classic/1.1.11/logback-classic-1.1.11.jar:/home/prashantsingh/.m2/repository/ch/qos/logback/logback-core/1.1.11/logback-core-1.1.11.jar:/home/prashantsingh/.m2/repository/org/slf4j/jcl-over-slf4j/1.7.25/jcl-over-slf4j-1.7.25.jar:/home/prashantsingh/.m2/repository/org/slf4j/jul-to-slf4j/1.7.25/jul-to-slf4j-1.7.25.jar:/home/prashantsingh/.m2/repository/org/slf4j/log4j-over-slf4j/1.7.25/log4j-over-slf4j-1.7.25.jar:/home/prashantsingh/.m2/repository/org/springframework/spring-core/4.3.20.RELEASE/spring-core-4.3.20.RELEASE.jar:/home/prashantsingh/.m2/repository/org/yaml/snakeyaml/1.17/snakeyaml-1.17.jar:/home/prashantsingh/.m2/repository/org/springframework/boot/spring-boot-starter-test/1.5.17.RELEASE/spring-boot-starter-test-1.5.17.RELEASE.jar:/home/prashantsingh/.m2/repository/org/springframework/boot/spring-boot-test/1.5.17.RELEASE/spring-boot-test-1.5.17.RELEASE.jar:/home/prashantsingh/.m2/repository/org/springframework/boot/spring-boot-test-autoconfigure/1.5.17.RELEASE/spring-boot-test-autoconfigure-1.5.17.RELEASE.jar:/home/prashantsingh/.m2/repository/com/jayway/jsonpath/json-path/2.2.0/json-path-2.2.0.jar:/home/prashantsingh/.m2/repository/net/minidev/json-smart/2.2.1/json-smart-2.2.1.jar:/home/prashantsingh/.m2/repository/net/minidev/accessors-smart/1.1/accessors-smart-1.1.jar:/home/prashantsingh/.m2/repository/org/ow2/asm/asm/5.0.3/asm-5.0.3.jar:/home/prashantsingh/.m2/repository/org/slf4j/slf4j-api/1.7.25/slf4j-api-1.7.25.jar:/home/prashantsingh/.m2/repository/junit/junit/4.12/junit-4.12.jar:/home/prashantsingh/.m2/repository/org/assertj/assertj-core/2.6.0/assertj-core-2.6.0.jar:/home/prashantsingh/.m2/repository/org/mockito/mockito-core/1.10.19/mockito-core-1.10.19.jar:/home/prashantsingh/.m2/repository/org/objenesis/objenesis/2.1/objenesis-2.1.jar:/home/prashantsingh/.m2/repository/org/hamcrest/hamcrest-core/1.3/hamcrest-core-1.3.jar:/home/prashantsingh/.m2/repository/org/hamcrest/hamcrest-library/1.3/hamcrest-library-1.3.jar:/home/prashantsingh/.m2/repository/org/skyscreamer/jsonassert/1.4.0/jsonassert-1.4.0.jar:/home/prashantsingh/.m2/repository/com/vaadin/external/google/android-json/0.0.20131108.vaadin1/android-json-0.0.20131108.vaadin1.jar:/home/prashantsingh/.m2/repository/org/springframework/spring-test/4.3.20.RELEASE/spring-test-4.3.20.RELEASE.jar:/home/prashantsingh/.m2/repository/org/springframework/cloud/spring-cloud-starter-dataflow-server-local/1.7.1.RELEASE/spring-cloud-starter-dataflow-server-local-1.7.1.RELEASE.jar:/home/prashantsingh/.m2/repository/org/springframework/cloud/spring-cloud-deployer-local/1.3.9.RELEASE/spring-cloud-deployer-local-1.3.9.RELEASE.jar:/home/prashantsingh/.m2/repository/org/springframework/cloud/spring-cloud-deployer-spi/1.3.4.RELEASE/spring-cloud-deployer-spi-1.3.4.RELEASE.jar:/home/prashantsingh/.m2/repository/org/springframework/cloud/spring-cloud-deployer-resource-maven/1.3.4.RELEASE/spring-cloud-deployer-resource-maven-1.3.4.RELEASE.jar:/home/prashantsingh/.m2/repository/org/eclipse/aether/aether-impl/1.0.2.v20150114/aether-impl-1.0.2.v20150114.jar:/home/prashantsingh/.m2/repository/org/eclipse/aether/aether-api/1.0.2.v20150114/aether-api-1.0.2.v20150114.jar:/home/prashantsingh/.m2/repository/org/eclipse/aether/aether-spi/1.0.2.v20150114/aether-spi-1.0.2.v20150114.jar:/home/prashantsingh/.m2/repository/org/eclipse/aether/aether-util/1.0.2.v20150114/aether-util-1.0.2.v20150114.jar:/home/prashantsingh/.m2/repository/org/eclipse/aether/aether-connector-basic/1.0.2.v20150114/aether-connector-basic-1.0.2.v20150114.jar:/home/prashantsingh/.m2/repository/org/eclipse/aether/aether-transport-file/1.0.2.v20150114/aether-transport-file-1.0.2.v20150114.jar:/home/prashantsingh/.m2/repository/org/eclipse/aether/aether-transport-http/1.0.2.v20150114/aether-transport-http-1.0.2.v20150114.jar:/home/prashantsingh/.m2/repository/org/apache/maven/maven-aether-provider/3.2.1/maven-aether-provider-3.2.1.jar:/home/prashantsingh/.m2/repository/org/apache/maven/maven-model/3.2.1/maven-model-3.2.1.jar:/home/prashantsingh/.m2/repository/org/apache/maven/maven-model-builder/3.2.1/maven-model-builder-3.2.1.jar:/home/prashantsingh/.m2/repository/org/codehaus/plexus/plexus-interpolation/1.19/plexus-interpolation-1.19.jar:/home/prashantsingh/.m2/repository/org/apache/maven/maven-repository-metadata/3.2.1/maven-repository-metadata-3.2.1.jar:/home/prashantsingh/.m2/repository/org/codehaus/plexus/plexus-component-annotations/1.5.5/plexus-component-annotations-1.5.5.jar:/home/prashantsingh/.m2/repository/org/codehaus/plexus/plexus-utils/3.0.17/plexus-utils-3.0.17.jar:/home/prashantsingh/.m2/repository/org/springframework/cloud/spring-cloud-deployer-resource-docker/1.3.4.RELEASE/spring-cloud-deployer-resource-docker-1.3.4.RELEASE.jar:/home/prashantsingh/.m2/repository/org/springframework/spring-web/4.3.20.RELEASE/spring-web-4.3.20.RELEASE.jar:/home/prashantsingh/.m2/repository/com/fasterxml/jackson/core/jackson-databind/2.8.11.2/jackson-databind-2.8.11.2.jar:/home/prashantsingh/.m2/repository/com/fasterxml/jackson/core/jackson-annotations/2.8.0/jackson-annotations-2.8.0.jar:/home/prashantsingh/.m2/repository/com/fasterxml/jackson/core/jackson-core/2.8.11/jackson-core-2.8.11.jar:/home/prashantsingh/.m2/repository/org/springframework/boot/spring-boot-starter-validation/1.5.17.RELEASE/spring-boot-starter-validation-1.5.17.RELEASE.jar:/home/prashantsingh/.m2/repository/org/apache/tomcat/embed/tomcat-embed-el/8.5.34/tomcat-embed-el-8.5.34.jar:/home/prashantsingh/.m2/repository/org/hibernate/hibernate-validator/5.3.6.Final/hibernate-validator-5.3.6.Final.jar:/home/prashantsingh/.m2/repository/javax/validation/validation-api/1.1.0.Final/validation-api-1.1.0.Final.jar:/home/prashantsingh/.m2/repository/org/springframework/cloud/spring-cloud-dataflow-server-core/1.7.1.RELEASE/spring-cloud-dataflow-server-core-1.7.1.RELEASE.jar:/home/prashantsingh/.m2/repository/com/zaxxer/HikariCP/2.5.1/HikariCP-2.5.1.jar:/home/prashantsingh/.m2/repository/org/springframework/boot/spring-boot-starter-data-jpa/1.5.17.RELEASE/spring-boot-starter-data-jpa-1.5.17.RELEASE.jar:/home/prashantsingh/.m2/repository/org/springframework/boot/spring-boot-starter-aop/1.5.17.RELEASE/spring-boot-starter-aop-1.5.17.RELEASE.jar:/home/prashantsingh/.m2/repository/javax/transaction/javax.transaction-api/1.2/javax.transaction-api-1.2.jar:/home/prashantsingh/.m2/repository/org/springframework/data/spring-data-jpa/1.11.16.RELEASE/spring-data-jpa-1.11.16.RELEASE.jar:/home/prashantsingh/.m2/repository/org/springframework/spring-orm/4.3.20.RELEASE/spring-orm-4.3.20.RELEASE.jar:/home/prashantsingh/.m2/repository/org/springframework/spring-tx/4.3.20.RELEASE/spring-tx-4.3.20.RELEASE.jar:/home/prashantsingh/.m2/repository/org/springframework/spring-aspects/4.3.20.RELEASE/spring-aspects-4.3.20.RELEASE.jar:/home/prashantsingh/.m2/repository/org/springframework/cloud/spring-cloud-dataflow-configuration-metadata/1.7.1.RELEASE/spring-cloud-dataflow-configuration-metadata-1.7.1.RELEASE.jar:/home/prashantsingh/.m2/repository/org/springframework/boot/spring-boot-loader/1.5.17.RELEASE/spring-boot-loader-1.5.17.RELEASE.jar:/home/prashantsingh/.m2/repository/org/springframework/boot/spring-boot-configuration-metadata/1.5.17.RELEASE/spring-boot-configuration-metadata-1.5.17.RELEASE.jar:/home/prashantsingh/.m2/repository/org/springframework/cloud/spring-cloud-dataflow-completion/1.7.1.RELEASE/spring-cloud-dataflow-completion-1.7.1.RELEASE.jar:/home/prashantsingh/.m2/repository/org/springframework/cloud/spring-cloud-dataflow-core/1.7.1.RELEASE/spring-cloud-dataflow-core-1.7.1.RELEASE.jar:/home/prashantsingh/.m2/repository/commons-lang/commons-lang/2.4/commons-lang-2.4.jar:/home/prashantsingh/.m2/repository/org/springframework/cloud/spring-cloud-dataflow-rest-resource/1.7.1.RELEASE/spring-cloud-dataflow-rest-resource-1.7.1.RELEASE.jar:/home/prashantsingh/.m2/repository/org/springframework/batch/spring-batch-core/3.0.9.RELEASE/spring-batch-core-3.0.9.RELEASE.jar:/home/prashantsingh/.m2/repository/com/ibm/jbatch/com.ibm.jbatch-tck-spi/1.0/com.ibm.jbatch-tck-spi-1.0.jar:/home/prashantsingh/.m2/repository/javax/batch/javax.batch-api/1.0/javax.batch-api-1.0.jar:/home/prashantsingh/.m2/repository/com/thoughtworks/xstream/xstream/1.4.7/xstream-1.4.7.jar:/home/prashantsingh/.m2/repository/xmlpull/xmlpull/1.1.3.1/xmlpull-1.1.3.1.jar:/home/prashantsingh/.m2/repository/xpp3/xpp3_min/1.1.4c/xpp3_min-1.1.4c.jar:/home/prashantsingh/.m2/repository/org/codehaus/jettison/jettison/1.2/jettison-1.2.jar:/home/prashantsingh/.m2/repository/org/apache/httpcomponents/httpclient/4.5.6/httpclient-4.5.6.jar:/home/prashantsingh/.m2/repository/org/apache/httpcomponents/httpcore/4.4.10/httpcore-4.4.10.jar:/home/prashantsingh/.m2/repository/commons-codec/commons-codec/1.10/commons-codec-1.10.jar:/home/prashantsingh/.m2/repository/com/fasterxml/jackson/datatype/jackson-datatype-jsr310/2.8.11/jackson-datatype-jsr310-2.8.11.jar:/home/prashantsingh/.m2/repository/commons-io/commons-io/2.4/commons-io-2.4.jar:/home/prashantsingh/.m2/repository/org/springframework/cloud/spring-cloud-dataflow-registry/1.7.1.RELEASE/spring-cloud-dataflow-registry-1.7.1.RELEASE.jar:/home/prashantsingh/.m2/repository/org/springframework/cloud/spring-cloud-scheduler-spi/1.0.1.RELEASE/spring-cloud-scheduler-spi-1.0.1.RELEASE.jar:/home/prashantsingh/.m2/repository/org/springframework/boot/spring-boot-starter-web/1.5.17.RELEASE/spring-boot-starter-web-1.5.17.RELEASE.jar:/home/prashantsingh/.m2/repository/org/springframework/boot/spring-boot-starter-tomcat/1.5.17.RELEASE/spring-boot-starter-tomcat-1.5.17.RELEASE.jar:/home/prashantsingh/.m2/repository/org/apache/tomcat/embed/tomcat-embed-core/8.5.34/tomcat-embed-core-8.5.34.jar:/home/prashantsingh/.m2/repository/org/apache/tomcat/tomcat-annotations-api/8.5.34/tomcat-annotations-api-8.5.34.jar:/home/prashantsingh/.m2/repository/org/apache/tomcat/embed/tomcat-embed-websocket/8.5.34/tomcat-embed-websocket-8.5.34.jar:/home/prashantsingh/.m2/repository/org/springframework/spring-webmvc/4.3.20.RELEASE/spring-webmvc-4.3.20.RELEASE.jar:/home/prashantsingh/.m2/repository/org/springframework/boot/spring-boot-starter-data-redis/1.5.17.RELEASE/spring-boot-starter-data-redis-1.5.17.RELEASE.jar:/home/prashantsingh/.m2/repository/org/springframework/data/spring-data-redis/1.8.16.RELEASE/spring-data-redis-1.8.16.RELEASE.jar:/home/prashantsingh/.m2/repository/org/springframework/spring-oxm/4.3.20.RELEASE/spring-oxm-4.3.20.RELEASE.jar:/home/prashantsingh/.m2/repository/org/springframework/spring-context-support/4.3.20.RELEASE/spring-context-support-4.3.20.RELEASE.jar:/home/prashantsingh/.m2/repository/redis/clients/jedis/2.9.0/jedis-2.9.0.jar:/home/prashantsingh/.m2/repository/org/apache/commons/commons-pool2/2.4.3/commons-pool2-2.4.3.jar:/home/prashantsingh/.m2/repository/org/springframework/cloud/spring-cloud-starter-common-security-config-web/1.0.3.RELEASE/spring-cloud-starter-common-security-config-web-1.0.3.RELEASE.jar:/home/prashantsingh/.m2/repository/org/springframework/cloud/spring-cloud-common-security-config-web/1.0.3.RELEASE/spring-cloud-common-security-config-web-1.0.3.RELEASE.jar:/home/prashantsingh/.m2/repository/org/springframework/boot/spring-boot-starter-security/1.5.17.RELEASE/spring-boot-starter-security-1.5.17.RELEASE.jar:/home/prashantsingh/.m2/repository/org/springframework/security/spring-security-config/4.2.9.RELEASE/spring-security-config-4.2.9.RELEASE.jar:/home/prashantsingh/.m2/repository/org/springframework/security/spring-security-web/4.2.9.RELEASE/spring-security-web-4.2.9.RELEASE.jar:/home/prashantsingh/.m2/repository/org/springframework/security/spring-security-ldap/4.2.9.RELEASE/spring-security-ldap-4.2.9.RELEASE.jar:/home/prashantsingh/.m2/repository/org/springframework/ldap/spring-ldap-core/2.3.2.RELEASE/spring-ldap-core-2.3.2.RELEASE.jar:/home/prashantsingh/.m2/repository/org/springframework/security/spring-security-core/4.2.9.RELEASE/spring-security-core-4.2.9.RELEASE.jar:/home/prashantsingh/.m2/repository/aopalliance/aopalliance/1.0/aopalliance-1.0.jar:/home/prashantsingh/.m2/repository/org/springframework/security/oauth/spring-security-oauth2/2.0.16.RELEASE/spring-security-oauth2-2.0.16.RELEASE.jar:/home/prashantsingh/.m2/repository/org/springframework/session/spring-session/1.3.3.RELEASE/spring-session-1.3.3.RELEASE.jar:/home/prashantsingh/.m2/repository/org/springframework/cloud/spring-cloud-dataflow-ui/1.7.0.RELEASE/spring-cloud-dataflow-ui-1.7.0.RELEASE.jar:/home/prashantsingh/.m2/repository/org/springframework/boot/spring-boot-starter-actuator/1.5.17.RELEASE/spring-boot-starter-actuator-1.5.17.RELEASE.jar:/home/prashantsingh/.m2/repository/org/springframework/boot/spring-boot-actuator/1.5.17.RELEASE/spring-boot-actuator-1.5.17.RELEASE.jar:/home/prashantsingh/.m2/repository/org/springframework/hateoas/spring-hateoas/0.23.0.RELEASE/spring-hateoas-0.23.0.RELEASE.jar:/home/prashantsingh/.m2/repository/org/springframework/data/spring-data-commons/1.13.16.RELEASE/spring-data-commons-1.13.16.RELEASE.jar:/home/prashantsingh/.m2/repository/org/springframework/boot/spring-boot-starter-jdbc/1.5.17.RELEASE/spring-boot-starter-jdbc-1.5.17.RELEASE.jar:/home/prashantsingh/.m2/repository/org/springframework/spring-jdbc/4.3.20.RELEASE/spring-jdbc-4.3.20.RELEASE.jar:/home/prashantsingh/.m2/repository/org/springframework/plugin/spring-plugin-core/1.2.0.RELEASE/spring-plugin-core-1.2.0.RELEASE.jar:/home/prashantsingh/.m2/repository/org/springframework/analytics/spring-analytics/1.1.3.RELEASE/spring-analytics-1.1.3.RELEASE.jar:/home/prashantsingh/.m2/repository/org/springframework/retry/spring-retry/1.2.2.RELEASE/spring-retry-1.2.2.RELEASE.jar:/home/prashantsingh/.m2/repository/joda-time/joda-time/2.9.9/joda-time-2.9.9.jar:/home/prashantsingh/.m2/repository/org/springframework/cloud/spring-cloud-task-core/1.3.0.RELEASE/spring-cloud-task-core-1.3.0.RELEASE.jar:/home/prashantsingh/.m2/repository/org/springframework/batch/spring-batch-infrastructure/3.0.9.RELEASE/spring-batch-infrastructure-3.0.9.RELEASE.jar:/home/prashantsingh/.m2/repository/com/h2database/h2/1.4.197/h2-1.4.197.jar:/home/prashantsingh/.m2/repository/org/hsqldb/hsqldb/2.3.6/hsqldb-2.3.6.jar:/home/prashantsingh/.m2/repository/org/mariadb/jdbc/mariadb-java-client/1.5.9/mariadb-java-client-1.5.9.jar:/home/prashantsingh/.m2/repository/org/postgresql/postgresql/9.4.1212.jre7/postgresql-9.4.1212.jre7.jar:/home/prashantsingh/.m2/repository/com/microsoft/sqlserver/mssql-jdbc/6.1.0.jre7/mssql-jdbc-6.1.0.jre7.jar:/home/prashantsingh/.m2/repository/org/springframework/cloud/spring-cloud-starter-config/1.4.5.RELEASE/spring-cloud-starter-config-1.4.5.RELEASE.jar:/home/prashantsingh/.m2/repository/org/springframework/cloud/spring-cloud-starter/1.3.5.RELEASE/spring-cloud-starter-1.3.5.RELEASE.jar:/home/prashantsingh/.m2/repository/org/springframework/cloud/spring-cloud-context/1.3.5.RELEASE/spring-cloud-context-1.3.5.RELEASE.jar:/home/prashantsingh/.m2/repository/org/springframework/security/spring-security-crypto/4.2.9.RELEASE/spring-security-crypto-4.2.9.RELEASE.jar:/home/prashantsingh/.m2/repository/org/springframework/cloud/spring-cloud-commons/1.3.5.RELEASE/spring-cloud-commons-1.3.5.RELEASE.jar:/home/prashantsingh/.m2/repository/org/springframework/security/spring-security-rsa/1.0.3.RELEASE/spring-security-rsa-1.0.3.RELEASE.jar:/home/prashantsingh/.m2/repository/org/bouncycastle/bcpkix-jdk15on/1.55/bcpkix-jdk15on-1.55.jar:/home/prashantsingh/.m2/repository/org/bouncycastle/bcprov-jdk15on/1.55/bcprov-jdk15on-1.55.jar:/home/prashantsingh/.m2/repository/org/springframework/cloud/spring-cloud-config-client/1.4.5.RELEASE/spring-cloud-config-client-1.4.5.RELEASE.jar:/home/prashantsingh/.m2/repository/org/springframework/cloud/spring-cloud-starter-hystrix/1.4.6.RELEASE/spring-cloud-starter-hystrix-1.4.6.RELEASE.jar:/home/prashantsingh/.m2/repository/org/springframework/cloud/spring-cloud-starter-netflix-hystrix/1.4.6.RELEASE/spring-cloud-starter-netflix-hystrix-1.4.6.RELEASE.jar:/home/prashantsingh/.m2/repository/org/springframework/cloud/spring-cloud-netflix-core/1.4.6.RELEASE/spring-cloud-netflix-core-1.4.6.RELEASE.jar:/home/prashantsingh/.m2/repository/org/springframework/cloud/spring-cloud-starter-netflix-archaius/1.4.6.RELEASE/spring-cloud-starter-netflix-archaius-1.4.6.RELEASE.jar:/home/prashantsingh/.m2/repository/com/netflix/archaius/archaius-core/0.7.4/archaius-core-0.7.4.jar:/home/prashantsingh/.m2/repository/com/google/code/findbugs/jsr305/3.0.1/jsr305-3.0.1.jar:/home/prashantsingh/.m2/repository/commons-configuration/commons-configuration/1.8/commons-configuration-1.8.jar:/home/prashantsingh/.m2/repository/com/google/guava/guava/18.0/guava-18.0.jar:/home/prashantsingh/.m2/repository/com/netflix/hystrix/hystrix-core/1.5.12/hystrix-core-1.5.12.jar:/home/prashantsingh/.m2/repository/io/reactivex/rxjava/1.2.0/rxjava-1.2.0.jar:/home/prashantsingh/.m2/repository/org/hdrhistogram/HdrHistogram/2.1.9/HdrHistogram-2.1.9.jar:/home/prashantsingh/.m2/repository/com/netflix/hystrix/hystrix-metrics-event-stream/1.5.12/hystrix-metrics-event-stream-1.5.12.jar:/home/prashantsingh/.m2/repository/com/netflix/hystrix/hystrix-serialization/1.5.12/hystrix-serialization-1.5.12.jar:/home/prashantsingh/.m2/repository/com/fasterxml/jackson/module/jackson-module-afterburner/2.8.11/jackson-module-afterburner-2.8.11.jar:/home/prashantsingh/.m2/repository/com/netflix/hystrix/hystrix-javanica/1.5.12/hystrix-javanica-1.5.12.jar:/home/prashantsingh/.m2/repository/org/springframework/batch/spring-batch-admin-manager/1.3.1.RELEASE/spring-batch-admin-manager-1.3.1.RELEASE.jar:/home/prashantsingh/.m2/repository/org/aspectj/aspectjrt/1.8.13/aspectjrt-1.8.13.jar:/home/prashantsingh/.m2/repository/org/aspectj/aspectjweaver/1.8.13/aspectjweaver-1.8.13.jar:/home/prashantsingh/.m2/repository/org/springframework/batch/spring-batch-integration/3.0.9.RELEASE/spring-batch-integration-3.0.9.RELEASE.jar:/home/prashantsingh/.m2/repository/org/springframework/spring-messaging/4.3.20.RELEASE/spring-messaging-4.3.20.RELEASE.jar:/home/prashantsingh/.m2/repository/org/springframework/integration/spring-integration-core/4.3.17.RELEASE/spring-integration-core-4.3.17.RELEASE.jar:/home/prashantsingh/.m2/repository/org/springframework/integration/spring-integration-jmx/4.3.17.RELEASE/spring-integration-jmx-4.3.17.RELEASE.jar:/home/prashantsingh/.m2/repository/org/springframework/integration/spring-integration-http/4.3.17.RELEASE/spring-integration-http-4.3.17.RELEASE.jar:/home/prashantsingh/.m2/repository/org/springframework/integration/spring-integration-file/4.3.17.RELEASE/spring-integration-file-4.3.17.RELEASE.jar:/home/prashantsingh/.m2/repository/commons-fileupload/commons-fileupload/1.3.1/commons-fileupload-1.3.1.jar:/home/prashantsingh/.m2/repository/commons-collections/commons-collections/3.2.2/commons-collections-3.2.2.jar:/home/prashantsingh/.m2/repository/org/springframework/batch/spring-batch-admin-resources/1.3.1.RELEASE/spring-batch-admin-resources-1.3.1.RELEASE.jar:/home/prashantsingh/.m2/repository/org/springframework/cloud/spring-cloud-skipper-client/1.1.1.RELEASE/spring-cloud-skipper-client-1.1.1.RELEASE.jar:/home/prashantsingh/.m2/repository/org/springframework/cloud/spring-cloud-skipper/1.1.1.RELEASE/spring-cloud-skipper-1.1.1.RELEASE.jar:/home/prashantsingh/.m2/repository/org/springframework/data/spring-data-keyvalue/1.2.16.RELEASE/spring-data-keyvalue-1.2.16.RELEASE.jar:/home/prashantsingh/.m2/repository/com/fasterxml/jackson/dataformat/jackson-dataformat-yaml/2.8.11/jackson-dataformat-yaml-2.8.11.jar:/home/prashantsingh/.m2/repository/org/zeroturnaround/zt-zip/1.11/zt-zip-1.11.jar:/home/prashantsingh/.m2/repository/org/apache/commons/commons-lang3/3.4/commons-lang3-3.4.jar:/home/prashantsingh/.m2/repository/org/springframework/cloud/spring-cloud-dataflow-server-local-autoconfig/1.7.1.RELEASE/spring-cloud-dataflow-server-local-autoconfig-1.7.1.RELEASE.jar:/home/prashantsingh/.m2/repository/org/springframework/cloud/spring-cloud-deployer-resource-support/1.3.4.RELEASE/spring-cloud-deployer-resource-support-1.3.4.RELEASE.jar:/home/prashantsingh/.m2/repository/org/hibernate/hibernate-core/5.2.12.Final/hibernate-core-5.2.12.Final.jar:/home/prashantsingh/.m2/repository/org/jboss/logging/jboss-logging/3.3.2.Final/jboss-logging-3.3.2.Final.jar:/home/prashantsingh/.m2/repository/org/hibernate/javax/persistence/hibernate-jpa-2.1-api/1.0.0.Final/hibernate-jpa-2.1-api-1.0.0.Final.jar:/home/prashantsingh/.m2/repository/org/javassist/javassist/3.21.0-GA/javassist-3.21.0-GA.jar:/home/prashantsingh/.m2/repository/antlr/antlr/2.7.7/antlr-2.7.7.jar:/home/prashantsingh/.m2/repository/org/jboss/spec/javax/transaction/jboss-transaction-api_1.2_spec/1.0.1.Final/jboss-transaction-api_1.2_spec-1.0.1.Final.jar:/home/prashantsingh/.m2/repository/org/jboss/jandex/2.0.3.Final/jandex-2.0.3.Final.jar:/home/prashantsingh/.m2/repository/com/fasterxml/classmate/1.3.4/classmate-1.3.4.jar:/home/prashantsingh/.m2/repository/dom4j/dom4j/1.6.1/dom4j-1.6.1.jar:/home/prashantsingh/.m2/repository/org/hibernate/common/hibernate-commons-annotations/5.0.1.Final/hibernate-commons-annotations-5.0.1.Final.jar:/home/prashantsingh/.m2/repository/org/hibernate/hibernate-entitymanager/5.2.12.Final/hibernate-entitymanager-5.2.12.Final.jar:/home/prashantsingh/.m2/repository/net/bytebuddy/byte-buddy/1.6.14/byte-buddy-1.6.14.jar:, java.specification.name=Java Platform API Specification, java.class.version=52.0, sun.management.compiler=HotSpot 64-Bit Tiered Compilers, os.version=4.15.0-47-generic, user.home=/home/prashantsingh, user.timezone=Asia/Kolkata, java.awt.printerjob=sun.print.PSPrinterJob, file.encoding=UTF-8, java.specification.version=1.8, java.class.path=/home/prashantsingh/Desktop/STS_Workspace/scdfdemo/target/test-classes:/home/prashantsingh/Desktop/STS_Workspace/scdfdemo/target/classes:/home/prashantsingh/.m2/repository/mysql/mysql-connector-java/5.1.6/mysql-connector-java-5.1.6.jar:/home/prashantsingh/.m2/repository/org/springframework/boot/spring-boot-starter/1.5.17.RELEASE/spring-boot-starter-1.5.17.RELEASE.jar:/home/prashantsingh/.m2/repository/org/springframework/boot/spring-boot/1.5.17.RELEASE/spring-boot-1.5.17.RELEASE.jar:/home/prashantsingh/.m2/repository/org/springframework/spring-context/4.3.20.RELEASE/spring-context-4.3.20.RELEASE.jar:/home/prashantsingh/.m2/repository/org/springframework/spring-aop/4.3.20.RELEASE/spring-aop-4.3.20.RELEASE.jar:/home/prashantsingh/.m2/repository/org/springframework/spring-beans/4.3.20.RELEASE/spring-beans-4.3.20.RELEASE.jar:/home/prashantsingh/.m2/repository/org/springframework/spring-expression/4.3.20.RELEASE/spring-expression-4.3.20.RELEASE.jar:/home/prashantsingh/.m2/repository/org/springframework/boot/spring-boot-autoconfigure/1.5.17.RELEASE/spring-boot-autoconfigure-1.5.17.RELEASE.jar:/home/prashantsingh/.m2/repository/org/springframework/boot/spring-boot-starter-logging/1.5.17.RELEASE/spring-boot-starter-logging-1.5.17.RELEASE.jar:/home/prashantsingh/.m2/repository/ch/qos/logback/logback-classic/1.1.11/logback-classic-1.1.11.jar:/home/prashantsingh/.m2/repository/ch/qos/logback/logback-core/1.1.11/logback-core-1.1.11.jar:/home/prashantsingh/.m2/repository/org/slf4j/jcl-over-slf4j/1.7.25/jcl-over-slf4j-1.7.25.jar:/home/prashantsingh/.m2/repository/org/slf4j/jul-to-slf4j/1.7.25/jul-to-slf4j-1.7.25.jar:/home/prashantsingh/.m2/repository/org/slf4j/log4j-over-slf4j/1.7.25/log4j-over-slf4j-1.7.25.jar:/home/prashantsingh/.m2/repository/org/springframework/spring-core/4.3.20.RELEASE/spring-core-4.3.20.RELEASE.jar:/home/prashantsingh/.m2/repository/org/yaml/snakeyaml/1.17/snakeyaml-1.17.jar:/home/prashantsingh/.m2/repository/org/springframework/boot/spring-boot-starter-test/1.5.17.RELEASE/spring-boot-starter-test-1.5.17.RELEASE.jar:/home/prashantsingh/.m2/repository/org/springframework/boot/spring-boot-test/1.5.17.RELEASE/spring-boot-test-1.5.17.RELEASE.jar:/home/prashantsingh/.m2/repository/org/springframework/boot/spring-boot-test-autoconfigure/1.5.17.RELEASE/spring-boot-test-autoconfigure-1.5.17.RELEASE.jar:/home/prashantsingh/.m2/repository/com/jayway/jsonpath/json-path/2.2.0/json-path-2.2.0.jar:/home/prashantsingh/.m2/repository/net/minidev/json-smart/2.2.1/json-smart-2.2.1.jar:/home/prashantsingh/.m2/repository/net/minidev/accessors-smart/1.1/accessors-smart-1.1.jar:/home/prashantsingh/.m2/repository/org/ow2/asm/asm/5.0.3/asm-5.0.3.jar:/home/prashantsingh/.m2/repository/org/slf4j/slf4j-api/1.7.25/slf4j-api-1.7.25.jar:/home/prashantsingh/.m2/repository/junit/junit/4.12/junit-4.12.jar:/home/prashantsingh/.m2/repository/org/assertj/assertj-core/2.6.0/assertj-core-2.6.0.jar:/home/prashantsingh/.m2/repository/org/mockito/mockito-core/1.10.19/mockito-core-1.10.19.jar:/home/prashantsingh/.m2/repository/org/objenesis/objenesis/2.1/objenesis-2.1.jar:/home/prashantsingh/.m2/repository/org/hamcrest/hamcrest-core/1.3/hamcrest-core-1.3.jar:/home/prashantsingh/.m2/repository/org/hamcrest/hamcrest-library/1.3/hamcrest-library-1.3.jar:/home/prashantsingh/.m2/repository/org/skyscreamer/jsonassert/1.4.0/jsonassert-1.4.0.jar:/home/prashantsingh/.m2/repository/com/vaadin/external/google/android-json/0.0.20131108.vaadin1/android-json-0.0.20131108.vaadin1.jar:/home/prashantsingh/.m2/repository/org/springframework/spring-test/4.3.20.RELEASE/spring-test-4.3.20.RELEASE.jar:/home/prashantsingh/.m2/repository/org/springframework/cloud/spring-cloud-starter-dataflow-server-local/1.7.1.RELEASE/spring-cloud-starter-dataflow-server-local-1.7.1.RELEASE.jar:/home/prashantsingh/.m2/repository/org/springframework/cloud/spring-cloud-deployer-local/1.3.9.RELEASE/spring-cloud-deployer-local-1.3.9.RELEASE.jar:/home/prashantsingh/.m2/repository/org/springframework/cloud/spring-cloud-deployer-spi/1.3.4.RELEASE/spring-cloud-deployer-spi-1.3.4.RELEASE.jar:/home/prashantsingh/.m2/repository/org/springframework/cloud/spring-cloud-deployer-resource-maven/1.3.4.RELEASE/spring-cloud-deployer-resource-maven-1.3.4.RELEASE.jar:/home/prashantsingh/.m2/repository/org/eclipse/aether/aether-impl/1.0.2.v20150114/aether-impl-1.0.2.v20150114.jar:/home/prashantsingh/.m2/repository/org/eclipse/aether/aether-api/1.0.2.v20150114/aether-api-1.0.2.v20150114.jar:/home/prashantsingh/.m2/repository/org/eclipse/aether/aether-spi/1.0.2.v20150114/aether-spi-1.0.2.v20150114.jar:/home/prashantsingh/.m2/repository/org/eclipse/aether/aether-util/1.0.2.v20150114/aether-util-1.0.2.v20150114.jar:/home/prashantsingh/.m2/repository/org/eclipse/aether/aether-connector-basic/1.0.2.v20150114/aether-connector-basic-1.0.2.v20150114.jar:/home/prashantsingh/.m2/repository/org/eclipse/aether/aether-transport-file/1.0.2.v20150114/aether-transport-file-1.0.2.v20150114.jar:/home/prashantsingh/.m2/repository/org/eclipse/aether/aether-transport-http/1.0.2.v20150114/aether-transport-http-1.0.2.v20150114.jar:/home/prashantsingh/.m2/repository/org/apache/maven/maven-aether-provider/3.2.1/maven-aether-provider-3.2.1.jar:/home/prashantsingh/.m2/repository/org/apache/maven/maven-model/3.2.1/maven-model-3.2.1.jar:/home/prashantsingh/.m2/repository/org/apache/maven/maven-model-builder/3.2.1/maven-model-builder-3.2.1.jar:/home/prashantsingh/.m2/repository/org/codehaus/plexus/plexus-interpolation/1.19/plexus-interpolation-1.19.jar:/home/prashantsingh/.m2/repository/org/apache/maven/maven-repository-metadata/3.2.1/maven-repository-metadata-3.2.1.jar:/home/prashantsingh/.m2/repository/org/codehaus/plexus/plexus-component-annotations/1.5.5/plexus-component-annotations-1.5.5.jar:/home/prashantsingh/.m2/repository/org/codehaus/plexus/plexus-utils/3.0.17/plexus-utils-3.0.17.jar:/home/prashantsingh/.m2/repository/org/springframework/cloud/spring-cloud-deployer-resource-docker/1.3.4.RELEASE/spring-cloud-deployer-resource-docker-1.3.4.RELEASE.jar:/home/prashantsingh/.m2/repository/org/springframework/spring-web/4.3.20.RELEASE/spring-web-4.3.20.RELEASE.jar:/home/prashantsingh/.m2/repository/com/fasterxml/jackson/core/jackson-databind/2.8.11.2/jackson-databind-2.8.11.2.jar:/home/prashantsingh/.m2/repository/com/fasterxml/jackson/core/jackson-annotations/2.8.0/jackson-annotations-2.8.0.jar:/home/prashantsingh/.m2/repository/com/fasterxml/jackson/core/jackson-core/2.8.11/jackson-core-2.8.11.jar:/home/prashantsingh/.m2/repository/org/springframework/boot/spring-boot-starter-validation/1.5.17.RELEASE/spring-boot-starter-validation-1.5.17.RELEASE.jar:/home/prashantsingh/.m2/repository/org/apache/tomcat/embed/tomcat-embed-el/8.5.34/tomcat-embed-el-8.5.34.jar:/home/prashantsingh/.m2/repository/org/hibernate/hibernate-validator/5.3.6.Final/hibernate-validator-5.3.6.Final.jar:/home/prashantsingh/.m2/repository/javax/validation/validation-api/1.1.0.Final/validation-api-1.1.0.Final.jar:/home/prashantsingh/.m2/repository/org/springframework/cloud/spring-cloud-dataflow-server-core/1.7.1.RELEASE/spring-cloud-dataflow-server-core-1.7.1.RELEASE.jar:/home/prashantsingh/.m2/repository/com/zaxxer/HikariCP/2.5.1/HikariCP-2.5.1.jar:/home/prashantsingh/.m2/repository/org/springframework/boot/spring-boot-starter-data-jpa/1.5.17.RELEASE/spring-boot-starter-data-jpa-1.5.17.RELEASE.jar:/home/prashantsingh/.m2/repository/org/springframework/boot/spring-boot-starter-aop/1.5.17.RELEASE/spring-boot-starter-aop-1.5.17.RELEASE.jar:/home/prashantsingh/.m2/repository/javax/transaction/javax.transaction-api/1.2/javax.transaction-api-1.2.jar:/home/prashantsingh/.m2/repository/org/springframework/data/spring-data-jpa/1.11.16.RELEASE/spring-data-jpa-1.11.16.RELEASE.jar:/home/prashantsingh/.m2/repository/org/springframework/spring-orm/4.3.20.RELEASE/spring-orm-4.3.20.RELEASE.jar:/home/prashantsingh/.m2/repository/org/springframework/spring-tx/4.3.20.RELEASE/spring-tx-4.3.20.RELEASE.jar:/home/prashantsingh/.m2/repository/org/springframework/spring-aspects/4.3.20.RELEASE/spring-aspects-4.3.20.RELEASE.jar:/home/prashantsingh/.m2/repository/org/springframework/cloud/spring-cloud-dataflow-configuration-metadata/1.7.1.RELEASE/spring-cloud-dataflow-configuration-metadata-1.7.1.RELEASE.jar:/home/prashantsingh/.m2/repository/org/springframework/boot/spring-boot-loader/1.5.17.RELEASE/spring-boot-loader-1.5.17.RELEASE.jar:/home/prashantsingh/.m2/repository/org/springframework/boot/spring-boot-configuration-metadata/1.5.17.RELEASE/spring-boot-configuration-metadata-1.5.17.RELEASE.jar:/home/prashantsingh/.m2/repository/org/springframework/cloud/spring-cloud-dataflow-completion/1.7.1.RELEASE/spring-cloud-dataflow-completion-1.7.1.RELEASE.jar:/home/prashantsingh/.m2/repository/org/springframework/cloud/spring-cloud-dataflow-core/1.7.1.RELEASE/spring-cloud-dataflow-core-1.7.1.RELEASE.jar:/home/prashantsingh/.m2/repository/commons-lang/commons-lang/2.4/commons-lang-2.4.jar:/home/prashantsingh/.m2/repository/org/springframework/cloud/spring-cloud-dataflow-rest-resource/1.7.1.RELEASE/spring-cloud-dataflow-rest-resource-1.7.1.RELEASE.jar:/home/prashantsingh/.m2/repository/org/springframework/batch/spring-batch-core/3.0.9.RELEASE/spring-batch-core-3.0.9.RELEASE.jar:/home/prashantsingh/.m2/repository/com/ibm/jbatch/com.ibm.jbatch-tck-spi/1.0/com.ibm.jbatch-tck-spi-1.0.jar:/home/prashantsingh/.m2/repository/javax/batch/javax.batch-api/1.0/javax.batch-api-1.0.jar:/home/prashantsingh/.m2/repository/com/thoughtworks/xstream/xstream/1.4.7/xstream-1.4.7.jar:/home/prashantsingh/.m2/repository/xmlpull/xmlpull/1.1.3.1/xmlpull-1.1.3.1.jar:/home/prashantsingh/.m2/repository/xpp3/xpp3_min/1.1.4c/xpp3_min-1.1.4c.jar:/home/prashantsingh/.m2/repository/org/codehaus/jettison/jettison/1.2/jettison-1.2.jar:/home/prashantsingh/.m2/repository/org/apache/httpcomponents/httpclient/4.5.6/httpclient-4.5.6.jar:/home/prashantsingh/.m2/repository/org/apache/httpcomponents/httpcore/4.4.10/httpcore-4.4.10.jar:/home/prashantsingh/.m2/repository/commons-codec/commons-codec/1.10/commons-codec-1.10.jar:/home/prashantsingh/.m2/repository/com/fasterxml/jackson/datatype/jackson-datatype-jsr310/2.8.11/jackson-datatype-jsr310-2.8.11.jar:/home/prashantsingh/.m2/repository/commons-io/commons-io/2.4/commons-io-2.4.jar:/home/prashantsingh/.m2/repository/org/springframework/cloud/spring-cloud-dataflow-registry/1.7.1.RELEASE/spring-cloud-dataflow-registry-1.7.1.RELEASE.jar:/home/prashantsingh/.m2/repository/org/springframework/cloud/spring-cloud-scheduler-spi/1.0.1.RELEASE/spring-cloud-scheduler-spi-1.0.1.RELEASE.jar:/home/prashantsingh/.m2/repository/org/springframework/boot/spring-boot-starter-web/1.5.17.RELEASE/spring-boot-starter-web-1.5.17.RELEASE.jar:/home/prashantsingh/.m2/repository/org/springframework/boot/spring-boot-starter-tomcat/1.5.17.RELEASE/spring-boot-starter-tomcat-1.5.17.RELEASE.jar:/home/prashantsingh/.m2/repository/org/apache/tomcat/embed/tomcat-embed-core/8.5.34/tomcat-embed-core-8.5.34.jar:/home/prashantsingh/.m2/repository/org/apache/tomcat/tomcat-annotations-api/8.5.34/tomcat-annotations-api-8.5.34.jar:/home/prashantsingh/.m2/repository/org/apache/tomcat/embed/tomcat-embed-websocket/8.5.34/tomcat-embed-websocket-8.5.34.jar:/home/prashantsingh/.m2/repository/org/springframework/spring-webmvc/4.3.20.RELEASE/spring-webmvc-4.3.20.RELEASE.jar:/home/prashantsingh/.m2/repository/org/springframework/boot/spring-boot-starter-data-redis/1.5.17.RELEASE/spring-boot-starter-data-redis-1.5.17.RELEASE.jar:/home/prashantsingh/.m2/repository/org/springframework/data/spring-data-redis/1.8.16.RELEASE/spring-data-redis-1.8.16.RELEASE.jar:/home/prashantsingh/.m2/repository/org/springframework/spring-oxm/4.3.20.RELEASE/spring-oxm-4.3.20.RELEASE.jar:/home/prashantsingh/.m2/repository/org/springframework/spring-context-support/4.3.20.RELEASE/spring-context-support-4.3.20.RELEASE.jar:/home/prashantsingh/.m2/repository/redis/clients/jedis/2.9.0/jedis-2.9.0.jar:/home/prashantsingh/.m2/repository/org/apache/commons/commons-pool2/2.4.3/commons-pool2-2.4.3.jar:/home/prashantsingh/.m2/repository/org/springframework/cloud/spring-cloud-starter-common-security-config-web/1.0.3.RELEASE/spring-cloud-starter-common-security-config-web-1.0.3.RELEASE.jar:/home/prashantsingh/.m2/repository/org/springframework/cloud/spring-cloud-common-security-config-web/1.0.3.RELEASE/spring-cloud-common-security-config-web-1.0.3.RELEASE.jar:/home/prashantsingh/.m2/repository/org/springframework/boot/spring-boot-starter-security/1.5.17.RELEASE/spring-boot-starter-security-1.5.17.RELEASE.jar:/home/prashantsingh/.m2/repository/org/springframework/security/spring-security-config/4.2.9.RELEASE/spring-security-config-4.2.9.RELEASE.jar:/home/prashantsingh/.m2/repository/org/springframework/security/spring-security-web/4.2.9.RELEASE/spring-security-web-4.2.9.RELEASE.jar:/home/prashantsingh/.m2/repository/org/springframework/security/spring-security-ldap/4.2.9.RELEASE/spring-security-ldap-4.2.9.RELEASE.jar:/home/prashantsingh/.m2/repository/org/springframework/ldap/spring-ldap-core/2.3.2.RELEASE/spring-ldap-core-2.3.2.RELEASE.jar:/home/prashantsingh/.m2/repository/org/springframework/security/spring-security-core/4.2.9.RELEASE/spring-security-core-4.2.9.RELEASE.jar:/home/prashantsingh/.m2/repository/aopalliance/aopalliance/1.0/aopalliance-1.0.jar:/home/prashantsingh/.m2/repository/org/springframework/security/oauth/spring-security-oauth2/2.0.16.RELEASE/spring-security-oauth2-2.0.16.RELEASE.jar:/home/prashantsingh/.m2/repository/org/springframework/session/spring-session/1.3.3.RELEASE/spring-session-1.3.3.RELEASE.jar:/home/prashantsingh/.m2/repository/org/springframework/cloud/spring-cloud-dataflow-ui/1.7.0.RELEASE/spring-cloud-dataflow-ui-1.7.0.RELEASE.jar:/home/prashantsingh/.m2/repository/org/springframework/boot/spring-boot-starter-actuator/1.5.17.RELEASE/spring-boot-starter-actuator-1.5.17.RELEASE.jar:/home/prashantsingh/.m2/repository/org/springframework/boot/spring-boot-actuator/1.5.17.RELEASE/spring-boot-actuator-1.5.17.RELEASE.jar:/home/prashantsingh/.m2/repository/org/springframework/hateoas/spring-hateoas/0.23.0.RELEASE/spring-hateoas-0.23.0.RELEASE.jar:/home/prashantsingh/.m2/repository/org/springframework/data/spring-data-commons/1.13.16.RELEASE/spring-data-commons-1.13.16.RELEASE.jar:/home/prashantsingh/.m2/repository/org/springframework/boot/spring-boot-starter-jdbc/1.5.17.RELEASE/spring-boot-starter-jdbc-1.5.17.RELEASE.jar:/home/prashantsingh/.m2/repository/org/springframework/spring-jdbc/4.3.20.RELEASE/spring-jdbc-4.3.20.RELEASE.jar:/home/prashantsingh/.m2/repository/org/springframework/plugin/spring-plugin-core/1.2.0.RELEASE/spring-plugin-core-1.2.0.RELEASE.jar:/home/prashantsingh/.m2/repository/org/springframework/analytics/spring-analytics/1.1.3.RELEASE/spring-analytics-1.1.3.RELEASE.jar:/home/prashantsingh/.m2/repository/org/springframework/retry/spring-retry/1.2.2.RELEASE/spring-retry-1.2.2.RELEASE.jar:/home/prashantsingh/.m2/repository/joda-time/joda-time/2.9.9/joda-time-2.9.9.jar:/home/prashantsingh/.m2/repository/org/springframework/cloud/spring-cloud-task-core/1.3.0.RELEASE/spring-cloud-task-core-1.3.0.RELEASE.jar:/home/prashantsingh/.m2/repository/org/springframework/batch/spring-batch-infrastructure/3.0.9.RELEASE/spring-batch-infrastructure-3.0.9.RELEASE.jar:/home/prashantsingh/.m2/repository/com/h2database/h2/1.4.197/h2-1.4.197.jar:/home/prashantsingh/.m2/repository/org/hsqldb/hsqldb/2.3.6/hsqldb-2.3.6.jar:/home/prashantsingh/.m2/repository/org/mariadb/jdbc/mariadb-java-client/1.5.9/mariadb-java-client-1.5.9.jar:/home/prashantsingh/.m2/repository/org/postgresql/postgresql/9.4.1212.jre7/postgresql-9.4.1212.jre7.jar:/home/prashantsingh/.m2/repository/com/microsoft/sqlserver/mssql-jdbc/6.1.0.jre7/mssql-jdbc-6.1.0.jre7.jar:/home/prashantsingh/.m2/repository/org/springframework/cloud/spring-cloud-starter-config/1.4.5.RELEASE/spring-cloud-starter-config-1.4.5.RELEASE.jar:/home/prashantsingh/.m2/repository/org/springframework/cloud/spring-cloud-starter/1.3.5.RELEASE/spring-cloud-starter-1.3.5.RELEASE.jar:/home/prashantsingh/.m2/repository/org/springframework/cloud/spring-cloud-context/1.3.5.RELEASE/spring-cloud-context-1.3.5.RELEASE.jar:/home/prashantsingh/.m2/repository/org/springframework/security/spring-security-crypto/4.2.9.RELEASE/spring-security-crypto-4.2.9.RELEASE.jar:/home/prashantsingh/.m2/repository/org/springframework/cloud/spring-cloud-commons/1.3.5.RELEASE/spring-cloud-commons-1.3.5.RELEASE.jar:/home/prashantsingh/.m2/repository/org/springframework/security/spring-security-rsa/1.0.3.RELEASE/spring-security-rsa-1.0.3.RELEASE.jar:/home/prashantsingh/.m2/repository/org/bouncycastle/bcpkix-jdk15on/1.55/bcpkix-jdk15on-1.55.jar:/home/prashantsingh/.m2/repository/org/bouncycastle/bcprov-jdk15on/1.55/bcprov-jdk15on-1.55.jar:/home/prashantsingh/.m2/repository/org/springframework/cloud/spring-cloud-config-client/1.4.5.RELEASE/spring-cloud-config-client-1.4.5.RELEASE.jar:/home/prashantsingh/.m2/repository/org/springframework/cloud/spring-cloud-starter-hystrix/1.4.6.RELEASE/spring-cloud-starter-hystrix-1.4.6.RELEASE.jar:/home/prashantsingh/.m2/repository/org/springframework/cloud/spring-cloud-starter-netflix-hystrix/1.4.6.RELEASE/spring-cloud-starter-netflix-hystrix-1.4.6.RELEASE.jar:/home/prashantsingh/.m2/repository/org/springframework/cloud/spring-cloud-netflix-core/1.4.6.RELEASE/spring-cloud-netflix-core-1.4.6.RELEASE.jar:/home/prashantsingh/.m2/repository/org/springframework/cloud/spring-cloud-starter-netflix-archaius/1.4.6.RELEASE/spring-cloud-starter-netflix-archaius-1.4.6.RELEASE.jar:/home/prashantsingh/.m2/repository/com/netflix/archaius/archaius-core/0.7.4/archaius-core-0.7.4.jar:/home/prashantsingh/.m2/repository/com/google/code/findbugs/jsr305/3.0.1/jsr305-3.0.1.jar:/home/prashantsingh/.m2/repository/commons-configuration/commons-configuration/1.8/commons-configuration-1.8.jar:/home/prashantsingh/.m2/repository/com/google/guava/guava/18.0/guava-18.0.jar:/home/prashantsingh/.m2/repository/com/netflix/hystrix/hystrix-core/1.5.12/hystrix-core-1.5.12.jar:/home/prashantsingh/.m2/repository/io/reactivex/rxjava/1.2.0/rxjava-1.2.0.jar:/home/prashantsingh/.m2/repository/org/hdrhistogram/HdrHistogram/2.1.9/HdrHistogram-2.1.9.jar:/home/prashantsingh/.m2/repository/com/netflix/hystrix/hystrix-metrics-event-stream/1.5.12/hystrix-metrics-event-stream-1.5.12.jar:/home/prashantsingh/.m2/repository/com/netflix/hystrix/hystrix-serialization/1.5.12/hystrix-serialization-1.5.12.jar:/home/prashantsingh/.m2/repository/com/fasterxml/jackson/module/jackson-module-afterburner/2.8.11/jackson-module-afterburner-2.8.11.jar:/home/prashantsingh/.m2/repository/com/netflix/hystrix/hystrix-javanica/1.5.12/hystrix-javanica-1.5.12.jar:/home/prashantsingh/.m2/repository/org/springframework/batch/spring-batch-admin-manager/1.3.1.RELEASE/spring-batch-admin-manager-1.3.1.RELEASE.jar:/home/prashantsingh/.m2/repository/org/aspectj/aspectjrt/1.8.13/aspectjrt-1.8.13.jar:/home/prashantsingh/.m2/repository/org/aspectj/aspectjweaver/1.8.13/aspectjweaver-1.8.13.jar:/home/prashantsingh/.m2/repository/org/springframework/batch/spring-batch-integration/3.0.9.RELEASE/spring-batch-integration-3.0.9.RELEASE.jar:/home/prashantsingh/.m2/repository/org/springframework/spring-messaging/4.3.20.RELEASE/spring-messaging-4.3.20.RELEASE.jar:/home/prashantsingh/.m2/repository/org/springframework/integration/spring-integration-core/4.3.17.RELEASE/spring-integration-core-4.3.17.RELEASE.jar:/home/prashantsingh/.m2/repository/org/springframework/integration/spring-integration-jmx/4.3.17.RELEASE/spring-integration-jmx-4.3.17.RELEASE.jar:/home/prashantsingh/.m2/repository/org/springframework/integration/spring-integration-http/4.3.17.RELEASE/spring-integration-http-4.3.17.RELEASE.jar:/home/prashantsingh/.m2/repository/org/springframework/integration/spring-integration-file/4.3.17.RELEASE/spring-integration-file-4.3.17.RELEASE.jar:/home/prashantsingh/.m2/repository/commons-fileupload/commons-fileupload/1.3.1/commons-fileupload-1.3.1.jar:/home/prashantsingh/.m2/repository/commons-collections/commons-collections/3.2.2/commons-collections-3.2.2.jar:/home/prashantsingh/.m2/repository/org/springframework/batch/spring-batch-admin-resources/1.3.1.RELEASE/spring-batch-admin-resources-1.3.1.RELEASE.jar:/home/prashantsingh/.m2/repository/org/springframework/cloud/spring-cloud-skipper-client/1.1.1.RELEASE/spring-cloud-skipper-client-1.1.1.RELEASE.jar:/home/prashantsingh/.m2/repository/org/springframework/cloud/spring-cloud-skipper/1.1.1.RELEASE/spring-cloud-skipper-1.1.1.RELEASE.jar:/home/prashantsingh/.m2/repository/org/springframework/data/spring-data-keyvalue/1.2.16.RELEASE/spring-data-keyvalue-1.2.16.RELEASE.jar:/home/prashantsingh/.m2/repository/com/fasterxml/jackson/dataformat/jackson-dataformat-yaml/2.8.11/jackson-dataformat-yaml-2.8.11.jar:/home/prashantsingh/.m2/repository/org/zeroturnaround/zt-zip/1.11/zt-zip-1.11.jar:/home/prashantsingh/.m2/repository/org/apache/commons/commons-lang3/3.4/commons-lang3-3.4.jar:/home/prashantsingh/.m2/repository/org/springframework/cloud/spring-cloud-dataflow-server-local-autoconfig/1.7.1.RELEASE/spring-cloud-dataflow-server-local-autoconfig-1.7.1.RELEASE.jar:/home/prashantsingh/.m2/repository/org/springframework/cloud/spring-cloud-deployer-resource-support/1.3.4.RELEASE/spring-cloud-deployer-resource-support-1.3.4.RELEASE.jar:/home/prashantsingh/.m2/repository/org/hibernate/hibernate-core/5.2.12.Final/hibernate-core-5.2.12.Final.jar:/home/prashantsingh/.m2/repository/org/jboss/logging/jboss-logging/3.3.2.Final/jboss-logging-3.3.2.Final.jar:/home/prashantsingh/.m2/repository/org/hibernate/javax/persistence/hibernate-jpa-2.1-api/1.0.0.Final/hibernate-jpa-2.1-api-1.0.0.Final.jar:/home/prashantsingh/.m2/repository/org/javassist/javassist/3.21.0-GA/javassist-3.21.0-GA.jar:/home/prashantsingh/.m2/repository/antlr/antlr/2.7.7/antlr-2.7.7.jar:/home/prashantsingh/.m2/repository/org/jboss/spec/javax/transaction/jboss-transaction-api_1.2_spec/1.0.1.Final/jboss-transaction-api_1.2_spec-1.0.1.Final.jar:/home/prashantsingh/.m2/repository/org/jboss/jandex/2.0.3.Final/jandex-2.0.3.Final.jar:/home/prashantsingh/.m2/repository/com/fasterxml/classmate/1.3.4/classmate-1.3.4.jar:/home/prashantsingh/.m2/repository/dom4j/dom4j/1.6.1/dom4j-1.6.1.jar:/home/prashantsingh/.m2/repository/org/hibernate/common/hibernate-commons-annotations/5.0.1.Final/hibernate-commons-annotations-5.0.1.Final.jar:/home/prashantsingh/.m2/repository/org/hibernate/hibernate-entitymanager/5.2.12.Final/hibernate-entitymanager-5.2.12.Final.jar:/home/prashantsingh/.m2/repository/net/bytebuddy/byte-buddy/1.6.14/byte-buddy-1.6.14.jar:, user.name=prashantsingh, java.vm.specification.version=1.8, sun.java.command=/home/prashantsingh/Desktop/STS_Workspace/scdfdemo/target/surefire/surefirebooter3045195718012816203.jar /home/prashantsingh/Desktop/STS_Workspace/scdfdemo/target/surefire/surefire559666564427066310tmp /home/prashantsingh/Desktop/STS_Workspace/scdfdemo/target/surefire/surefire_05065136911053640205tmp, java.home=/usr/lib/jvm/java-8-oracle/jre, sun.arch.data.model=64, user.language=en, java.specification.vendor=Oracle Corporation, awt.toolkit=sun.awt.X11.XToolkit, java.vm.info=mixed mode, java.version=1.8.0_201, java.ext.dirs=/usr/lib/jvm/java-8-oracle/jre/lib/ext:/usr/java/packages/lib/ext, sun.boot.class.path=/usr/lib/jvm/java-8-oracle/jre/lib/resources.jar:/usr/lib/jvm/java-8-oracle/jre/lib/rt.jar:/usr/lib/jvm/java-8-oracle/jre/lib/sunrsasign.jar:/usr/lib/jvm/java-8-oracle/jre/lib/jsse.jar:/usr/lib/jvm/java-8-oracle/jre/lib/jce.jar:/usr/lib/jvm/java-8-oracle/jre/lib/charsets.jar:/usr/lib/jvm/java-8-oracle/jre/lib/jfr.jar:/usr/lib/jvm/java-8-oracle/jre/classes, java.vendor=Oracle Corporation, localRepository=/home/prashantsingh/.m2/repository, file.separator=/, java.vendor.url.bug=http://bugreport.sun.com/bugreport/, sun.io.unicode.encoding=UnicodeLittle, sun.cpu.endian=little, sun.desktop=gnome, sun.cpu.isalist=}}, SystemEnvironmentPropertySource@789219251 {name='systemEnvironment', properties={PATH=/usr/local/sbin:/usr/local/bin:/usr/sbin:/usr/bin:/sbin:/bin:/usr/games:/usr/local/games:/snap/bin:/usr/lib/jvm/java-8-oracle/bin:/usr/lib/jvm/java-8-oracle/db/bin:/usr/lib/jvm/java-8-oracle/jre/bin, XAUTHORITY=/run/user/1000/gdm/Xauthority, INVOCATION_ID=b9c74bba79aa4ea895c432c273efecc4, XMODIFIERS=@im=ibus, XDG_DATA_DIRS=/usr/share/ubuntu:/usr/local/share:/usr/share:/var/lib/snapd/desktop, GDMSESSION=ubuntu, TEXTDOMAINDIR=/usr/share/locale/, GTK_IM_MODULE=ibus, DBUS_SESSION_BUS_ADDRESS=unix:path=/run/user/1000/bus,guid=5dd4eeb658ab5c1b65c2200e5cbd4f7c, XDG_CURRENT_DESKTOP=ubuntu:GNOME, JOURNAL_STREAM=9:44479, SSH_AGENT_PID=4104, QT4_IM_MODULE=xim, SESSION_MANAGER=local/ankit:@/tmp/.ICE-unix/4009,unix/ankit:/tmp/.ICE-unix/4009, USERNAME=prashantsingh, LOGNAME=prashantsingh, PWD=/home/prashantsingh/Desktop/STS_Workspace/scdfdemo, MANAGERPID=3979, DERBY_HOME=/usr/lib/jvm/java-8-oracle/db, IM_CONFIG_PHASE=2, S_COLORS=auto, LANGUAGE=en_IN:en, SHELL=/bin/bash, J2SDKDIR=/usr/lib/jvm/java-8-oracle, OLDPWD=/home/prashantsingh/Desktop/STS_Workspace/scdfdemo, GNOME_DESKTOP_SESSION_ID=this-is-deprecated, GTK_MODULES=gail:atk-bridge, J2REDIR=/usr/lib/jvm/java-8-oracle/jre, CLUTTER_IM_MODULE=xim, TEXTDOMAIN=im-config, DBUS_STARTER_ADDRESS=unix:path=/run/user/1000/bus,guid=5dd4eeb658ab5c1b65c2200e5cbd4f7c, XDG_SESSION_DESKTOP=ubuntu, SHLVL=0, OXYGEN_DISABLE_INNER_SHADOWS_HACK=1, QT_IM_MODULE=ibus, JAVA_HOME=/usr/lib/jvm/java-8-oracle, XDG_CONFIG_DIRS=/etc/xdg/xdg-ubuntu:/etc/xdg, LANG=en_IN, XDG_SESSION_ID=3, XDG_SESSION_TYPE=x11, DISPLAY=:0, _=/usr/bin/dbus-update-activation-environment, LIBOVERLAY_SCROLLBAR=0, GPG_AGENT_INFO=/run/user/1000/gnupg/S.gpg-agent:0:1, GDK_CORE_DEVICE_EVENTS=1, DESKTOP_SESSION=ubuntu, USER=prashantsingh, XDG_MENU_PREFIX=gnome-, QT_ACCESSIBILITY=1, WINDOWPATH=2, SSH_AUTH_SOCK=/run/user/1000/keyring/ssh, XDG_SEAT=seat0, GNOME_SHELL_SESSION_MODE=ubuntu, XDG_VTNR=2, XDG_RUNTIME_DIR=/run/user/1000, DBUS_STARTER_BUS_TYPE=session, HOME=/home/prashantsingh}}]
11:10:26.939 [main] DEBUG org.springframework.core.io.support.PathMatchingResourcePatternResolver - Resolved classpath location [com/scdfdemo/scdfdemo/] to resources [URL [file:/home/prashantsingh/Desktop/STS_Workspace/scdfdemo/target/test-classes/com/scdfdemo/scdfdemo/], URL [file:/home/prashantsingh/Desktop/STS_Workspace/scdfdemo/target/classes/com/scdfdemo/scdfdemo/]]
11:10:26.940 [main] DEBUG org.springframework.core.io.support.PathMatchingResourcePatternResolver - Looking for matching resources in directory tree [/home/prashantsingh/Desktop/STS_Workspace/scdfdemo/target/test-classes/com/scdfdemo/scdfdemo]
11:10:26.941 [main] DEBUG org.springframework.core.io.support.PathMatchingResourcePatternResolver - Searching directory [/home/prashantsingh/Desktop/STS_Workspace/scdfdemo/target/test-classes/com/scdfdemo/scdfdemo] for files matching pattern [/home/prashantsingh/Desktop/STS_Workspace/scdfdemo/target/test-classes/com/scdfdemo/scdfdemo/*.class]
11:10:26.945 [main] DEBUG org.springframework.core.io.support.PathMatchingResourcePatternResolver - Looking for matching resources in directory tree [/home/prashantsingh/Desktop/STS_Workspace/scdfdemo/target/classes/com/scdfdemo/scdfdemo]
11:10:26.946 [main] DEBUG org.springframework.core.io.support.PathMatchingResourcePatternResolver - Searching directory [/home/prashantsingh/Desktop/STS_Workspace/scdfdemo/target/classes/com/scdfdemo/scdfdemo] for files matching pattern [/home/prashantsingh/Desktop/STS_Workspace/scdfdemo/target/classes/com/scdfdemo/scdfdemo/*.class]
11:10:26.947 [main] DEBUG org.springframework.core.io.support.PathMatchingResourcePatternResolver - Resolved location pattern [classpath*:com/scdfdemo/scdfdemo/*.class] to resources [file [/home/prashantsingh/Desktop/STS_Workspace/scdfdemo/target/test-classes/com/scdfdemo/scdfdemo/ScdfdemoApplicationTests.class], file [/home/prashantsingh/Desktop/STS_Workspace/scdfdemo/target/classes/com/scdfdemo/scdfdemo/ScdfdemoApplication.class]]
11:10:27.031 [main] DEBUG org.springframework.context.annotation.ClassPathScanningCandidateComponentProvider - Identified candidate component class: file [/home/prashantsingh/Desktop/STS_Workspace/scdfdemo/target/classes/com/scdfdemo/scdfdemo/ScdfdemoApplication.class]
11:10:27.032 [main] INFO org.springframework.boot.test.context.SpringBootTestContextBootstrapper - Found @SpringBootConfiguration com.scdfdemo.scdfdemo.ScdfdemoApplication for test class com.scdfdemo.scdfdemo.ScdfdemoApplicationTests
11:10:27.038 [main] DEBUG org.springframework.boot.test.context.SpringBootTestContextBootstrapper - @TestExecutionListeners is not present for class [com.scdfdemo.scdfdemo.ScdfdemoApplicationTests]: using defaults.
11:10:27.052 [main] INFO org.springframework.boot.test.context.SpringBootTestContextBootstrapper - Loaded default TestExecutionListener class names from location [META-INF/spring.factories]: [org.springframework.boot.test.mock.mockito.MockitoTestExecutionListener, org.springframework.boot.test.mock.mockito.ResetMocksTestExecutionListener, org.springframework.boot.test.autoconfigure.restdocs.RestDocsTestExecutionListener, org.springframework.boot.test.autoconfigure.web.client.MockRestServiceServerResetTestExecutionListener, org.springframework.boot.test.autoconfigure.web.servlet.MockMvcPrintOnlyOnFailureTestExecutionListener, org.springframework.boot.test.autoconfigure.web.servlet.WebDriverTestExecutionListener, org.springframework.test.context.web.ServletTestExecutionListener, org.springframework.test.context.support.DirtiesContextBeforeModesTestExecutionListener, org.springframework.test.context.support.DependencyInjectionTestExecutionListener, org.springframework.test.context.support.DirtiesContextTestExecutionListener, org.springframework.test.context.transaction.TransactionalTestExecutionListener, org.springframework.test.context.jdbc.SqlScriptsTestExecutionListener]
11:10:27.086 [main] INFO org.springframework.boot.test.context.SpringBootTestContextBootstrapper - Using TestExecutionListeners: [org.springframework.test.context.web.ServletTestExecutionListener@14d3bc22, org.springframework.test.context.support.DirtiesContextBeforeModesTestExecutionListener@12d4bf7e, org.springframework.boot.test.mock.mockito.MockitoTestExecutionListener@4c1d9d4b, org.springframework.boot.test.autoconfigure.SpringBootDependencyInjectionTestExecutionListener@7b227d8d, org.springframework.test.context.support.DirtiesContextTestExecutionListener@7219ec67, org.springframework.test.context.transaction.TransactionalTestExecutionListener@45018215, org.springframework.test.context.jdbc.SqlScriptsTestExecutionListener@65d6b83b, org.springframework.boot.test.mock.mockito.ResetMocksTestExecutionListener@d706f19, org.springframework.boot.test.autoconfigure.restdocs.RestDocsTestExecutionListener@30b7c004, org.springframework.boot.test.autoconfigure.web.client.MockRestServiceServerResetTestExecutionListener@79efed2d, org.springframework.boot.test.autoconfigure.web.servlet.MockMvcPrintOnlyOnFailureTestExecutionListener@2928854b, org.springframework.boot.test.autoconfigure.web.servlet.WebDriverTestExecutionListener@27ae2fd0]
11:10:27.093 [main] DEBUG org.springframework.test.annotation.ProfileValueUtils - Retrieved @ProfileValueSourceConfiguration [null] for test class [com.scdfdemo.scdfdemo.ScdfdemoApplicationTests]
11:10:27.093 [main] DEBUG org.springframework.test.annotation.ProfileValueUtils - Retrieved ProfileValueSource type [class org.springframework.test.annotation.SystemProfileValueSource] for class [com.scdfdemo.scdfdemo.ScdfdemoApplicationTests]
11:10:27.097 [main] DEBUG org.springframework.test.context.junit4.SpringJUnit4ClassRunner - SpringJUnit4ClassRunner constructor called with [class com.scdfdemo.scdfdemo.ScdfdemoApplicationTests]
11:10:27.097 [main] DEBUG org.springframework.test.context.BootstrapUtils - Instantiating CacheAwareContextLoaderDelegate from class [org.springframework.test.context.cache.DefaultCacheAwareContextLoaderDelegate]
11:10:27.097 [main] DEBUG org.springframework.test.context.BootstrapUtils - Instantiating BootstrapContext using constructor [public org.springframework.test.context.support.DefaultBootstrapContext(java.lang.Class,org.springframework.test.context.CacheAwareContextLoaderDelegate)]
11:10:27.098 [main] DEBUG org.springframework.test.context.BootstrapUtils - Instantiating TestContextBootstrapper for test class [com.scdfdemo.scdfdemo.ScdfdemoApplicationTests] from class [org.springframework.boot.test.context.SpringBootTestContextBootstrapper]
11:10:27.099 [main] INFO org.springframework.boot.test.context.SpringBootTestContextBootstrapper - Neither @ContextConfiguration nor @ContextHierarchy found for test class [com.scdfdemo.scdfdemo.ScdfdemoApplicationTests], using SpringBootContextLoader
11:10:27.100 [main] DEBUG org.springframework.test.context.support.AbstractContextLoader - Did not detect default resource location for test class [com.scdfdemo.scdfdemo.ScdfdemoApplicationTests]: class path resource [com/scdfdemo/scdfdemo/ScdfdemoApplicationTests-context.xml] does not exist
11:10:27.102 [main] DEBUG org.springframework.test.context.support.AbstractContextLoader - Did not detect default resource location for test class [com.scdfdemo.scdfdemo.ScdfdemoApplicationTests]: class path resource [com/scdfdemo/scdfdemo/ScdfdemoApplicationTestsContext.groovy] does not exist
11:10:27.102 [main] INFO org.springframework.test.context.support.AbstractContextLoader - Could not detect default resource locations for test class [com.scdfdemo.scdfdemo.ScdfdemoApplicationTests]: no resource found for suffixes {-context.xml, Context.groovy}.
11:10:27.102 [main] INFO org.springframework.test.context.support.AnnotationConfigContextLoaderUtils - Could not detect default configuration classes for test class [com.scdfdemo.scdfdemo.ScdfdemoApplicationTests]: ScdfdemoApplicationTests does not declare any static, non-private, non-final, nested classes annotated with @Configuration.
11:10:27.114 [main] DEBUG org.springframework.test.context.support.ActiveProfilesUtils - Could not find an 'annotation declaring class' for annotation type [org.springframework.test.context.ActiveProfiles] and class [com.scdfdemo.scdfdemo.ScdfdemoApplicationTests]
11:10:27.114 [main] DEBUG org.springframework.core.env.StandardEnvironment - Adding PropertySource 'systemProperties' with lowest search precedence
11:10:27.115 [main] DEBUG org.springframework.core.env.StandardEnvironment - Adding PropertySource 'systemEnvironment' with lowest search precedence
11:10:27.116 [main] DEBUG org.springframework.core.env.StandardEnvironment - Initialized StandardEnvironment with PropertySources [MapPropertySource@355790875 {name='systemProperties', properties={java.runtime.name=Java(TM) SE Runtime Environment, sun.boot.library.path=/usr/lib/jvm/java-8-oracle/jre/lib/amd64, java.vm.version=25.201-b09, java.vm.vendor=Oracle Corporation, java.vendor.url=http://java.oracle.com/, path.separator=:, java.vm.name=Java HotSpot(TM) 64-Bit Server VM, file.encoding.pkg=sun.io, user.country=IN, sun.java.launcher=SUN_STANDARD, sun.os.patch.level=unknown, java.vm.specification.name=Java Virtual Machine Specification, user.dir=/home/prashantsingh/Desktop/STS_Workspace/scdfdemo, java.runtime.version=1.8.0_201-b09, basedir=/home/prashantsingh/Desktop/STS_Workspace/scdfdemo, java.awt.graphicsenv=sun.awt.X11GraphicsEnvironment, java.endorsed.dirs=/usr/lib/jvm/java-8-oracle/jre/lib/endorsed, os.arch=amd64, surefire.real.class.path=/home/prashantsingh/Desktop/STS_Workspace/scdfdemo/target/surefire/surefirebooter3045195718012816203.jar, java.io.tmpdir=/tmp, line.separator=
, java.vm.specification.vendor=Oracle Corporation, os.name=Linux, sun.jnu.encoding=UTF-8, java.library.path=/usr/java/packages/lib/amd64:/usr/lib64:/lib64:/lib:/usr/lib, surefire.test.class.path=/home/prashantsingh/Desktop/STS_Workspace/scdfdemo/target/test-classes:/home/prashantsingh/Desktop/STS_Workspace/scdfdemo/target/classes:/home/prashantsingh/.m2/repository/mysql/mysql-connector-java/5.1.6/mysql-connector-java-5.1.6.jar:/home/prashantsingh/.m2/repository/org/springframework/boot/spring-boot-starter/1.5.17.RELEASE/spring-boot-starter-1.5.17.RELEASE.jar:/home/prashantsingh/.m2/repository/org/springframework/boot/spring-boot/1.5.17.RELEASE/spring-boot-1.5.17.RELEASE.jar:/home/prashantsingh/.m2/repository/org/springframework/spring-context/4.3.20.RELEASE/spring-context-4.3.20.RELEASE.jar:/home/prashantsingh/.m2/repository/org/springframework/spring-aop/4.3.20.RELEASE/spring-aop-4.3.20.RELEASE.jar:/home/prashantsingh/.m2/repository/org/springframework/spring-beans/4.3.20.RELEASE/spring-beans-4.3.20.RELEASE.jar:/home/prashantsingh/.m2/repository/org/springframework/spring-expression/4.3.20.RELEASE/spring-expression-4.3.20.RELEASE.jar:/home/prashantsingh/.m2/repository/org/springframework/boot/spring-boot-autoconfigure/1.5.17.RELEASE/spring-boot-autoconfigure-1.5.17.RELEASE.jar:/home/prashantsingh/.m2/repository/org/springframework/boot/spring-boot-starter-logging/1.5.17.RELEASE/spring-boot-starter-logging-1.5.17.RELEASE.jar:/home/prashantsingh/.m2/repository/ch/qos/logback/logback-classic/1.1.11/logback-classic-1.1.11.jar:/home/prashantsingh/.m2/repository/ch/qos/logback/logback-core/1.1.11/logback-core-1.1.11.jar:/home/prashantsingh/.m2/repository/org/slf4j/jcl-over-slf4j/1.7.25/jcl-over-slf4j-1.7.25.jar:/home/prashantsingh/.m2/repository/org/slf4j/jul-to-slf4j/1.7.25/jul-to-slf4j-1.7.25.jar:/home/prashantsingh/.m2/repository/org/slf4j/log4j-over-slf4j/1.7.25/log4j-over-slf4j-1.7.25.jar:/home/prashantsingh/.m2/repository/org/springframework/spring-core/4.3.20.RELEASE/spring-core-4.3.20.RELEASE.jar:/home/prashantsingh/.m2/repository/org/yaml/snakeyaml/1.17/snakeyaml-1.17.jar:/home/prashantsingh/.m2/repository/org/springframework/boot/spring-boot-starter-test/1.5.17.RELEASE/spring-boot-starter-test-1.5.17.RELEASE.jar:/home/prashantsingh/.m2/repository/org/springframework/boot/spring-boot-test/1.5.17.RELEASE/spring-boot-test-1.5.17.RELEASE.jar:/home/prashantsingh/.m2/repository/org/springframework/boot/spring-boot-test-autoconfigure/1.5.17.RELEASE/spring-boot-test-autoconfigure-1.5.17.RELEASE.jar:/home/prashantsingh/.m2/repository/com/jayway/jsonpath/json-path/2.2.0/json-path-2.2.0.jar:/home/prashantsingh/.m2/repository/net/minidev/json-smart/2.2.1/json-smart-2.2.1.jar:/home/prashantsingh/.m2/repository/net/minidev/accessors-smart/1.1/accessors-smart-1.1.jar:/home/prashantsingh/.m2/repository/org/ow2/asm/asm/5.0.3/asm-5.0.3.jar:/home/prashantsingh/.m2/repository/org/slf4j/slf4j-api/1.7.25/slf4j-api-1.7.25.jar:/home/prashantsingh/.m2/repository/junit/junit/4.12/junit-4.12.jar:/home/prashantsingh/.m2/repository/org/assertj/assertj-core/2.6.0/assertj-core-2.6.0.jar:/home/prashantsingh/.m2/repository/org/mockito/mockito-core/1.10.19/mockito-core-1.10.19.jar:/home/prashantsingh/.m2/repository/org/objenesis/objenesis/2.1/objenesis-2.1.jar:/home/prashantsingh/.m2/repository/org/hamcrest/hamcrest-core/1.3/hamcrest-core-1.3.jar:/home/prashantsingh/.m2/repository/org/hamcrest/hamcrest-library/1.3/hamcrest-library-1.3.jar:/home/prashantsingh/.m2/repository/org/skyscreamer/jsonassert/1.4.0/jsonassert-1.4.0.jar:/home/prashantsingh/.m2/repository/com/vaadin/external/google/android-json/0.0.20131108.vaadin1/android-json-0.0.20131108.vaadin1.jar:/home/prashantsingh/.m2/repository/org/springframework/spring-test/4.3.20.RELEASE/spring-test-4.3.20.RELEASE.jar:/home/prashantsingh/.m2/repository/org/springframework/cloud/spring-cloud-starter-dataflow-server-local/1.7.1.RELEASE/spring-cloud-starter-dataflow-server-local-1.7.1.RELEASE.jar:/home/prashantsingh/.m2/repository/org/springframework/cloud/spring-cloud-deployer-local/1.3.9.RELEASE/spring-cloud-deployer-local-1.3.9.RELEASE.jar:/home/prashantsingh/.m2/repository/org/springframework/cloud/spring-cloud-deployer-spi/1.3.4.RELEASE/spring-cloud-deployer-spi-1.3.4.RELEASE.jar:/home/prashantsingh/.m2/repository/org/springframework/cloud/spring-cloud-deployer-resource-maven/1.3.4.RELEASE/spring-cloud-deployer-resource-maven-1.3.4.RELEASE.jar:/home/prashantsingh/.m2/repository/org/eclipse/aether/aether-impl/1.0.2.v20150114/aether-impl-1.0.2.v20150114.jar:/home/prashantsingh/.m2/repository/org/eclipse/aether/aether-api/1.0.2.v20150114/aether-api-1.0.2.v20150114.jar:/home/prashantsingh/.m2/repository/org/eclipse/aether/aether-spi/1.0.2.v20150114/aether-spi-1.0.2.v20150114.jar:/home/prashantsingh/.m2/repository/org/eclipse/aether/aether-util/1.0.2.v20150114/aether-util-1.0.2.v20150114.jar:/home/prashantsingh/.m2/repository/org/eclipse/aether/aether-connector-basic/1.0.2.v20150114/aether-connector-basic-1.0.2.v20150114.jar:/home/prashantsingh/.m2/repository/org/eclipse/aether/aether-transport-file/1.0.2.v20150114/aether-transport-file-1.0.2.v20150114.jar:/home/prashantsingh/.m2/repository/org/eclipse/aether/aether-transport-http/1.0.2.v20150114/aether-transport-http-1.0.2.v20150114.jar:/home/prashantsingh/.m2/repository/org/apache/maven/maven-aether-provider/3.2.1/maven-aether-provider-3.2.1.jar:/home/prashantsingh/.m2/repository/org/apache/maven/maven-model/3.2.1/maven-model-3.2.1.jar:/home/prashantsingh/.m2/repository/org/apache/maven/maven-model-builder/3.2.1/maven-model-builder-3.2.1.jar:/home/prashantsingh/.m2/repository/org/codehaus/plexus/plexus-interpolation/1.19/plexus-interpolation-1.19.jar:/home/prashantsingh/.m2/repository/org/apache/maven/maven-repository-metadata/3.2.1/maven-repository-metadata-3.2.1.jar:/home/prashantsingh/.m2/repository/org/codehaus/plexus/plexus-component-annotations/1.5.5/plexus-component-annotations-1.5.5.jar:/home/prashantsingh/.m2/repository/org/codehaus/plexus/plexus-utils/3.0.17/plexus-utils-3.0.17.jar:/home/prashantsingh/.m2/repository/org/springframework/cloud/spring-cloud-deployer-resource-docker/1.3.4.RELEASE/spring-cloud-deployer-resource-docker-1.3.4.RELEASE.jar:/home/prashantsingh/.m2/repository/org/springframework/spring-web/4.3.20.RELEASE/spring-web-4.3.20.RELEASE.jar:/home/prashantsingh/.m2/repository/com/fasterxml/jackson/core/jackson-databind/2.8.11.2/jackson-databind-2.8.11.2.jar:/home/prashantsingh/.m2/repository/com/fasterxml/jackson/core/jackson-annotations/2.8.0/jackson-annotations-2.8.0.jar:/home/prashantsingh/.m2/repository/com/fasterxml/jackson/core/jackson-core/2.8.11/jackson-core-2.8.11.jar:/home/prashantsingh/.m2/repository/org/springframework/boot/spring-boot-starter-validation/1.5.17.RELEASE/spring-boot-starter-validation-1.5.17.RELEASE.jar:/home/prashantsingh/.m2/repository/org/apache/tomcat/embed/tomcat-embed-el/8.5.34/tomcat-embed-el-8.5.34.jar:/home/prashantsingh/.m2/repository/org/hibernate/hibernate-validator/5.3.6.Final/hibernate-validator-5.3.6.Final.jar:/home/prashantsingh/.m2/repository/javax/validation/validation-api/1.1.0.Final/validation-api-1.1.0.Final.jar:/home/prashantsingh/.m2/repository/org/springframework/cloud/spring-cloud-dataflow-server-core/1.7.1.RELEASE/spring-cloud-dataflow-server-core-1.7.1.RELEASE.jar:/home/prashantsingh/.m2/repository/com/zaxxer/HikariCP/2.5.1/HikariCP-2.5.1.jar:/home/prashantsingh/.m2/repository/org/springframework/boot/spring-boot-starter-data-jpa/1.5.17.RELEASE/spring-boot-starter-data-jpa-1.5.17.RELEASE.jar:/home/prashantsingh/.m2/repository/org/springframework/boot/spring-boot-starter-aop/1.5.17.RELEASE/spring-boot-starter-aop-1.5.17.RELEASE.jar:/home/prashantsingh/.m2/repository/javax/transaction/javax.transaction-api/1.2/javax.transaction-api-1.2.jar:/home/prashantsingh/.m2/repository/org/springframework/data/spring-data-jpa/1.11.16.RELEASE/spring-data-jpa-1.11.16.RELEASE.jar:/home/prashantsingh/.m2/repository/org/springframework/spring-orm/4.3.20.RELEASE/spring-orm-4.3.20.RELEASE.jar:/home/prashantsingh/.m2/repository/org/springframework/spring-tx/4.3.20.RELEASE/spring-tx-4.3.20.RELEASE.jar:/home/prashantsingh/.m2/repository/org/springframework/spring-aspects/4.3.20.RELEASE/spring-aspects-4.3.20.RELEASE.jar:/home/prashantsingh/.m2/repository/org/springframework/cloud/spring-cloud-dataflow-configuration-metadata/1.7.1.RELEASE/spring-cloud-dataflow-configuration-metadata-1.7.1.RELEASE.jar:/home/prashantsingh/.m2/repository/org/springframework/boot/spring-boot-loader/1.5.17.RELEASE/spring-boot-loader-1.5.17.RELEASE.jar:/home/prashantsingh/.m2/repository/org/springframework/boot/spring-boot-configuration-metadata/1.5.17.RELEASE/spring-boot-configuration-metadata-1.5.17.RELEASE.jar:/home/prashantsingh/.m2/repository/org/springframework/cloud/spring-cloud-dataflow-completion/1.7.1.RELEASE/spring-cloud-dataflow-completion-1.7.1.RELEASE.jar:/home/prashantsingh/.m2/repository/org/springframework/cloud/spring-cloud-dataflow-core/1.7.1.RELEASE/spring-cloud-dataflow-core-1.7.1.RELEASE.jar:/home/prashantsingh/.m2/repository/commons-lang/commons-lang/2.4/commons-lang-2.4.jar:/home/prashantsingh/.m2/repository/org/springframework/cloud/spring-cloud-dataflow-rest-resource/1.7.1.RELEASE/spring-cloud-dataflow-rest-resource-1.7.1.RELEASE.jar:/home/prashantsingh/.m2/repository/org/springframework/batch/spring-batch-core/3.0.9.RELEASE/spring-batch-core-3.0.9.RELEASE.jar:/home/prashantsingh/.m2/repository/com/ibm/jbatch/com.ibm.jbatch-tck-spi/1.0/com.ibm.jbatch-tck-spi-1.0.jar:/home/prashantsingh/.m2/repository/javax/batch/javax.batch-api/1.0/javax.batch-api-1.0.jar:/home/prashantsingh/.m2/repository/com/thoughtworks/xstream/xstream/1.4.7/xstream-1.4.7.jar:/home/prashantsingh/.m2/repository/xmlpull/xmlpull/1.1.3.1/xmlpull-1.1.3.1.jar:/home/prashantsingh/.m2/repository/xpp3/xpp3_min/1.1.4c/xpp3_min-1.1.4c.jar:/home/prashantsingh/.m2/repository/org/codehaus/jettison/jettison/1.2/jettison-1.2.jar:/home/prashantsingh/.m2/repository/org/apache/httpcomponents/httpclient/4.5.6/httpclient-4.5.6.jar:/home/prashantsingh/.m2/repository/org/apache/httpcomponents/httpcore/4.4.10/httpcore-4.4.10.jar:/home/prashantsingh/.m2/repository/commons-codec/commons-codec/1.10/commons-codec-1.10.jar:/home/prashantsingh/.m2/repository/com/fasterxml/jackson/datatype/jackson-datatype-jsr310/2.8.11/jackson-datatype-jsr310-2.8.11.jar:/home/prashantsingh/.m2/repository/commons-io/commons-io/2.4/commons-io-2.4.jar:/home/prashantsingh/.m2/repository/org/springframework/cloud/spring-cloud-dataflow-registry/1.7.1.RELEASE/spring-cloud-dataflow-registry-1.7.1.RELEASE.jar:/home/prashantsingh/.m2/repository/org/springframework/cloud/spring-cloud-scheduler-spi/1.0.1.RELEASE/spring-cloud-scheduler-spi-1.0.1.RELEASE.jar:/home/prashantsingh/.m2/repository/org/springframework/boot/spring-boot-starter-web/1.5.17.RELEASE/spring-boot-starter-web-1.5.17.RELEASE.jar:/home/prashantsingh/.m2/repository/org/springframework/boot/spring-boot-starter-tomcat/1.5.17.RELEASE/spring-boot-starter-tomcat-1.5.17.RELEASE.jar:/home/prashantsingh/.m2/repository/org/apache/tomcat/embed/tomcat-embed-core/8.5.34/tomcat-embed-core-8.5.34.jar:/home/prashantsingh/.m2/repository/org/apache/tomcat/tomcat-annotations-api/8.5.34/tomcat-annotations-api-8.5.34.jar:/home/prashantsingh/.m2/repository/org/apache/tomcat/embed/tomcat-embed-websocket/8.5.34/tomcat-embed-websocket-8.5.34.jar:/home/prashantsingh/.m2/repository/org/springframework/spring-webmvc/4.3.20.RELEASE/spring-webmvc-4.3.20.RELEASE.jar:/home/prashantsingh/.m2/repository/org/springframework/boot/spring-boot-starter-data-redis/1.5.17.RELEASE/spring-boot-starter-data-redis-1.5.17.RELEASE.jar:/home/prashantsingh/.m2/repository/org/springframework/data/spring-data-redis/1.8.16.RELEASE/spring-data-redis-1.8.16.RELEASE.jar:/home/prashantsingh/.m2/repository/org/springframework/spring-oxm/4.3.20.RELEASE/spring-oxm-4.3.20.RELEASE.jar:/home/prashantsingh/.m2/repository/org/springframework/spring-context-support/4.3.20.RELEASE/spring-context-support-4.3.20.RELEASE.jar:/home/prashantsingh/.m2/repository/redis/clients/jedis/2.9.0/jedis-2.9.0.jar:/home/prashantsingh/.m2/repository/org/apache/commons/commons-pool2/2.4.3/commons-pool2-2.4.3.jar:/home/prashantsingh/.m2/repository/org/springframework/cloud/spring-cloud-starter-common-security-config-web/1.0.3.RELEASE/spring-cloud-starter-common-security-config-web-1.0.3.RELEASE.jar:/home/prashantsingh/.m2/repository/org/springframework/cloud/spring-cloud-common-security-config-web/1.0.3.RELEASE/spring-cloud-common-security-config-web-1.0.3.RELEASE.jar:/home/prashantsingh/.m2/repository/org/springframework/boot/spring-boot-starter-security/1.5.17.RELEASE/spring-boot-starter-security-1.5.17.RELEASE.jar:/home/prashantsingh/.m2/repository/org/springframework/security/spring-security-config/4.2.9.RELEASE/spring-security-config-4.2.9.RELEASE.jar:/home/prashantsingh/.m2/repository/org/springframework/security/spring-security-web/4.2.9.RELEASE/spring-security-web-4.2.9.RELEASE.jar:/home/prashantsingh/.m2/repository/org/springframework/security/spring-security-ldap/4.2.9.RELEASE/spring-security-ldap-4.2.9.RELEASE.jar:/home/prashantsingh/.m2/repository/org/springframework/ldap/spring-ldap-core/2.3.2.RELEASE/spring-ldap-core-2.3.2.RELEASE.jar:/home/prashantsingh/.m2/repository/org/springframework/security/spring-security-core/4.2.9.RELEASE/spring-security-core-4.2.9.RELEASE.jar:/home/prashantsingh/.m2/repository/aopalliance/aopalliance/1.0/aopalliance-1.0.jar:/home/prashantsingh/.m2/repository/org/springframework/security/oauth/spring-security-oauth2/2.0.16.RELEASE/spring-security-oauth2-2.0.16.RELEASE.jar:/home/prashantsingh/.m2/repository/org/springframework/session/spring-session/1.3.3.RELEASE/spring-session-1.3.3.RELEASE.jar:/home/prashantsingh/.m2/repository/org/springframework/cloud/spring-cloud-dataflow-ui/1.7.0.RELEASE/spring-cloud-dataflow-ui-1.7.0.RELEASE.jar:/home/prashantsingh/.m2/repository/org/springframework/boot/spring-boot-starter-actuator/1.5.17.RELEASE/spring-boot-starter-actuator-1.5.17.RELEASE.jar:/home/prashantsingh/.m2/repository/org/springframework/boot/spring-boot-actuator/1.5.17.RELEASE/spring-boot-actuator-1.5.17.RELEASE.jar:/home/prashantsingh/.m2/repository/org/springframework/hateoas/spring-hateoas/0.23.0.RELEASE/spring-hateoas-0.23.0.RELEASE.jar:/home/prashantsingh/.m2/repository/org/springframework/data/spring-data-commons/1.13.16.RELEASE/spring-data-commons-1.13.16.RELEASE.jar:/home/prashantsingh/.m2/repository/org/springframework/boot/spring-boot-starter-jdbc/1.5.17.RELEASE/spring-boot-starter-jdbc-1.5.17.RELEASE.jar:/home/prashantsingh/.m2/repository/org/springframework/spring-jdbc/4.3.20.RELEASE/spring-jdbc-4.3.20.RELEASE.jar:/home/prashantsingh/.m2/repository/org/springframework/plugin/spring-plugin-core/1.2.0.RELEASE/spring-plugin-core-1.2.0.RELEASE.jar:/home/prashantsingh/.m2/repository/org/springframework/analytics/spring-analytics/1.1.3.RELEASE/spring-analytics-1.1.3.RELEASE.jar:/home/prashantsingh/.m2/repository/org/springframework/retry/spring-retry/1.2.2.RELEASE/spring-retry-1.2.2.RELEASE.jar:/home/prashantsingh/.m2/repository/joda-time/joda-time/2.9.9/joda-time-2.9.9.jar:/home/prashantsingh/.m2/repository/org/springframework/cloud/spring-cloud-task-core/1.3.0.RELEASE/spring-cloud-task-core-1.3.0.RELEASE.jar:/home/prashantsingh/.m2/repository/org/springframework/batch/spring-batch-infrastructure/3.0.9.RELEASE/spring-batch-infrastructure-3.0.9.RELEASE.jar:/home/prashantsingh/.m2/repository/com/h2database/h2/1.4.197/h2-1.4.197.jar:/home/prashantsingh/.m2/repository/org/hsqldb/hsqldb/2.3.6/hsqldb-2.3.6.jar:/home/prashantsingh/.m2/repository/org/mariadb/jdbc/mariadb-java-client/1.5.9/mariadb-java-client-1.5.9.jar:/home/prashantsingh/.m2/repository/org/postgresql/postgresql/9.4.1212.jre7/postgresql-9.4.1212.jre7.jar:/home/prashantsingh/.m2/repository/com/microsoft/sqlserver/mssql-jdbc/6.1.0.jre7/mssql-jdbc-6.1.0.jre7.jar:/home/prashantsingh/.m2/repository/org/springframework/cloud/spring-cloud-starter-config/1.4.5.RELEASE/spring-cloud-starter-config-1.4.5.RELEASE.jar:/home/prashantsingh/.m2/repository/org/springframework/cloud/spring-cloud-starter/1.3.5.RELEASE/spring-cloud-starter-1.3.5.RELEASE.jar:/home/prashantsingh/.m2/repository/org/springframework/cloud/spring-cloud-context/1.3.5.RELEASE/spring-cloud-context-1.3.5.RELEASE.jar:/home/prashantsingh/.m2/repository/org/springframework/security/spring-security-crypto/4.2.9.RELEASE/spring-security-crypto-4.2.9.RELEASE.jar:/home/prashantsingh/.m2/repository/org/springframework/cloud/spring-cloud-commons/1.3.5.RELEASE/spring-cloud-commons-1.3.5.RELEASE.jar:/home/prashantsingh/.m2/repository/org/springframework/security/spring-security-rsa/1.0.3.RELEASE/spring-security-rsa-1.0.3.RELEASE.jar:/home/prashantsingh/.m2/repository/org/bouncycastle/bcpkix-jdk15on/1.55/bcpkix-jdk15on-1.55.jar:/home/prashantsingh/.m2/repository/org/bouncycastle/bcprov-jdk15on/1.55/bcprov-jdk15on-1.55.jar:/home/prashantsingh/.m2/repository/org/springframework/cloud/spring-cloud-config-client/1.4.5.RELEASE/spring-cloud-config-client-1.4.5.RELEASE.jar:/home/prashantsingh/.m2/repository/org/springframework/cloud/spring-cloud-starter-hystrix/1.4.6.RELEASE/spring-cloud-starter-hystrix-1.4.6.RELEASE.jar:/home/prashantsingh/.m2/repository/org/springframework/cloud/spring-cloud-starter-netflix-hystrix/1.4.6.RELEASE/spring-cloud-starter-netflix-hystrix-1.4.6.RELEASE.jar:/home/prashantsingh/.m2/repository/org/springframework/cloud/spring-cloud-netflix-core/1.4.6.RELEASE/spring-cloud-netflix-core-1.4.6.RELEASE.jar:/home/prashantsingh/.m2/repository/org/springframework/cloud/spring-cloud-starter-netflix-archaius/1.4.6.RELEASE/spring-cloud-starter-netflix-archaius-1.4.6.RELEASE.jar:/home/prashantsingh/.m2/repository/com/netflix/archaius/archaius-core/0.7.4/archaius-core-0.7.4.jar:/home/prashantsingh/.m2/repository/com/google/code/findbugs/jsr305/3.0.1/jsr305-3.0.1.jar:/home/prashantsingh/.m2/repository/commons-configuration/commons-configuration/1.8/commons-configuration-1.8.jar:/home/prashantsingh/.m2/repository/com/google/guava/guava/18.0/guava-18.0.jar:/home/prashantsingh/.m2/repository/com/netflix/hystrix/hystrix-core/1.5.12/hystrix-core-1.5.12.jar:/home/prashantsingh/.m2/repository/io/reactivex/rxjava/1.2.0/rxjava-1.2.0.jar:/home/prashantsingh/.m2/repository/org/hdrhistogram/HdrHistogram/2.1.9/HdrHistogram-2.1.9.jar:/home/prashantsingh/.m2/repository/com/netflix/hystrix/hystrix-metrics-event-stream/1.5.12/hystrix-metrics-event-stream-1.5.12.jar:/home/prashantsingh/.m2/repository/com/netflix/hystrix/hystrix-serialization/1.5.12/hystrix-serialization-1.5.12.jar:/home/prashantsingh/.m2/repository/com/fasterxml/jackson/module/jackson-module-afterburner/2.8.11/jackson-module-afterburner-2.8.11.jar:/home/prashantsingh/.m2/repository/com/netflix/hystrix/hystrix-javanica/1.5.12/hystrix-javanica-1.5.12.jar:/home/prashantsingh/.m2/repository/org/springframework/batch/spring-batch-admin-manager/1.3.1.RELEASE/spring-batch-admin-manager-1.3.1.RELEASE.jar:/home/prashantsingh/.m2/repository/org/aspectj/aspectjrt/1.8.13/aspectjrt-1.8.13.jar:/home/prashantsingh/.m2/repository/org/aspectj/aspectjweaver/1.8.13/aspectjweaver-1.8.13.jar:/home/prashantsingh/.m2/repository/org/springframework/batch/spring-batch-integration/3.0.9.RELEASE/spring-batch-integration-3.0.9.RELEASE.jar:/home/prashantsingh/.m2/repository/org/springframework/spring-messaging/4.3.20.RELEASE/spring-messaging-4.3.20.RELEASE.jar:/home/prashantsingh/.m2/repository/org/springframework/integration/spring-integration-core/4.3.17.RELEASE/spring-integration-core-4.3.17.RELEASE.jar:/home/prashantsingh/.m2/repository/org/springframework/integration/spring-integration-jmx/4.3.17.RELEASE/spring-integration-jmx-4.3.17.RELEASE.jar:/home/prashantsingh/.m2/repository/org/springframework/integration/spring-integration-http/4.3.17.RELEASE/spring-integration-http-4.3.17.RELEASE.jar:/home/prashantsingh/.m2/repository/org/springframework/integration/spring-integration-file/4.3.17.RELEASE/spring-integration-file-4.3.17.RELEASE.jar:/home/prashantsingh/.m2/repository/commons-fileupload/commons-fileupload/1.3.1/commons-fileupload-1.3.1.jar:/home/prashantsingh/.m2/repository/commons-collections/commons-collections/3.2.2/commons-collections-3.2.2.jar:/home/prashantsingh/.m2/repository/org/springframework/batch/spring-batch-admin-resources/1.3.1.RELEASE/spring-batch-admin-resources-1.3.1.RELEASE.jar:/home/prashantsingh/.m2/repository/org/springframework/cloud/spring-cloud-skipper-client/1.1.1.RELEASE/spring-cloud-skipper-client-1.1.1.RELEASE.jar:/home/prashantsingh/.m2/repository/org/springframework/cloud/spring-cloud-skipper/1.1.1.RELEASE/spring-cloud-skipper-1.1.1.RELEASE.jar:/home/prashantsingh/.m2/repository/org/springframework/data/spring-data-keyvalue/1.2.16.RELEASE/spring-data-keyvalue-1.2.16.RELEASE.jar:/home/prashantsingh/.m2/repository/com/fasterxml/jackson/dataformat/jackson-dataformat-yaml/2.8.11/jackson-dataformat-yaml-2.8.11.jar:/home/prashantsingh/.m2/repository/org/zeroturnaround/zt-zip/1.11/zt-zip-1.11.jar:/home/prashantsingh/.m2/repository/org/apache/commons/commons-lang3/3.4/commons-lang3-3.4.jar:/home/prashantsingh/.m2/repository/org/springframework/cloud/spring-cloud-dataflow-server-local-autoconfig/1.7.1.RELEASE/spring-cloud-dataflow-server-local-autoconfig-1.7.1.RELEASE.jar:/home/prashantsingh/.m2/repository/org/springframework/cloud/spring-cloud-deployer-resource-support/1.3.4.RELEASE/spring-cloud-deployer-resource-support-1.3.4.RELEASE.jar:/home/prashantsingh/.m2/repository/org/hibernate/hibernate-core/5.2.12.Final/hibernate-core-5.2.12.Final.jar:/home/prashantsingh/.m2/repository/org/jboss/logging/jboss-logging/3.3.2.Final/jboss-logging-3.3.2.Final.jar:/home/prashantsingh/.m2/repository/org/hibernate/javax/persistence/hibernate-jpa-2.1-api/1.0.0.Final/hibernate-jpa-2.1-api-1.0.0.Final.jar:/home/prashantsingh/.m2/repository/org/javassist/javassist/3.21.0-GA/javassist-3.21.0-GA.jar:/home/prashantsingh/.m2/repository/antlr/antlr/2.7.7/antlr-2.7.7.jar:/home/prashantsingh/.m2/repository/org/jboss/spec/javax/transaction/jboss-transaction-api_1.2_spec/1.0.1.Final/jboss-transaction-api_1.2_spec-1.0.1.Final.jar:/home/prashantsingh/.m2/repository/org/jboss/jandex/2.0.3.Final/jandex-2.0.3.Final.jar:/home/prashantsingh/.m2/repository/com/fasterxml/classmate/1.3.4/classmate-1.3.4.jar:/home/prashantsingh/.m2/repository/dom4j/dom4j/1.6.1/dom4j-1.6.1.jar:/home/prashantsingh/.m2/repository/org/hibernate/common/hibernate-commons-annotations/5.0.1.Final/hibernate-commons-annotations-5.0.1.Final.jar:/home/prashantsingh/.m2/repository/org/hibernate/hibernate-entitymanager/5.2.12.Final/hibernate-entitymanager-5.2.12.Final.jar:/home/prashantsingh/.m2/repository/net/bytebuddy/byte-buddy/1.6.14/byte-buddy-1.6.14.jar:, java.specification.name=Java Platform API Specification, java.class.version=52.0, sun.management.compiler=HotSpot 64-Bit Tiered Compilers, os.version=4.15.0-47-generic, user.home=/home/prashantsingh, user.timezone=Asia/Kolkata, java.awt.printerjob=sun.print.PSPrinterJob, file.encoding=UTF-8, java.specification.version=1.8, java.class.path=/home/prashantsingh/Desktop/STS_Workspace/scdfdemo/target/test-classes:/home/prashantsingh/Desktop/STS_Workspace/scdfdemo/target/classes:/home/prashantsingh/.m2/repository/mysql/mysql-connector-java/5.1.6/mysql-connector-java-5.1.6.jar:/home/prashantsingh/.m2/repository/org/springframework/boot/spring-boot-starter/1.5.17.RELEASE/spring-boot-starter-1.5.17.RELEASE.jar:/home/prashantsingh/.m2/repository/org/springframework/boot/spring-boot/1.5.17.RELEASE/spring-boot-1.5.17.RELEASE.jar:/home/prashantsingh/.m2/repository/org/springframework/spring-context/4.3.20.RELEASE/spring-context-4.3.20.RELEASE.jar:/home/prashantsingh/.m2/repository/org/springframework/spring-aop/4.3.20.RELEASE/spring-aop-4.3.20.RELEASE.jar:/home/prashantsingh/.m2/repository/org/springframework/spring-beans/4.3.20.RELEASE/spring-beans-4.3.20.RELEASE.jar:/home/prashantsingh/.m2/repository/org/springframework/spring-expression/4.3.20.RELEASE/spring-expression-4.3.20.RELEASE.jar:/home/prashantsingh/.m2/repository/org/springframework/boot/spring-boot-autoconfigure/1.5.17.RELEASE/spring-boot-autoconfigure-1.5.17.RELEASE.jar:/home/prashantsingh/.m2/repository/org/springframework/boot/spring-boot-starter-logging/1.5.17.RELEASE/spring-boot-starter-logging-1.5.17.RELEASE.jar:/home/prashantsingh/.m2/repository/ch/qos/logback/logback-classic/1.1.11/logback-classic-1.1.11.jar:/home/prashantsingh/.m2/repository/ch/qos/logback/logback-core/1.1.11/logback-core-1.1.11.jar:/home/prashantsingh/.m2/repository/org/slf4j/jcl-over-slf4j/1.7.25/jcl-over-slf4j-1.7.25.jar:/home/prashantsingh/.m2/repository/org/slf4j/jul-to-slf4j/1.7.25/jul-to-slf4j-1.7.25.jar:/home/prashantsingh/.m2/repository/org/slf4j/log4j-over-slf4j/1.7.25/log4j-over-slf4j-1.7.25.jar:/home/prashantsingh/.m2/repository/org/springframework/spring-core/4.3.20.RELEASE/spring-core-4.3.20.RELEASE.jar:/home/prashantsingh/.m2/repository/org/yaml/snakeyaml/1.17/snakeyaml-1.17.jar:/home/prashantsingh/.m2/repository/org/springframework/boot/spring-boot-starter-test/1.5.17.RELEASE/spring-boot-starter-test-1.5.17.RELEASE.jar:/home/prashantsingh/.m2/repository/org/springframework/boot/spring-boot-test/1.5.17.RELEASE/spring-boot-test-1.5.17.RELEASE.jar:/home/prashantsingh/.m2/repository/org/springframework/boot/spring-boot-test-autoconfigure/1.5.17.RELEASE/spring-boot-test-autoconfigure-1.5.17.RELEASE.jar:/home/prashantsingh/.m2/repository/com/jayway/jsonpath/json-path/2.2.0/json-path-2.2.0.jar:/home/prashantsingh/.m2/repository/net/minidev/json-smart/2.2.1/json-smart-2.2.1.jar:/home/prashantsingh/.m2/repository/net/minidev/accessors-smart/1.1/accessors-smart-1.1.jar:/home/prashantsingh/.m2/repository/org/ow2/asm/asm/5.0.3/asm-5.0.3.jar:/home/prashantsingh/.m2/repository/org/slf4j/slf4j-api/1.7.25/slf4j-api-1.7.25.jar:/home/prashantsingh/.m2/repository/junit/junit/4.12/junit-4.12.jar:/home/prashantsingh/.m2/repository/org/assertj/assertj-core/2.6.0/assertj-core-2.6.0.jar:/home/prashantsingh/.m2/repository/org/mockito/mockito-core/1.10.19/mockito-core-1.10.19.jar:/home/prashantsingh/.m2/repository/org/objenesis/objenesis/2.1/objenesis-2.1.jar:/home/prashantsingh/.m2/repository/org/hamcrest/hamcrest-core/1.3/hamcrest-core-1.3.jar:/home/prashantsingh/.m2/repository/org/hamcrest/hamcrest-library/1.3/hamcrest-library-1.3.jar:/home/prashantsingh/.m2/repository/org/skyscreamer/jsonassert/1.4.0/jsonassert-1.4.0.jar:/home/prashantsingh/.m2/repository/com/vaadin/external/google/android-json/0.0.20131108.vaadin1/android-json-0.0.20131108.vaadin1.jar:/home/prashantsingh/.m2/repository/org/springframework/spring-test/4.3.20.RELEASE/spring-test-4.3.20.RELEASE.jar:/home/prashantsingh/.m2/repository/org/springframework/cloud/spring-cloud-starter-dataflow-server-local/1.7.1.RELEASE/spring-cloud-starter-dataflow-server-local-1.7.1.RELEASE.jar:/home/prashantsingh/.m2/repository/org/springframework/cloud/spring-cloud-deployer-local/1.3.9.RELEASE/spring-cloud-deployer-local-1.3.9.RELEASE.jar:/home/prashantsingh/.m2/repository/org/springframework/cloud/spring-cloud-deployer-spi/1.3.4.RELEASE/spring-cloud-deployer-spi-1.3.4.RELEASE.jar:/home/prashantsingh/.m2/repository/org/springframework/cloud/spring-cloud-deployer-resource-maven/1.3.4.RELEASE/spring-cloud-deployer-resource-maven-1.3.4.RELEASE.jar:/home/prashantsingh/.m2/repository/org/eclipse/aether/aether-impl/1.0.2.v20150114/aether-impl-1.0.2.v20150114.jar:/home/prashantsingh/.m2/repository/org/eclipse/aether/aether-api/1.0.2.v20150114/aether-api-1.0.2.v20150114.jar:/home/prashantsingh/.m2/repository/org/eclipse/aether/aether-spi/1.0.2.v20150114/aether-spi-1.0.2.v20150114.jar:/home/prashantsingh/.m2/repository/org/eclipse/aether/aether-util/1.0.2.v20150114/aether-util-1.0.2.v20150114.jar:/home/prashantsingh/.m2/repository/org/eclipse/aether/aether-connector-basic/1.0.2.v20150114/aether-connector-basic-1.0.2.v20150114.jar:/home/prashantsingh/.m2/repository/org/eclipse/aether/aether-transport-file/1.0.2.v20150114/aether-transport-file-1.0.2.v20150114.jar:/home/prashantsingh/.m2/repository/org/eclipse/aether/aether-transport-http/1.0.2.v20150114/aether-transport-http-1.0.2.v20150114.jar:/home/prashantsingh/.m2/repository/org/apache/maven/maven-aether-provider/3.2.1/maven-aether-provider-3.2.1.jar:/home/prashantsingh/.m2/repository/org/apache/maven/maven-model/3.2.1/maven-model-3.2.1.jar:/home/prashantsingh/.m2/repository/org/apache/maven/maven-model-builder/3.2.1/maven-model-builder-3.2.1.jar:/home/prashantsingh/.m2/repository/org/codehaus/plexus/plexus-interpolation/1.19/plexus-interpolation-1.19.jar:/home/prashantsingh/.m2/repository/org/apache/maven/maven-repository-metadata/3.2.1/maven-repository-metadata-3.2.1.jar:/home/prashantsingh/.m2/repository/org/codehaus/plexus/plexus-component-annotations/1.5.5/plexus-component-annotations-1.5.5.jar:/home/prashantsingh/.m2/repository/org/codehaus/plexus/plexus-utils/3.0.17/plexus-utils-3.0.17.jar:/home/prashantsingh/.m2/repository/org/springframework/cloud/spring-cloud-deployer-resource-docker/1.3.4.RELEASE/spring-cloud-deployer-resource-docker-1.3.4.RELEASE.jar:/home/prashantsingh/.m2/repository/org/springframework/spring-web/4.3.20.RELEASE/spring-web-4.3.20.RELEASE.jar:/home/prashantsingh/.m2/repository/com/fasterxml/jackson/core/jackson-databind/2.8.11.2/jackson-databind-2.8.11.2.jar:/home/prashantsingh/.m2/repository/com/fasterxml/jackson/core/jackson-annotations/2.8.0/jackson-annotations-2.8.0.jar:/home/prashantsingh/.m2/repository/com/fasterxml/jackson/core/jackson-core/2.8.11/jackson-core-2.8.11.jar:/home/prashantsingh/.m2/repository/org/springframework/boot/spring-boot-starter-validation/1.5.17.RELEASE/spring-boot-starter-validation-1.5.17.RELEASE.jar:/home/prashantsingh/.m2/repository/org/apache/tomcat/embed/tomcat-embed-el/8.5.34/tomcat-embed-el-8.5.34.jar:/home/prashantsingh/.m2/repository/org/hibernate/hibernate-validator/5.3.6.Final/hibernate-validator-5.3.6.Final.jar:/home/prashantsingh/.m2/repository/javax/validation/validation-api/1.1.0.Final/validation-api-1.1.0.Final.jar:/home/prashantsingh/.m2/repository/org/springframework/cloud/spring-cloud-dataflow-server-core/1.7.1.RELEASE/spring-cloud-dataflow-server-core-1.7.1.RELEASE.jar:/home/prashantsingh/.m2/repository/com/zaxxer/HikariCP/2.5.1/HikariCP-2.5.1.jar:/home/prashantsingh/.m2/repository/org/springframework/boot/spring-boot-starter-data-jpa/1.5.17.RELEASE/spring-boot-starter-data-jpa-1.5.17.RELEASE.jar:/home/prashantsingh/.m2/repository/org/springframework/boot/spring-boot-starter-aop/1.5.17.RELEASE/spring-boot-starter-aop-1.5.17.RELEASE.jar:/home/prashantsingh/.m2/repository/javax/transaction/javax.transaction-api/1.2/javax.transaction-api-1.2.jar:/home/prashantsingh/.m2/repository/org/springframework/data/spring-data-jpa/1.11.16.RELEASE/spring-data-jpa-1.11.16.RELEASE.jar:/home/prashantsingh/.m2/repository/org/springframework/spring-orm/4.3.20.RELEASE/spring-orm-4.3.20.RELEASE.jar:/home/prashantsingh/.m2/repository/org/springframework/spring-tx/4.3.20.RELEASE/spring-tx-4.3.20.RELEASE.jar:/home/prashantsingh/.m2/repository/org/springframework/spring-aspects/4.3.20.RELEASE/spring-aspects-4.3.20.RELEASE.jar:/home/prashantsingh/.m2/repository/org/springframework/cloud/spring-cloud-dataflow-configuration-metadata/1.7.1.RELEASE/spring-cloud-dataflow-configuration-metadata-1.7.1.RELEASE.jar:/home/prashantsingh/.m2/repository/org/springframework/boot/spring-boot-loader/1.5.17.RELEASE/spring-boot-loader-1.5.17.RELEASE.jar:/home/prashantsingh/.m2/repository/org/springframework/boot/spring-boot-configuration-metadata/1.5.17.RELEASE/spring-boot-configuration-metadata-1.5.17.RELEASE.jar:/home/prashantsingh/.m2/repository/org/springframework/cloud/spring-cloud-dataflow-completion/1.7.1.RELEASE/spring-cloud-dataflow-completion-1.7.1.RELEASE.jar:/home/prashantsingh/.m2/repository/org/springframework/cloud/spring-cloud-dataflow-core/1.7.1.RELEASE/spring-cloud-dataflow-core-1.7.1.RELEASE.jar:/home/prashantsingh/.m2/repository/commons-lang/commons-lang/2.4/commons-lang-2.4.jar:/home/prashantsingh/.m2/repository/org/springframework/cloud/spring-cloud-dataflow-rest-resource/1.7.1.RELEASE/spring-cloud-dataflow-rest-resource-1.7.1.RELEASE.jar:/home/prashantsingh/.m2/repository/org/springframework/batch/spring-batch-core/3.0.9.RELEASE/spring-batch-core-3.0.9.RELEASE.jar:/home/prashantsingh/.m2/repository/com/ibm/jbatch/com.ibm.jbatch-tck-spi/1.0/com.ibm.jbatch-tck-spi-1.0.jar:/home/prashantsingh/.m2/repository/javax/batch/javax.batch-api/1.0/javax.batch-api-1.0.jar:/home/prashantsingh/.m2/repository/com/thoughtworks/xstream/xstream/1.4.7/xstream-1.4.7.jar:/home/prashantsingh/.m2/repository/xmlpull/xmlpull/1.1.3.1/xmlpull-1.1.3.1.jar:/home/prashantsingh/.m2/repository/xpp3/xpp3_min/1.1.4c/xpp3_min-1.1.4c.jar:/home/prashantsingh/.m2/repository/org/codehaus/jettison/jettison/1.2/jettison-1.2.jar:/home/prashantsingh/.m2/repository/org/apache/httpcomponents/httpclient/4.5.6/httpclient-4.5.6.jar:/home/prashantsingh/.m2/repository/org/apache/httpcomponents/httpcore/4.4.10/httpcore-4.4.10.jar:/home/prashantsingh/.m2/repository/commons-codec/commons-codec/1.10/commons-codec-1.10.jar:/home/prashantsingh/.m2/repository/com/fasterxml/jackson/datatype/jackson-datatype-jsr310/2.8.11/jackson-datatype-jsr310-2.8.11.jar:/home/prashantsingh/.m2/repository/commons-io/commons-io/2.4/commons-io-2.4.jar:/home/prashantsingh/.m2/repository/org/springframework/cloud/spring-cloud-dataflow-registry/1.7.1.RELEASE/spring-cloud-dataflow-registry-1.7.1.RELEASE.jar:/home/prashantsingh/.m2/repository/org/springframework/cloud/spring-cloud-scheduler-spi/1.0.1.RELEASE/spring-cloud-scheduler-spi-1.0.1.RELEASE.jar:/home/prashantsingh/.m2/repository/org/springframework/boot/spring-boot-starter-web/1.5.17.RELEASE/spring-boot-starter-web-1.5.17.RELEASE.jar:/home/prashantsingh/.m2/repository/org/springframework/boot/spring-boot-starter-tomcat/1.5.17.RELEASE/spring-boot-starter-tomcat-1.5.17.RELEASE.jar:/home/prashantsingh/.m2/repository/org/apache/tomcat/embed/tomcat-embed-core/8.5.34/tomcat-embed-core-8.5.34.jar:/home/prashantsingh/.m2/repository/org/apache/tomcat/tomcat-annotations-api/8.5.34/tomcat-annotations-api-8.5.34.jar:/home/prashantsingh/.m2/repository/org/apache/tomcat/embed/tomcat-embed-websocket/8.5.34/tomcat-embed-websocket-8.5.34.jar:/home/prashantsingh/.m2/repository/org/springframework/spring-webmvc/4.3.20.RELEASE/spring-webmvc-4.3.20.RELEASE.jar:/home/prashantsingh/.m2/repository/org/springframework/boot/spring-boot-starter-data-redis/1.5.17.RELEASE/spring-boot-starter-data-redis-1.5.17.RELEASE.jar:/home/prashantsingh/.m2/repository/org/springframework/data/spring-data-redis/1.8.16.RELEASE/spring-data-redis-1.8.16.RELEASE.jar:/home/prashantsingh/.m2/repository/org/springframework/spring-oxm/4.3.20.RELEASE/spring-oxm-4.3.20.RELEASE.jar:/home/prashantsingh/.m2/repository/org/springframework/spring-context-support/4.3.20.RELEASE/spring-context-support-4.3.20.RELEASE.jar:/home/prashantsingh/.m2/repository/redis/clients/jedis/2.9.0/jedis-2.9.0.jar:/home/prashantsingh/.m2/repository/org/apache/commons/commons-pool2/2.4.3/commons-pool2-2.4.3.jar:/home/prashantsingh/.m2/repository/org/springframework/cloud/spring-cloud-starter-common-security-config-web/1.0.3.RELEASE/spring-cloud-starter-common-security-config-web-1.0.3.RELEASE.jar:/home/prashantsingh/.m2/repository/org/springframework/cloud/spring-cloud-common-security-config-web/1.0.3.RELEASE/spring-cloud-common-security-config-web-1.0.3.RELEASE.jar:/home/prashantsingh/.m2/repository/org/springframework/boot/spring-boot-starter-security/1.5.17.RELEASE/spring-boot-starter-security-1.5.17.RELEASE.jar:/home/prashantsingh/.m2/repository/org/springframework/security/spring-security-config/4.2.9.RELEASE/spring-security-config-4.2.9.RELEASE.jar:/home/prashantsingh/.m2/repository/org/springframework/security/spring-security-web/4.2.9.RELEASE/spring-security-web-4.2.9.RELEASE.jar:/home/prashantsingh/.m2/repository/org/springframework/security/spring-security-ldap/4.2.9.RELEASE/spring-security-ldap-4.2.9.RELEASE.jar:/home/prashantsingh/.m2/repository/org/springframework/ldap/spring-ldap-core/2.3.2.RELEASE/spring-ldap-core-2.3.2.RELEASE.jar:/home/prashantsingh/.m2/repository/org/springframework/security/spring-security-core/4.2.9.RELEASE/spring-security-core-4.2.9.RELEASE.jar:/home/prashantsingh/.m2/repository/aopalliance/aopalliance/1.0/aopalliance-1.0.jar:/home/prashantsingh/.m2/repository/org/springframework/security/oauth/spring-security-oauth2/2.0.16.RELEASE/spring-security-oauth2-2.0.16.RELEASE.jar:/home/prashantsingh/.m2/repository/org/springframework/session/spring-session/1.3.3.RELEASE/spring-session-1.3.3.RELEASE.jar:/home/prashantsingh/.m2/repository/org/springframework/cloud/spring-cloud-dataflow-ui/1.7.0.RELEASE/spring-cloud-dataflow-ui-1.7.0.RELEASE.jar:/home/prashantsingh/.m2/repository/org/springframework/boot/spring-boot-starter-actuator/1.5.17.RELEASE/spring-boot-starter-actuator-1.5.17.RELEASE.jar:/home/prashantsingh/.m2/repository/org/springframework/boot/spring-boot-actuator/1.5.17.RELEASE/spring-boot-actuator-1.5.17.RELEASE.jar:/home/prashantsingh/.m2/repository/org/springframework/hateoas/spring-hateoas/0.23.0.RELEASE/spring-hateoas-0.23.0.RELEASE.jar:/home/prashantsingh/.m2/repository/org/springframework/data/spring-data-commons/1.13.16.RELEASE/spring-data-commons-1.13.16.RELEASE.jar:/home/prashantsingh/.m2/repository/org/springframework/boot/spring-boot-starter-jdbc/1.5.17.RELEASE/spring-boot-starter-jdbc-1.5.17.RELEASE.jar:/home/prashantsingh/.m2/repository/org/springframework/spring-jdbc/4.3.20.RELEASE/spring-jdbc-4.3.20.RELEASE.jar:/home/prashantsingh/.m2/repository/org/springframework/plugin/spring-plugin-core/1.2.0.RELEASE/spring-plugin-core-1.2.0.RELEASE.jar:/home/prashantsingh/.m2/repository/org/springframework/analytics/spring-analytics/1.1.3.RELEASE/spring-analytics-1.1.3.RELEASE.jar:/home/prashantsingh/.m2/repository/org/springframework/retry/spring-retry/1.2.2.RELEASE/spring-retry-1.2.2.RELEASE.jar:/home/prashantsingh/.m2/repository/joda-time/joda-time/2.9.9/joda-time-2.9.9.jar:/home/prashantsingh/.m2/repository/org/springframework/cloud/spring-cloud-task-core/1.3.0.RELEASE/spring-cloud-task-core-1.3.0.RELEASE.jar:/home/prashantsingh/.m2/repository/org/springframework/batch/spring-batch-infrastructure/3.0.9.RELEASE/spring-batch-infrastructure-3.0.9.RELEASE.jar:/home/prashantsingh/.m2/repository/com/h2database/h2/1.4.197/h2-1.4.197.jar:/home/prashantsingh/.m2/repository/org/hsqldb/hsqldb/2.3.6/hsqldb-2.3.6.jar:/home/prashantsingh/.m2/repository/org/mariadb/jdbc/mariadb-java-client/1.5.9/mariadb-java-client-1.5.9.jar:/home/prashantsingh/.m2/repository/org/postgresql/postgresql/9.4.1212.jre7/postgresql-9.4.1212.jre7.jar:/home/prashantsingh/.m2/repository/com/microsoft/sqlserver/mssql-jdbc/6.1.0.jre7/mssql-jdbc-6.1.0.jre7.jar:/home/prashantsingh/.m2/repository/org/springframework/cloud/spring-cloud-starter-config/1.4.5.RELEASE/spring-cloud-starter-config-1.4.5.RELEASE.jar:/home/prashantsingh/.m2/repository/org/springframework/cloud/spring-cloud-starter/1.3.5.RELEASE/spring-cloud-starter-1.3.5.RELEASE.jar:/home/prashantsingh/.m2/repository/org/springframework/cloud/spring-cloud-context/1.3.5.RELEASE/spring-cloud-context-1.3.5.RELEASE.jar:/home/prashantsingh/.m2/repository/org/springframework/security/spring-security-crypto/4.2.9.RELEASE/spring-security-crypto-4.2.9.RELEASE.jar:/home/prashantsingh/.m2/repository/org/springframework/cloud/spring-cloud-commons/1.3.5.RELEASE/spring-cloud-commons-1.3.5.RELEASE.jar:/home/prashantsingh/.m2/repository/org/springframework/security/spring-security-rsa/1.0.3.RELEASE/spring-security-rsa-1.0.3.RELEASE.jar:/home/prashantsingh/.m2/repository/org/bouncycastle/bcpkix-jdk15on/1.55/bcpkix-jdk15on-1.55.jar:/home/prashantsingh/.m2/repository/org/bouncycastle/bcprov-jdk15on/1.55/bcprov-jdk15on-1.55.jar:/home/prashantsingh/.m2/repository/org/springframework/cloud/spring-cloud-config-client/1.4.5.RELEASE/spring-cloud-config-client-1.4.5.RELEASE.jar:/home/prashantsingh/.m2/repository/org/springframework/cloud/spring-cloud-starter-hystrix/1.4.6.RELEASE/spring-cloud-starter-hystrix-1.4.6.RELEASE.jar:/home/prashantsingh/.m2/repository/org/springframework/cloud/spring-cloud-starter-netflix-hystrix/1.4.6.RELEASE/spring-cloud-starter-netflix-hystrix-1.4.6.RELEASE.jar:/home/prashantsingh/.m2/repository/org/springframework/cloud/spring-cloud-netflix-core/1.4.6.RELEASE/spring-cloud-netflix-core-1.4.6.RELEASE.jar:/home/prashantsingh/.m2/repository/org/springframework/cloud/spring-cloud-starter-netflix-archaius/1.4.6.RELEASE/spring-cloud-starter-netflix-archaius-1.4.6.RELEASE.jar:/home/prashantsingh/.m2/repository/com/netflix/archaius/archaius-core/0.7.4/archaius-core-0.7.4.jar:/home/prashantsingh/.m2/repository/com/google/code/findbugs/jsr305/3.0.1/jsr305-3.0.1.jar:/home/prashantsingh/.m2/repository/commons-configuration/commons-configuration/1.8/commons-configuration-1.8.jar:/home/prashantsingh/.m2/repository/com/google/guava/guava/18.0/guava-18.0.jar:/home/prashantsingh/.m2/repository/com/netflix/hystrix/hystrix-core/1.5.12/hystrix-core-1.5.12.jar:/home/prashantsingh/.m2/repository/io/reactivex/rxjava/1.2.0/rxjava-1.2.0.jar:/home/prashantsingh/.m2/repository/org/hdrhistogram/HdrHistogram/2.1.9/HdrHistogram-2.1.9.jar:/home/prashantsingh/.m2/repository/com/netflix/hystrix/hystrix-metrics-event-stream/1.5.12/hystrix-metrics-event-stream-1.5.12.jar:/home/prashantsingh/.m2/repository/com/netflix/hystrix/hystrix-serialization/1.5.12/hystrix-serialization-1.5.12.jar:/home/prashantsingh/.m2/repository/com/fasterxml/jackson/module/jackson-module-afterburner/2.8.11/jackson-module-afterburner-2.8.11.jar:/home/prashantsingh/.m2/repository/com/netflix/hystrix/hystrix-javanica/1.5.12/hystrix-javanica-1.5.12.jar:/home/prashantsingh/.m2/repository/org/springframework/batch/spring-batch-admin-manager/1.3.1.RELEASE/spring-batch-admin-manager-1.3.1.RELEASE.jar:/home/prashantsingh/.m2/repository/org/aspectj/aspectjrt/1.8.13/aspectjrt-1.8.13.jar:/home/prashantsingh/.m2/repository/org/aspectj/aspectjweaver/1.8.13/aspectjweaver-1.8.13.jar:/home/prashantsingh/.m2/repository/org/springframework/batch/spring-batch-integration/3.0.9.RELEASE/spring-batch-integration-3.0.9.RELEASE.jar:/home/prashantsingh/.m2/repository/org/springframework/spring-messaging/4.3.20.RELEASE/spring-messaging-4.3.20.RELEASE.jar:/home/prashantsingh/.m2/repository/org/springframework/integration/spring-integration-core/4.3.17.RELEASE/spring-integration-core-4.3.17.RELEASE.jar:/home/prashantsingh/.m2/repository/org/springframework/integration/spring-integration-jmx/4.3.17.RELEASE/spring-integration-jmx-4.3.17.RELEASE.jar:/home/prashantsingh/.m2/repository/org/springframework/integration/spring-integration-http/4.3.17.RELEASE/spring-integration-http-4.3.17.RELEASE.jar:/home/prashantsingh/.m2/repository/org/springframework/integration/spring-integration-file/4.3.17.RELEASE/spring-integration-file-4.3.17.RELEASE.jar:/home/prashantsingh/.m2/repository/commons-fileupload/commons-fileupload/1.3.1/commons-fileupload-1.3.1.jar:/home/prashantsingh/.m2/repository/commons-collections/commons-collections/3.2.2/commons-collections-3.2.2.jar:/home/prashantsingh/.m2/repository/org/springframework/batch/spring-batch-admin-resources/1.3.1.RELEASE/spring-batch-admin-resources-1.3.1.RELEASE.jar:/home/prashantsingh/.m2/repository/org/springframework/cloud/spring-cloud-skipper-client/1.1.1.RELEASE/spring-cloud-skipper-client-1.1.1.RELEASE.jar:/home/prashantsingh/.m2/repository/org/springframework/cloud/spring-cloud-skipper/1.1.1.RELEASE/spring-cloud-skipper-1.1.1.RELEASE.jar:/home/prashantsingh/.m2/repository/org/springframework/data/spring-data-keyvalue/1.2.16.RELEASE/spring-data-keyvalue-1.2.16.RELEASE.jar:/home/prashantsingh/.m2/repository/com/fasterxml/jackson/dataformat/jackson-dataformat-yaml/2.8.11/jackson-dataformat-yaml-2.8.11.jar:/home/prashantsingh/.m2/repository/org/zeroturnaround/zt-zip/1.11/zt-zip-1.11.jar:/home/prashantsingh/.m2/repository/org/apache/commons/commons-lang3/3.4/commons-lang3-3.4.jar:/home/prashantsingh/.m2/repository/org/springframework/cloud/spring-cloud-dataflow-server-local-autoconfig/1.7.1.RELEASE/spring-cloud-dataflow-server-local-autoconfig-1.7.1.RELEASE.jar:/home/prashantsingh/.m2/repository/org/springframework/cloud/spring-cloud-deployer-resource-support/1.3.4.RELEASE/spring-cloud-deployer-resource-support-1.3.4.RELEASE.jar:/home/prashantsingh/.m2/repository/org/hibernate/hibernate-core/5.2.12.Final/hibernate-core-5.2.12.Final.jar:/home/prashantsingh/.m2/repository/org/jboss/logging/jboss-logging/3.3.2.Final/jboss-logging-3.3.2.Final.jar:/home/prashantsingh/.m2/repository/org/hibernate/javax/persistence/hibernate-jpa-2.1-api/1.0.0.Final/hibernate-jpa-2.1-api-1.0.0.Final.jar:/home/prashantsingh/.m2/repository/org/javassist/javassist/3.21.0-GA/javassist-3.21.0-GA.jar:/home/prashantsingh/.m2/repository/antlr/antlr/2.7.7/antlr-2.7.7.jar:/home/prashantsingh/.m2/repository/org/jboss/spec/javax/transaction/jboss-transaction-api_1.2_spec/1.0.1.Final/jboss-transaction-api_1.2_spec-1.0.1.Final.jar:/home/prashantsingh/.m2/repository/org/jboss/jandex/2.0.3.Final/jandex-2.0.3.Final.jar:/home/prashantsingh/.m2/repository/com/fasterxml/classmate/1.3.4/classmate-1.3.4.jar:/home/prashantsingh/.m2/repository/dom4j/dom4j/1.6.1/dom4j-1.6.1.jar:/home/prashantsingh/.m2/repository/org/hibernate/common/hibernate-commons-annotations/5.0.1.Final/hibernate-commons-annotations-5.0.1.Final.jar:/home/prashantsingh/.m2/repository/org/hibernate/hibernate-entitymanager/5.2.12.Final/hibernate-entitymanager-5.2.12.Final.jar:/home/prashantsingh/.m2/repository/net/bytebuddy/byte-buddy/1.6.14/byte-buddy-1.6.14.jar:, user.name=prashantsingh, java.vm.specification.version=1.8, sun.java.command=/home/prashantsingh/Desktop/STS_Workspace/scdfdemo/target/surefire/surefirebooter3045195718012816203.jar /home/prashantsingh/Desktop/STS_Workspace/scdfdemo/target/surefire/surefire559666564427066310tmp /home/prashantsingh/Desktop/STS_Workspace/scdfdemo/target/surefire/surefire_05065136911053640205tmp, java.home=/usr/lib/jvm/java-8-oracle/jre, sun.arch.data.model=64, user.language=en, java.specification.vendor=Oracle Corporation, awt.toolkit=sun.awt.X11.XToolkit, java.vm.info=mixed mode, java.version=1.8.0_201, java.ext.dirs=/usr/lib/jvm/java-8-oracle/jre/lib/ext:/usr/java/packages/lib/ext, sun.boot.class.path=/usr/lib/jvm/java-8-oracle/jre/lib/resources.jar:/usr/lib/jvm/java-8-oracle/jre/lib/rt.jar:/usr/lib/jvm/java-8-oracle/jre/lib/sunrsasign.jar:/usr/lib/jvm/java-8-oracle/jre/lib/jsse.jar:/usr/lib/jvm/java-8-oracle/jre/lib/jce.jar:/usr/lib/jvm/java-8-oracle/jre/lib/charsets.jar:/usr/lib/jvm/java-8-oracle/jre/lib/jfr.jar:/usr/lib/jvm/java-8-oracle/jre/classes, java.vendor=Oracle Corporation, localRepository=/home/prashantsingh/.m2/repository, file.separator=/, java.vendor.url.bug=http://bugreport.sun.com/bugreport/, sun.io.unicode.encoding=UnicodeLittle, sun.cpu.endian=little, sun.desktop=gnome, sun.cpu.isalist=}}, SystemEnvironmentPropertySource@2028017635 {name='systemEnvironment', properties={PATH=/usr/local/sbin:/usr/local/bin:/usr/sbin:/usr/bin:/sbin:/bin:/usr/games:/usr/local/games:/snap/bin:/usr/lib/jvm/java-8-oracle/bin:/usr/lib/jvm/java-8-oracle/db/bin:/usr/lib/jvm/java-8-oracle/jre/bin, XAUTHORITY=/run/user/1000/gdm/Xauthority, INVOCATION_ID=b9c74bba79aa4ea895c432c273efecc4, XMODIFIERS=@im=ibus, XDG_DATA_DIRS=/usr/share/ubuntu:/usr/local/share:/usr/share:/var/lib/snapd/desktop, GDMSESSION=ubuntu, TEXTDOMAINDIR=/usr/share/locale/, GTK_IM_MODULE=ibus, DBUS_SESSION_BUS_ADDRESS=unix:path=/run/user/1000/bus,guid=5dd4eeb658ab5c1b65c2200e5cbd4f7c, XDG_CURRENT_DESKTOP=ubuntu:GNOME, JOURNAL_STREAM=9:44479, SSH_AGENT_PID=4104, QT4_IM_MODULE=xim, SESSION_MANAGER=local/ankit:@/tmp/.ICE-unix/4009,unix/ankit:/tmp/.ICE-unix/4009, USERNAME=prashantsingh, LOGNAME=prashantsingh, PWD=/home/prashantsingh/Desktop/STS_Workspace/scdfdemo, MANAGERPID=3979, DERBY_HOME=/usr/lib/jvm/java-8-oracle/db, IM_CONFIG_PHASE=2, S_COLORS=auto, LANGUAGE=en_IN:en, SHELL=/bin/bash, J2SDKDIR=/usr/lib/jvm/java-8-oracle, OLDPWD=/home/prashantsingh/Desktop/STS_Workspace/scdfdemo, GNOME_DESKTOP_SESSION_ID=this-is-deprecated, GTK_MODULES=gail:atk-bridge, J2REDIR=/usr/lib/jvm/java-8-oracle/jre, CLUTTER_IM_MODULE=xim, TEXTDOMAIN=im-config, DBUS_STARTER_ADDRESS=unix:path=/run/user/1000/bus,guid=5dd4eeb658ab5c1b65c2200e5cbd4f7c, XDG_SESSION_DESKTOP=ubuntu, SHLVL=0, OXYGEN_DISABLE_INNER_SHADOWS_HACK=1, QT_IM_MODULE=ibus, JAVA_HOME=/usr/lib/jvm/java-8-oracle, XDG_CONFIG_DIRS=/etc/xdg/xdg-ubuntu:/etc/xdg, LANG=en_IN, XDG_SESSION_ID=3, XDG_SESSION_TYPE=x11, DISPLAY=:0, _=/usr/bin/dbus-update-activation-environment, LIBOVERLAY_SCROLLBAR=0, GPG_AGENT_INFO=/run/user/1000/gnupg/S.gpg-agent:0:1, GDK_CORE_DEVICE_EVENTS=1, DESKTOP_SESSION=ubuntu, USER=prashantsingh, XDG_MENU_PREFIX=gnome-, QT_ACCESSIBILITY=1, WINDOWPATH=2, SSH_AUTH_SOCK=/run/user/1000/keyring/ssh, XDG_SEAT=seat0, GNOME_SHELL_SESSION_MODE=ubuntu, XDG_VTNR=2, XDG_RUNTIME_DIR=/run/user/1000, DBUS_STARTER_BUS_TYPE=session, HOME=/home/prashantsingh}}]
11:10:27.126 [main] INFO org.springframework.boot.test.context.SpringBootTestContextBootstrapper - Found @SpringBootConfiguration com.scdfdemo.scdfdemo.ScdfdemoApplication for test class com.scdfdemo.scdfdemo.ScdfdemoApplicationTests
11:10:27.131 [main] DEBUG org.springframework.boot.test.context.SpringBootTestContextBootstrapper - @TestExecutionListeners is not present for class [com.scdfdemo.scdfdemo.ScdfdemoApplicationTests]: using defaults.
11:10:27.154 [main] INFO org.springframework.boot.test.context.SpringBootTestContextBootstrapper - Loaded default TestExecutionListener class names from location [META-INF/spring.factories]: [org.springframework.boot.test.mock.mockito.MockitoTestExecutionListener, org.springframework.boot.test.mock.mockito.ResetMocksTestExecutionListener, org.springframework.boot.test.autoconfigure.restdocs.RestDocsTestExecutionListener, org.springframework.boot.test.autoconfigure.web.client.MockRestServiceServerResetTestExecutionListener, org.springframework.boot.test.autoconfigure.web.servlet.MockMvcPrintOnlyOnFailureTestExecutionListener, org.springframework.boot.test.autoconfigure.web.servlet.WebDriverTestExecutionListener, org.springframework.test.context.web.ServletTestExecutionListener, org.springframework.test.context.support.DirtiesContextBeforeModesTestExecutionListener, org.springframework.test.context.support.DependencyInjectionTestExecutionListener, org.springframework.test.context.support.DirtiesContextTestExecutionListener, org.springframework.test.context.transaction.TransactionalTestExecutionListener, org.springframework.test.context.jdbc.SqlScriptsTestExecutionListener]
11:10:27.163 [main] INFO org.springframework.boot.test.context.SpringBootTestContextBootstrapper - Using TestExecutionListeners: [org.springframework.test.context.web.ServletTestExecutionListener@50eac852, org.springframework.test.context.support.DirtiesContextBeforeModesTestExecutionListener@16ec5519, org.springframework.boot.test.mock.mockito.MockitoTestExecutionListener@2f7298b, org.springframework.boot.test.autoconfigure.SpringBootDependencyInjectionTestExecutionListener@188715b5, org.springframework.test.context.support.DirtiesContextTestExecutionListener@1ea9f6af, org.springframework.test.context.transaction.TransactionalTestExecutionListener@6a192cfe, org.springframework.test.context.jdbc.SqlScriptsTestExecutionListener@5119fb47, org.springframework.boot.test.mock.mockito.ResetMocksTestExecutionListener@7193666c, org.springframework.boot.test.autoconfigure.restdocs.RestDocsTestExecutionListener@20deea7f, org.springframework.boot.test.autoconfigure.web.client.MockRestServiceServerResetTestExecutionListener@3835c46, org.springframework.boot.test.autoconfigure.web.servlet.MockMvcPrintOnlyOnFailureTestExecutionListener@1dde4cb2, org.springframework.boot.test.autoconfigure.web.servlet.WebDriverTestExecutionListener@7714e963]
11:10:27.164 [main] DEBUG org.springframework.test.annotation.ProfileValueUtils - Retrieved @ProfileValueSourceConfiguration [null] for test class [com.scdfdemo.scdfdemo.ScdfdemoApplicationTests]
11:10:27.164 [main] DEBUG org.springframework.test.annotation.ProfileValueUtils - Retrieved ProfileValueSource type [class org.springframework.test.annotation.SystemProfileValueSource] for class [com.scdfdemo.scdfdemo.ScdfdemoApplicationTests]
11:10:27.165 [main] DEBUG org.springframework.test.annotation.ProfileValueUtils - Retrieved @ProfileValueSourceConfiguration [null] for test class [com.scdfdemo.scdfdemo.ScdfdemoApplicationTests]
11:10:27.165 [main] DEBUG org.springframework.test.annotation.ProfileValueUtils - Retrieved ProfileValueSource type [class org.springframework.test.annotation.SystemProfileValueSource] for class [com.scdfdemo.scdfdemo.ScdfdemoApplicationTests]
11:10:27.171 [main] DEBUG org.springframework.test.context.support.AbstractDirtiesContextTestExecutionListener - Before test class: context [DefaultTestContext@f5ac9e4 testClass = ScdfdemoApplicationTests, testInstance = [null], testMethod = [null], testException = [null], mergedContextConfiguration = [WebMergedContextConfiguration@123ef382 testClass = ScdfdemoApplicationTests, locations = '{}', classes = '{class com.scdfdemo.scdfdemo.ScdfdemoApplication}', contextInitializerClasses = '[]', activeProfiles = '{}', propertySourceLocations = '{}', propertySourceProperties = '{org.springframework.boot.test.context.SpringBootTestContextBootstrapper=true}', contextCustomizers = set[org.springframework.boot.test.context.SpringBootTestContextCustomizer@63440df3, org.springframework.boot.test.context.filter.ExcludeFilterContextCustomizer@4d3167f4, org.springframework.boot.test.json.DuplicateJsonObjectContextCustomizerFactory$DuplicateJsonObjectContextCustomizer@87f383f, org.springframework.boot.test.mock.mockito.MockitoContextCustomizer@0, org.springframework.boot.test.autoconfigure.properties.PropertyMappingContextCustomizer@0, org.springframework.boot.test.autoconfigure.web.servlet.WebDriverContextCustomizerFactory$Customizer@51c8530f], resourceBasePath = 'src/main/webapp', contextLoader = 'org.springframework.boot.test.context.SpringBootContextLoader', parent = [null]]], class annotated with @DirtiesContext [false] with mode [null].
11:10:27.172 [main] DEBUG org.springframework.test.annotation.ProfileValueUtils - Retrieved @ProfileValueSourceConfiguration [null] for test class [com.scdfdemo.scdfdemo.ScdfdemoApplicationTests]
11:10:27.172 [main] DEBUG org.springframework.test.annotation.ProfileValueUtils - Retrieved ProfileValueSource type [class org.springframework.test.annotation.SystemProfileValueSource] for class [com.scdfdemo.scdfdemo.ScdfdemoApplicationTests]
11:10:27.253 [main] DEBUG org.springframework.core.env.StandardEnvironment - Adding PropertySource 'systemProperties' with lowest search precedence
11:10:27.253 [main] DEBUG org.springframework.core.env.StandardEnvironment - Adding PropertySource 'systemEnvironment' with lowest search precedence
11:10:27.254 [main] DEBUG org.springframework.core.env.StandardEnvironment - Initialized StandardEnvironment with PropertySources [MapPropertySource@940584193 {name='systemProperties', properties={java.runtime.name=Java(TM) SE Runtime Environment, sun.boot.library.path=/usr/lib/jvm/java-8-oracle/jre/lib/amd64, java.vm.version=25.201-b09, java.vm.vendor=Oracle Corporation, java.vendor.url=http://java.oracle.com/, path.separator=:, java.vm.name=Java HotSpot(TM) 64-Bit Server VM, file.encoding.pkg=sun.io, user.country=IN, sun.java.launcher=SUN_STANDARD, sun.os.patch.level=unknown, java.vm.specification.name=Java Virtual Machine Specification, user.dir=/home/prashantsingh/Desktop/STS_Workspace/scdfdemo, java.runtime.version=1.8.0_201-b09, basedir=/home/prashantsingh/Desktop/STS_Workspace/scdfdemo, java.awt.graphicsenv=sun.awt.X11GraphicsEnvironment, java.endorsed.dirs=/usr/lib/jvm/java-8-oracle/jre/lib/endorsed, os.arch=amd64, surefire.real.class.path=/home/prashantsingh/Desktop/STS_Workspace/scdfdemo/target/surefire/surefirebooter3045195718012816203.jar, java.io.tmpdir=/tmp, line.separator=
, java.vm.specification.vendor=Oracle Corporation, os.name=Linux, sun.jnu.encoding=UTF-8, java.library.path=/usr/java/packages/lib/amd64:/usr/lib64:/lib64:/lib:/usr/lib, surefire.test.class.path=/home/prashantsingh/Desktop/STS_Workspace/scdfdemo/target/test-classes:/home/prashantsingh/Desktop/STS_Workspace/scdfdemo/target/classes:/home/prashantsingh/.m2/repository/mysql/mysql-connector-java/5.1.6/mysql-connector-java-5.1.6.jar:/home/prashantsingh/.m2/repository/org/springframework/boot/spring-boot-starter/1.5.17.RELEASE/spring-boot-starter-1.5.17.RELEASE.jar:/home/prashantsingh/.m2/repository/org/springframework/boot/spring-boot/1.5.17.RELEASE/spring-boot-1.5.17.RELEASE.jar:/home/prashantsingh/.m2/repository/org/springframework/spring-context/4.3.20.RELEASE/spring-context-4.3.20.RELEASE.jar:/home/prashantsingh/.m2/repository/org/springframework/spring-aop/4.3.20.RELEASE/spring-aop-4.3.20.RELEASE.jar:/home/prashantsingh/.m2/repository/org/springframework/spring-beans/4.3.20.RELEASE/spring-beans-4.3.20.RELEASE.jar:/home/prashantsingh/.m2/repository/org/springframework/spring-expression/4.3.20.RELEASE/spring-expression-4.3.20.RELEASE.jar:/home/prashantsingh/.m2/repository/org/springframework/boot/spring-boot-autoconfigure/1.5.17.RELEASE/spring-boot-autoconfigure-1.5.17.RELEASE.jar:/home/prashantsingh/.m2/repository/org/springframework/boot/spring-boot-starter-logging/1.5.17.RELEASE/spring-boot-starter-logging-1.5.17.RELEASE.jar:/home/prashantsingh/.m2/repository/ch/qos/logback/logback-classic/1.1.11/logback-classic-1.1.11.jar:/home/prashantsingh/.m2/repository/ch/qos/logback/logback-core/1.1.11/logback-core-1.1.11.jar:/home/prashantsingh/.m2/repository/org/slf4j/jcl-over-slf4j/1.7.25/jcl-over-slf4j-1.7.25.jar:/home/prashantsingh/.m2/repository/org/slf4j/jul-to-slf4j/1.7.25/jul-to-slf4j-1.7.25.jar:/home/prashantsingh/.m2/repository/org/slf4j/log4j-over-slf4j/1.7.25/log4j-over-slf4j-1.7.25.jar:/home/prashantsingh/.m2/repository/org/springframework/spring-core/4.3.20.RELEASE/spring-core-4.3.20.RELEASE.jar:/home/prashantsingh/.m2/repository/org/yaml/snakeyaml/1.17/snakeyaml-1.17.jar:/home/prashantsingh/.m2/repository/org/springframework/boot/spring-boot-starter-test/1.5.17.RELEASE/spring-boot-starter-test-1.5.17.RELEASE.jar:/home/prashantsingh/.m2/repository/org/springframework/boot/spring-boot-test/1.5.17.RELEASE/spring-boot-test-1.5.17.RELEASE.jar:/home/prashantsingh/.m2/repository/org/springframework/boot/spring-boot-test-autoconfigure/1.5.17.RELEASE/spring-boot-test-autoconfigure-1.5.17.RELEASE.jar:/home/prashantsingh/.m2/repository/com/jayway/jsonpath/json-path/2.2.0/json-path-2.2.0.jar:/home/prashantsingh/.m2/repository/net/minidev/json-smart/2.2.1/json-smart-2.2.1.jar:/home/prashantsingh/.m2/repository/net/minidev/accessors-smart/1.1/accessors-smart-1.1.jar:/home/prashantsingh/.m2/repository/org/ow2/asm/asm/5.0.3/asm-5.0.3.jar:/home/prashantsingh/.m2/repository/org/slf4j/slf4j-api/1.7.25/slf4j-api-1.7.25.jar:/home/prashantsingh/.m2/repository/junit/junit/4.12/junit-4.12.jar:/home/prashantsingh/.m2/repository/org/assertj/assertj-core/2.6.0/assertj-core-2.6.0.jar:/home/prashantsingh/.m2/repository/org/mockito/mockito-core/1.10.19/mockito-core-1.10.19.jar:/home/prashantsingh/.m2/repository/org/objenesis/objenesis/2.1/objenesis-2.1.jar:/home/prashantsingh/.m2/repository/org/hamcrest/hamcrest-core/1.3/hamcrest-core-1.3.jar:/home/prashantsingh/.m2/repository/org/hamcrest/hamcrest-library/1.3/hamcrest-library-1.3.jar:/home/prashantsingh/.m2/repository/org/skyscreamer/jsonassert/1.4.0/jsonassert-1.4.0.jar:/home/prashantsingh/.m2/repository/com/vaadin/external/google/android-json/0.0.20131108.vaadin1/android-json-0.0.20131108.vaadin1.jar:/home/prashantsingh/.m2/repository/org/springframework/spring-test/4.3.20.RELEASE/spring-test-4.3.20.RELEASE.jar:/home/prashantsingh/.m2/repository/org/springframework/cloud/spring-cloud-starter-dataflow-server-local/1.7.1.RELEASE/spring-cloud-starter-dataflow-server-local-1.7.1.RELEASE.jar:/home/prashantsingh/.m2/repository/org/springframework/cloud/spring-cloud-deployer-local/1.3.9.RELEASE/spring-cloud-deployer-local-1.3.9.RELEASE.jar:/home/prashantsingh/.m2/repository/org/springframework/cloud/spring-cloud-deployer-spi/1.3.4.RELEASE/spring-cloud-deployer-spi-1.3.4.RELEASE.jar:/home/prashantsingh/.m2/repository/org/springframework/cloud/spring-cloud-deployer-resource-maven/1.3.4.RELEASE/spring-cloud-deployer-resource-maven-1.3.4.RELEASE.jar:/home/prashantsingh/.m2/repository/org/eclipse/aether/aether-impl/1.0.2.v20150114/aether-impl-1.0.2.v20150114.jar:/home/prashantsingh/.m2/repository/org/eclipse/aether/aether-api/1.0.2.v20150114/aether-api-1.0.2.v20150114.jar:/home/prashantsingh/.m2/repository/org/eclipse/aether/aether-spi/1.0.2.v20150114/aether-spi-1.0.2.v20150114.jar:/home/prashantsingh/.m2/repository/org/eclipse/aether/aether-util/1.0.2.v20150114/aether-util-1.0.2.v20150114.jar:/home/prashantsingh/.m2/repository/org/eclipse/aether/aether-connector-basic/1.0.2.v20150114/aether-connector-basic-1.0.2.v20150114.jar:/home/prashantsingh/.m2/repository/org/eclipse/aether/aether-transport-file/1.0.2.v20150114/aether-transport-file-1.0.2.v20150114.jar:/home/prashantsingh/.m2/repository/org/eclipse/aether/aether-transport-http/1.0.2.v20150114/aether-transport-http-1.0.2.v20150114.jar:/home/prashantsingh/.m2/repository/org/apache/maven/maven-aether-provider/3.2.1/maven-aether-provider-3.2.1.jar:/home/prashantsingh/.m2/repository/org/apache/maven/maven-model/3.2.1/maven-model-3.2.1.jar:/home/prashantsingh/.m2/repository/org/apache/maven/maven-model-builder/3.2.1/maven-model-builder-3.2.1.jar:/home/prashantsingh/.m2/repository/org/codehaus/plexus/plexus-interpolation/1.19/plexus-interpolation-1.19.jar:/home/prashantsingh/.m2/repository/org/apache/maven/maven-repository-metadata/3.2.1/maven-repository-metadata-3.2.1.jar:/home/prashantsingh/.m2/repository/org/codehaus/plexus/plexus-component-annotations/1.5.5/plexus-component-annotations-1.5.5.jar:/home/prashantsingh/.m2/repository/org/codehaus/plexus/plexus-utils/3.0.17/plexus-utils-3.0.17.jar:/home/prashantsingh/.m2/repository/org/springframework/cloud/spring-cloud-deployer-resource-docker/1.3.4.RELEASE/spring-cloud-deployer-resource-docker-1.3.4.RELEASE.jar:/home/prashantsingh/.m2/repository/org/springframework/spring-web/4.3.20.RELEASE/spring-web-4.3.20.RELEASE.jar:/home/prashantsingh/.m2/repository/com/fasterxml/jackson/core/jackson-databind/2.8.11.2/jackson-databind-2.8.11.2.jar:/home/prashantsingh/.m2/repository/com/fasterxml/jackson/core/jackson-annotations/2.8.0/jackson-annotations-2.8.0.jar:/home/prashantsingh/.m2/repository/com/fasterxml/jackson/core/jackson-core/2.8.11/jackson-core-2.8.11.jar:/home/prashantsingh/.m2/repository/org/springframework/boot/spring-boot-starter-validation/1.5.17.RELEASE/spring-boot-starter-validation-1.5.17.RELEASE.jar:/home/prashantsingh/.m2/repository/org/apache/tomcat/embed/tomcat-embed-el/8.5.34/tomcat-embed-el-8.5.34.jar:/home/prashantsingh/.m2/repository/org/hibernate/hibernate-validator/5.3.6.Final/hibernate-validator-5.3.6.Final.jar:/home/prashantsingh/.m2/repository/javax/validation/validation-api/1.1.0.Final/validation-api-1.1.0.Final.jar:/home/prashantsingh/.m2/repository/org/springframework/cloud/spring-cloud-dataflow-server-core/1.7.1.RELEASE/spring-cloud-dataflow-server-core-1.7.1.RELEASE.jar:/home/prashantsingh/.m2/repository/com/zaxxer/HikariCP/2.5.1/HikariCP-2.5.1.jar:/home/prashantsingh/.m2/repository/org/springframework/boot/spring-boot-starter-data-jpa/1.5.17.RELEASE/spring-boot-starter-data-jpa-1.5.17.RELEASE.jar:/home/prashantsingh/.m2/repository/org/springframework/boot/spring-boot-starter-aop/1.5.17.RELEASE/spring-boot-starter-aop-1.5.17.RELEASE.jar:/home/prashantsingh/.m2/repository/javax/transaction/javax.transaction-api/1.2/javax.transaction-api-1.2.jar:/home/prashantsingh/.m2/repository/org/springframework/data/spring-data-jpa/1.11.16.RELEASE/spring-data-jpa-1.11.16.RELEASE.jar:/home/prashantsingh/.m2/repository/org/springframework/spring-orm/4.3.20.RELEASE/spring-orm-4.3.20.RELEASE.jar:/home/prashantsingh/.m2/repository/org/springframework/spring-tx/4.3.20.RELEASE/spring-tx-4.3.20.RELEASE.jar:/home/prashantsingh/.m2/repository/org/springframework/spring-aspects/4.3.20.RELEASE/spring-aspects-4.3.20.RELEASE.jar:/home/prashantsingh/.m2/repository/org/springframework/cloud/spring-cloud-dataflow-configuration-metadata/1.7.1.RELEASE/spring-cloud-dataflow-configuration-metadata-1.7.1.RELEASE.jar:/home/prashantsingh/.m2/repository/org/springframework/boot/spring-boot-loader/1.5.17.RELEASE/spring-boot-loader-1.5.17.RELEASE.jar:/home/prashantsingh/.m2/repository/org/springframework/boot/spring-boot-configuration-metadata/1.5.17.RELEASE/spring-boot-configuration-metadata-1.5.17.RELEASE.jar:/home/prashantsingh/.m2/repository/org/springframework/cloud/spring-cloud-dataflow-completion/1.7.1.RELEASE/spring-cloud-dataflow-completion-1.7.1.RELEASE.jar:/home/prashantsingh/.m2/repository/org/springframework/cloud/spring-cloud-dataflow-core/1.7.1.RELEASE/spring-cloud-dataflow-core-1.7.1.RELEASE.jar:/home/prashantsingh/.m2/repository/commons-lang/commons-lang/2.4/commons-lang-2.4.jar:/home/prashantsingh/.m2/repository/org/springframework/cloud/spring-cloud-dataflow-rest-resource/1.7.1.RELEASE/spring-cloud-dataflow-rest-resource-1.7.1.RELEASE.jar:/home/prashantsingh/.m2/repository/org/springframework/batch/spring-batch-core/3.0.9.RELEASE/spring-batch-core-3.0.9.RELEASE.jar:/home/prashantsingh/.m2/repository/com/ibm/jbatch/com.ibm.jbatch-tck-spi/1.0/com.ibm.jbatch-tck-spi-1.0.jar:/home/prashantsingh/.m2/repository/javax/batch/javax.batch-api/1.0/javax.batch-api-1.0.jar:/home/prashantsingh/.m2/repository/com/thoughtworks/xstream/xstream/1.4.7/xstream-1.4.7.jar:/home/prashantsingh/.m2/repository/xmlpull/xmlpull/1.1.3.1/xmlpull-1.1.3.1.jar:/home/prashantsingh/.m2/repository/xpp3/xpp3_min/1.1.4c/xpp3_min-1.1.4c.jar:/home/prashantsingh/.m2/repository/org/codehaus/jettison/jettison/1.2/jettison-1.2.jar:/home/prashantsingh/.m2/repository/org/apache/httpcomponents/httpclient/4.5.6/httpclient-4.5.6.jar:/home/prashantsingh/.m2/repository/org/apache/httpcomponents/httpcore/4.4.10/httpcore-4.4.10.jar:/home/prashantsingh/.m2/repository/commons-codec/commons-codec/1.10/commons-codec-1.10.jar:/home/prashantsingh/.m2/repository/com/fasterxml/jackson/datatype/jackson-datatype-jsr310/2.8.11/jackson-datatype-jsr310-2.8.11.jar:/home/prashantsingh/.m2/repository/commons-io/commons-io/2.4/commons-io-2.4.jar:/home/prashantsingh/.m2/repository/org/springframework/cloud/spring-cloud-dataflow-registry/1.7.1.RELEASE/spring-cloud-dataflow-registry-1.7.1.RELEASE.jar:/home/prashantsingh/.m2/repository/org/springframework/cloud/spring-cloud-scheduler-spi/1.0.1.RELEASE/spring-cloud-scheduler-spi-1.0.1.RELEASE.jar:/home/prashantsingh/.m2/repository/org/springframework/boot/spring-boot-starter-web/1.5.17.RELEASE/spring-boot-starter-web-1.5.17.RELEASE.jar:/home/prashantsingh/.m2/repository/org/springframework/boot/spring-boot-starter-tomcat/1.5.17.RELEASE/spring-boot-starter-tomcat-1.5.17.RELEASE.jar:/home/prashantsingh/.m2/repository/org/apache/tomcat/embed/tomcat-embed-core/8.5.34/tomcat-embed-core-8.5.34.jar:/home/prashantsingh/.m2/repository/org/apache/tomcat/tomcat-annotations-api/8.5.34/tomcat-annotations-api-8.5.34.jar:/home/prashantsingh/.m2/repository/org/apache/tomcat/embed/tomcat-embed-websocket/8.5.34/tomcat-embed-websocket-8.5.34.jar:/home/prashantsingh/.m2/repository/org/springframework/spring-webmvc/4.3.20.RELEASE/spring-webmvc-4.3.20.RELEASE.jar:/home/prashantsingh/.m2/repository/org/springframework/boot/spring-boot-starter-data-redis/1.5.17.RELEASE/spring-boot-starter-data-redis-1.5.17.RELEASE.jar:/home/prashantsingh/.m2/repository/org/springframework/data/spring-data-redis/1.8.16.RELEASE/spring-data-redis-1.8.16.RELEASE.jar:/home/prashantsingh/.m2/repository/org/springframework/spring-oxm/4.3.20.RELEASE/spring-oxm-4.3.20.RELEASE.jar:/home/prashantsingh/.m2/repository/org/springframework/spring-context-support/4.3.20.RELEASE/spring-context-support-4.3.20.RELEASE.jar:/home/prashantsingh/.m2/repository/redis/clients/jedis/2.9.0/jedis-2.9.0.jar:/home/prashantsingh/.m2/repository/org/apache/commons/commons-pool2/2.4.3/commons-pool2-2.4.3.jar:/home/prashantsingh/.m2/repository/org/springframework/cloud/spring-cloud-starter-common-security-config-web/1.0.3.RELEASE/spring-cloud-starter-common-security-config-web-1.0.3.RELEASE.jar:/home/prashantsingh/.m2/repository/org/springframework/cloud/spring-cloud-common-security-config-web/1.0.3.RELEASE/spring-cloud-common-security-config-web-1.0.3.RELEASE.jar:/home/prashantsingh/.m2/repository/org/springframework/boot/spring-boot-starter-security/1.5.17.RELEASE/spring-boot-starter-security-1.5.17.RELEASE.jar:/home/prashantsingh/.m2/repository/org/springframework/security/spring-security-config/4.2.9.RELEASE/spring-security-config-4.2.9.RELEASE.jar:/home/prashantsingh/.m2/repository/org/springframework/security/spring-security-web/4.2.9.RELEASE/spring-security-web-4.2.9.RELEASE.jar:/home/prashantsingh/.m2/repository/org/springframework/security/spring-security-ldap/4.2.9.RELEASE/spring-security-ldap-4.2.9.RELEASE.jar:/home/prashantsingh/.m2/repository/org/springframework/ldap/spring-ldap-core/2.3.2.RELEASE/spring-ldap-core-2.3.2.RELEASE.jar:/home/prashantsingh/.m2/repository/org/springframework/security/spring-security-core/4.2.9.RELEASE/spring-security-core-4.2.9.RELEASE.jar:/home/prashantsingh/.m2/repository/aopalliance/aopalliance/1.0/aopalliance-1.0.jar:/home/prashantsingh/.m2/repository/org/springframework/security/oauth/spring-security-oauth2/2.0.16.RELEASE/spring-security-oauth2-2.0.16.RELEASE.jar:/home/prashantsingh/.m2/repository/org/springframework/session/spring-session/1.3.3.RELEASE/spring-session-1.3.3.RELEASE.jar:/home/prashantsingh/.m2/repository/org/springframework/cloud/spring-cloud-dataflow-ui/1.7.0.RELEASE/spring-cloud-dataflow-ui-1.7.0.RELEASE.jar:/home/prashantsingh/.m2/repository/org/springframework/boot/spring-boot-starter-actuator/1.5.17.RELEASE/spring-boot-starter-actuator-1.5.17.RELEASE.jar:/home/prashantsingh/.m2/repository/org/springframework/boot/spring-boot-actuator/1.5.17.RELEASE/spring-boot-actuator-1.5.17.RELEASE.jar:/home/prashantsingh/.m2/repository/org/springframework/hateoas/spring-hateoas/0.23.0.RELEASE/spring-hateoas-0.23.0.RELEASE.jar:/home/prashantsingh/.m2/repository/org/springframework/data/spring-data-commons/1.13.16.RELEASE/spring-data-commons-1.13.16.RELEASE.jar:/home/prashantsingh/.m2/repository/org/springframework/boot/spring-boot-starter-jdbc/1.5.17.RELEASE/spring-boot-starter-jdbc-1.5.17.RELEASE.jar:/home/prashantsingh/.m2/repository/org/springframework/spring-jdbc/4.3.20.RELEASE/spring-jdbc-4.3.20.RELEASE.jar:/home/prashantsingh/.m2/repository/org/springframework/plugin/spring-plugin-core/1.2.0.RELEASE/spring-plugin-core-1.2.0.RELEASE.jar:/home/prashantsingh/.m2/repository/org/springframework/analytics/spring-analytics/1.1.3.RELEASE/spring-analytics-1.1.3.RELEASE.jar:/home/prashantsingh/.m2/repository/org/springframework/retry/spring-retry/1.2.2.RELEASE/spring-retry-1.2.2.RELEASE.jar:/home/prashantsingh/.m2/repository/joda-time/joda-time/2.9.9/joda-time-2.9.9.jar:/home/prashantsingh/.m2/repository/org/springframework/cloud/spring-cloud-task-core/1.3.0.RELEASE/spring-cloud-task-core-1.3.0.RELEASE.jar:/home/prashantsingh/.m2/repository/org/springframework/batch/spring-batch-infrastructure/3.0.9.RELEASE/spring-batch-infrastructure-3.0.9.RELEASE.jar:/home/prashantsingh/.m2/repository/com/h2database/h2/1.4.197/h2-1.4.197.jar:/home/prashantsingh/.m2/repository/org/hsqldb/hsqldb/2.3.6/hsqldb-2.3.6.jar:/home/prashantsingh/.m2/repository/org/mariadb/jdbc/mariadb-java-client/1.5.9/mariadb-java-client-1.5.9.jar:/home/prashantsingh/.m2/repository/org/postgresql/postgresql/9.4.1212.jre7/postgresql-9.4.1212.jre7.jar:/home/prashantsingh/.m2/repository/com/microsoft/sqlserver/mssql-jdbc/6.1.0.jre7/mssql-jdbc-6.1.0.jre7.jar:/home/prashantsingh/.m2/repository/org/springframework/cloud/spring-cloud-starter-config/1.4.5.RELEASE/spring-cloud-starter-config-1.4.5.RELEASE.jar:/home/prashantsingh/.m2/repository/org/springframework/cloud/spring-cloud-starter/1.3.5.RELEASE/spring-cloud-starter-1.3.5.RELEASE.jar:/home/prashantsingh/.m2/repository/org/springframework/cloud/spring-cloud-context/1.3.5.RELEASE/spring-cloud-context-1.3.5.RELEASE.jar:/home/prashantsingh/.m2/repository/org/springframework/security/spring-security-crypto/4.2.9.RELEASE/spring-security-crypto-4.2.9.RELEASE.jar:/home/prashantsingh/.m2/repository/org/springframework/cloud/spring-cloud-commons/1.3.5.RELEASE/spring-cloud-commons-1.3.5.RELEASE.jar:/home/prashantsingh/.m2/repository/org/springframework/security/spring-security-rsa/1.0.3.RELEASE/spring-security-rsa-1.0.3.RELEASE.jar:/home/prashantsingh/.m2/repository/org/bouncycastle/bcpkix-jdk15on/1.55/bcpkix-jdk15on-1.55.jar:/home/prashantsingh/.m2/repository/org/bouncycastle/bcprov-jdk15on/1.55/bcprov-jdk15on-1.55.jar:/home/prashantsingh/.m2/repository/org/springframework/cloud/spring-cloud-config-client/1.4.5.RELEASE/spring-cloud-config-client-1.4.5.RELEASE.jar:/home/prashantsingh/.m2/repository/org/springframework/cloud/spring-cloud-starter-hystrix/1.4.6.RELEASE/spring-cloud-starter-hystrix-1.4.6.RELEASE.jar:/home/prashantsingh/.m2/repository/org/springframework/cloud/spring-cloud-starter-netflix-hystrix/1.4.6.RELEASE/spring-cloud-starter-netflix-hystrix-1.4.6.RELEASE.jar:/home/prashantsingh/.m2/repository/org/springframework/cloud/spring-cloud-netflix-core/1.4.6.RELEASE/spring-cloud-netflix-core-1.4.6.RELEASE.jar:/home/prashantsingh/.m2/repository/org/springframework/cloud/spring-cloud-starter-netflix-archaius/1.4.6.RELEASE/spring-cloud-starter-netflix-archaius-1.4.6.RELEASE.jar:/home/prashantsingh/.m2/repository/com/netflix/archaius/archaius-core/0.7.4/archaius-core-0.7.4.jar:/home/prashantsingh/.m2/repository/com/google/code/findbugs/jsr305/3.0.1/jsr305-3.0.1.jar:/home/prashantsingh/.m2/repository/commons-configuration/commons-configuration/1.8/commons-configuration-1.8.jar:/home/prashantsingh/.m2/repository/com/google/guava/guava/18.0/guava-18.0.jar:/home/prashantsingh/.m2/repository/com/netflix/hystrix/hystrix-core/1.5.12/hystrix-core-1.5.12.jar:/home/prashantsingh/.m2/repository/io/reactivex/rxjava/1.2.0/rxjava-1.2.0.jar:/home/prashantsingh/.m2/repository/org/hdrhistogram/HdrHistogram/2.1.9/HdrHistogram-2.1.9.jar:/home/prashantsingh/.m2/repository/com/netflix/hystrix/hystrix-metrics-event-stream/1.5.12/hystrix-metrics-event-stream-1.5.12.jar:/home/prashantsingh/.m2/repository/com/netflix/hystrix/hystrix-serialization/1.5.12/hystrix-serialization-1.5.12.jar:/home/prashantsingh/.m2/repository/com/fasterxml/jackson/module/jackson-module-afterburner/2.8.11/jackson-module-afterburner-2.8.11.jar:/home/prashantsingh/.m2/repository/com/netflix/hystrix/hystrix-javanica/1.5.12/hystrix-javanica-1.5.12.jar:/home/prashantsingh/.m2/repository/org/springframework/batch/spring-batch-admin-manager/1.3.1.RELEASE/spring-batch-admin-manager-1.3.1.RELEASE.jar:/home/prashantsingh/.m2/repository/org/aspectj/aspectjrt/1.8.13/aspectjrt-1.8.13.jar:/home/prashantsingh/.m2/repository/org/aspectj/aspectjweaver/1.8.13/aspectjweaver-1.8.13.jar:/home/prashantsingh/.m2/repository/org/springframework/batch/spring-batch-integration/3.0.9.RELEASE/spring-batch-integration-3.0.9.RELEASE.jar:/home/prashantsingh/.m2/repository/org/springframework/spring-messaging/4.3.20.RELEASE/spring-messaging-4.3.20.RELEASE.jar:/home/prashantsingh/.m2/repository/org/springframework/integration/spring-integration-core/4.3.17.RELEASE/spring-integration-core-4.3.17.RELEASE.jar:/home/prashantsingh/.m2/repository/org/springframework/integration/spring-integration-jmx/4.3.17.RELEASE/spring-integration-jmx-4.3.17.RELEASE.jar:/home/prashantsingh/.m2/repository/org/springframework/integration/spring-integration-http/4.3.17.RELEASE/spring-integration-http-4.3.17.RELEASE.jar:/home/prashantsingh/.m2/repository/org/springframework/integration/spring-integration-file/4.3.17.RELEASE/spring-integration-file-4.3.17.RELEASE.jar:/home/prashantsingh/.m2/repository/commons-fileupload/commons-fileupload/1.3.1/commons-fileupload-1.3.1.jar:/home/prashantsingh/.m2/repository/commons-collections/commons-collections/3.2.2/commons-collections-3.2.2.jar:/home/prashantsingh/.m2/repository/org/springframework/batch/spring-batch-admin-resources/1.3.1.RELEASE/spring-batch-admin-resources-1.3.1.RELEASE.jar:/home/prashantsingh/.m2/repository/org/springframework/cloud/spring-cloud-skipper-client/1.1.1.RELEASE/spring-cloud-skipper-client-1.1.1.RELEASE.jar:/home/prashantsingh/.m2/repository/org/springframework/cloud/spring-cloud-skipper/1.1.1.RELEASE/spring-cloud-skipper-1.1.1.RELEASE.jar:/home/prashantsingh/.m2/repository/org/springframework/data/spring-data-keyvalue/1.2.16.RELEASE/spring-data-keyvalue-1.2.16.RELEASE.jar:/home/prashantsingh/.m2/repository/com/fasterxml/jackson/dataformat/jackson-dataformat-yaml/2.8.11/jackson-dataformat-yaml-2.8.11.jar:/home/prashantsingh/.m2/repository/org/zeroturnaround/zt-zip/1.11/zt-zip-1.11.jar:/home/prashantsingh/.m2/repository/org/apache/commons/commons-lang3/3.4/commons-lang3-3.4.jar:/home/prashantsingh/.m2/repository/org/springframework/cloud/spring-cloud-dataflow-server-local-autoconfig/1.7.1.RELEASE/spring-cloud-dataflow-server-local-autoconfig-1.7.1.RELEASE.jar:/home/prashantsingh/.m2/repository/org/springframework/cloud/spring-cloud-deployer-resource-support/1.3.4.RELEASE/spring-cloud-deployer-resource-support-1.3.4.RELEASE.jar:/home/prashantsingh/.m2/repository/org/hibernate/hibernate-core/5.2.12.Final/hibernate-core-5.2.12.Final.jar:/home/prashantsingh/.m2/repository/org/jboss/logging/jboss-logging/3.3.2.Final/jboss-logging-3.3.2.Final.jar:/home/prashantsingh/.m2/repository/org/hibernate/javax/persistence/hibernate-jpa-2.1-api/1.0.0.Final/hibernate-jpa-2.1-api-1.0.0.Final.jar:/home/prashantsingh/.m2/repository/org/javassist/javassist/3.21.0-GA/javassist-3.21.0-GA.jar:/home/prashantsingh/.m2/repository/antlr/antlr/2.7.7/antlr-2.7.7.jar:/home/prashantsingh/.m2/repository/org/jboss/spec/javax/transaction/jboss-transaction-api_1.2_spec/1.0.1.Final/jboss-transaction-api_1.2_spec-1.0.1.Final.jar:/home/prashantsingh/.m2/repository/org/jboss/jandex/2.0.3.Final/jandex-2.0.3.Final.jar:/home/prashantsingh/.m2/repository/com/fasterxml/classmate/1.3.4/classmate-1.3.4.jar:/home/prashantsingh/.m2/repository/dom4j/dom4j/1.6.1/dom4j-1.6.1.jar:/home/prashantsingh/.m2/repository/org/hibernate/common/hibernate-commons-annotations/5.0.1.Final/hibernate-commons-annotations-5.0.1.Final.jar:/home/prashantsingh/.m2/repository/org/hibernate/hibernate-entitymanager/5.2.12.Final/hibernate-entitymanager-5.2.12.Final.jar:/home/prashantsingh/.m2/repository/net/bytebuddy/byte-buddy/1.6.14/byte-buddy-1.6.14.jar:, java.specification.name=Java Platform API Specification, java.class.version=52.0, sun.management.compiler=HotSpot 64-Bit Tiered Compilers, os.version=4.15.0-47-generic, user.home=/home/prashantsingh, user.timezone=Asia/Kolkata, java.awt.printerjob=sun.print.PSPrinterJob, file.encoding=UTF-8, java.specification.version=1.8, java.class.path=/home/prashantsingh/Desktop/STS_Workspace/scdfdemo/target/test-classes:/home/prashantsingh/Desktop/STS_Workspace/scdfdemo/target/classes:/home/prashantsingh/.m2/repository/mysql/mysql-connector-java/5.1.6/mysql-connector-java-5.1.6.jar:/home/prashantsingh/.m2/repository/org/springframework/boot/spring-boot-starter/1.5.17.RELEASE/spring-boot-starter-1.5.17.RELEASE.jar:/home/prashantsingh/.m2/repository/org/springframework/boot/spring-boot/1.5.17.RELEASE/spring-boot-1.5.17.RELEASE.jar:/home/prashantsingh/.m2/repository/org/springframework/spring-context/4.3.20.RELEASE/spring-context-4.3.20.RELEASE.jar:/home/prashantsingh/.m2/repository/org/springframework/spring-aop/4.3.20.RELEASE/spring-aop-4.3.20.RELEASE.jar:/home/prashantsingh/.m2/repository/org/springframework/spring-beans/4.3.20.RELEASE/spring-beans-4.3.20.RELEASE.jar:/home/prashantsingh/.m2/repository/org/springframework/spring-expression/4.3.20.RELEASE/spring-expression-4.3.20.RELEASE.jar:/home/prashantsingh/.m2/repository/org/springframework/boot/spring-boot-autoconfigure/1.5.17.RELEASE/spring-boot-autoconfigure-1.5.17.RELEASE.jar:/home/prashantsingh/.m2/repository/org/springframework/boot/spring-boot-starter-logging/1.5.17.RELEASE/spring-boot-starter-logging-1.5.17.RELEASE.jar:/home/prashantsingh/.m2/repository/ch/qos/logback/logback-classic/1.1.11/logback-classic-1.1.11.jar:/home/prashantsingh/.m2/repository/ch/qos/logback/logback-core/1.1.11/logback-core-1.1.11.jar:/home/prashantsingh/.m2/repository/org/slf4j/jcl-over-slf4j/1.7.25/jcl-over-slf4j-1.7.25.jar:/home/prashantsingh/.m2/repository/org/slf4j/jul-to-slf4j/1.7.25/jul-to-slf4j-1.7.25.jar:/home/prashantsingh/.m2/repository/org/slf4j/log4j-over-slf4j/1.7.25/log4j-over-slf4j-1.7.25.jar:/home/prashantsingh/.m2/repository/org/springframework/spring-core/4.3.20.RELEASE/spring-core-4.3.20.RELEASE.jar:/home/prashantsingh/.m2/repository/org/yaml/snakeyaml/1.17/snakeyaml-1.17.jar:/home/prashantsingh/.m2/repository/org/springframework/boot/spring-boot-starter-test/1.5.17.RELEASE/spring-boot-starter-test-1.5.17.RELEASE.jar:/home/prashantsingh/.m2/repository/org/springframework/boot/spring-boot-test/1.5.17.RELEASE/spring-boot-test-1.5.17.RELEASE.jar:/home/prashantsingh/.m2/repository/org/springframework/boot/spring-boot-test-autoconfigure/1.5.17.RELEASE/spring-boot-test-autoconfigure-1.5.17.RELEASE.jar:/home/prashantsingh/.m2/repository/com/jayway/jsonpath/json-path/2.2.0/json-path-2.2.0.jar:/home/prashantsingh/.m2/repository/net/minidev/json-smart/2.2.1/json-smart-2.2.1.jar:/home/prashantsingh/.m2/repository/net/minidev/accessors-smart/1.1/accessors-smart-1.1.jar:/home/prashantsingh/.m2/repository/org/ow2/asm/asm/5.0.3/asm-5.0.3.jar:/home/prashantsingh/.m2/repository/org/slf4j/slf4j-api/1.7.25/slf4j-api-1.7.25.jar:/home/prashantsingh/.m2/repository/junit/junit/4.12/junit-4.12.jar:/home/prashantsingh/.m2/repository/org/assertj/assertj-core/2.6.0/assertj-core-2.6.0.jar:/home/prashantsingh/.m2/repository/org/mockito/mockito-core/1.10.19/mockito-core-1.10.19.jar:/home/prashantsingh/.m2/repository/org/objenesis/objenesis/2.1/objenesis-2.1.jar:/home/prashantsingh/.m2/repository/org/hamcrest/hamcrest-core/1.3/hamcrest-core-1.3.jar:/home/prashantsingh/.m2/repository/org/hamcrest/hamcrest-library/1.3/hamcrest-library-1.3.jar:/home/prashantsingh/.m2/repository/org/skyscreamer/jsonassert/1.4.0/jsonassert-1.4.0.jar:/home/prashantsingh/.m2/repository/com/vaadin/external/google/android-json/0.0.20131108.vaadin1/android-json-0.0.20131108.vaadin1.jar:/home/prashantsingh/.m2/repository/org/springframework/spring-test/4.3.20.RELEASE/spring-test-4.3.20.RELEASE.jar:/home/prashantsingh/.m2/repository/org/springframework/cloud/spring-cloud-starter-dataflow-server-local/1.7.1.RELEASE/spring-cloud-starter-dataflow-server-local-1.7.1.RELEASE.jar:/home/prashantsingh/.m2/repository/org/springframework/cloud/spring-cloud-deployer-local/1.3.9.RELEASE/spring-cloud-deployer-local-1.3.9.RELEASE.jar:/home/prashantsingh/.m2/repository/org/springframework/cloud/spring-cloud-deployer-spi/1.3.4.RELEASE/spring-cloud-deployer-spi-1.3.4.RELEASE.jar:/home/prashantsingh/.m2/repository/org/springframework/cloud/spring-cloud-deployer-resource-maven/1.3.4.RELEASE/spring-cloud-deployer-resource-maven-1.3.4.RELEASE.jar:/home/prashantsingh/.m2/repository/org/eclipse/aether/aether-impl/1.0.2.v20150114/aether-impl-1.0.2.v20150114.jar:/home/prashantsingh/.m2/repository/org/eclipse/aether/aether-api/1.0.2.v20150114/aether-api-1.0.2.v20150114.jar:/home/prashantsingh/.m2/repository/org/eclipse/aether/aether-spi/1.0.2.v20150114/aether-spi-1.0.2.v20150114.jar:/home/prashantsingh/.m2/repository/org/eclipse/aether/aether-util/1.0.2.v20150114/aether-util-1.0.2.v20150114.jar:/home/prashantsingh/.m2/repository/org/eclipse/aether/aether-connector-basic/1.0.2.v20150114/aether-connector-basic-1.0.2.v20150114.jar:/home/prashantsingh/.m2/repository/org/eclipse/aether/aether-transport-file/1.0.2.v20150114/aether-transport-file-1.0.2.v20150114.jar:/home/prashantsingh/.m2/repository/org/eclipse/aether/aether-transport-http/1.0.2.v20150114/aether-transport-http-1.0.2.v20150114.jar:/home/prashantsingh/.m2/repository/org/apache/maven/maven-aether-provider/3.2.1/maven-aether-provider-3.2.1.jar:/home/prashantsingh/.m2/repository/org/apache/maven/maven-model/3.2.1/maven-model-3.2.1.jar:/home/prashantsingh/.m2/repository/org/apache/maven/maven-model-builder/3.2.1/maven-model-builder-3.2.1.jar:/home/prashantsingh/.m2/repository/org/codehaus/plexus/plexus-interpolation/1.19/plexus-interpolation-1.19.jar:/home/prashantsingh/.m2/repository/org/apache/maven/maven-repository-metadata/3.2.1/maven-repository-metadata-3.2.1.jar:/home/prashantsingh/.m2/repository/org/codehaus/plexus/plexus-component-annotations/1.5.5/plexus-component-annotations-1.5.5.jar:/home/prashantsingh/.m2/repository/org/codehaus/plexus/plexus-utils/3.0.17/plexus-utils-3.0.17.jar:/home/prashantsingh/.m2/repository/org/springframework/cloud/spring-cloud-deployer-resource-docker/1.3.4.RELEASE/spring-cloud-deployer-resource-docker-1.3.4.RELEASE.jar:/home/prashantsingh/.m2/repository/org/springframework/spring-web/4.3.20.RELEASE/spring-web-4.3.20.RELEASE.jar:/home/prashantsingh/.m2/repository/com/fasterxml/jackson/core/jackson-databind/2.8.11.2/jackson-databind-2.8.11.2.jar:/home/prashantsingh/.m2/repository/com/fasterxml/jackson/core/jackson-annotations/2.8.0/jackson-annotations-2.8.0.jar:/home/prashantsingh/.m2/repository/com/fasterxml/jackson/core/jackson-core/2.8.11/jackson-core-2.8.11.jar:/home/prashantsingh/.m2/repository/org/springframework/boot/spring-boot-starter-validation/1.5.17.RELEASE/spring-boot-starter-validation-1.5.17.RELEASE.jar:/home/prashantsingh/.m2/repository/org/apache/tomcat/embed/tomcat-embed-el/8.5.34/tomcat-embed-el-8.5.34.jar:/home/prashantsingh/.m2/repository/org/hibernate/hibernate-validator/5.3.6.Final/hibernate-validator-5.3.6.Final.jar:/home/prashantsingh/.m2/repository/javax/validation/validation-api/1.1.0.Final/validation-api-1.1.0.Final.jar:/home/prashantsingh/.m2/repository/org/springframework/cloud/spring-cloud-dataflow-server-core/1.7.1.RELEASE/spring-cloud-dataflow-server-core-1.7.1.RELEASE.jar:/home/prashantsingh/.m2/repository/com/zaxxer/HikariCP/2.5.1/HikariCP-2.5.1.jar:/home/prashantsingh/.m2/repository/org/springframework/boot/spring-boot-starter-data-jpa/1.5.17.RELEASE/spring-boot-starter-data-jpa-1.5.17.RELEASE.jar:/home/prashantsingh/.m2/repository/org/springframework/boot/spring-boot-starter-aop/1.5.17.RELEASE/spring-boot-starter-aop-1.5.17.RELEASE.jar:/home/prashantsingh/.m2/repository/javax/transaction/javax.transaction-api/1.2/javax.transaction-api-1.2.jar:/home/prashantsingh/.m2/repository/org/springframework/data/spring-data-jpa/1.11.16.RELEASE/spring-data-jpa-1.11.16.RELEASE.jar:/home/prashantsingh/.m2/repository/org/springframework/spring-orm/4.3.20.RELEASE/spring-orm-4.3.20.RELEASE.jar:/home/prashantsingh/.m2/repository/org/springframework/spring-tx/4.3.20.RELEASE/spring-tx-4.3.20.RELEASE.jar:/home/prashantsingh/.m2/repository/org/springframework/spring-aspects/4.3.20.RELEASE/spring-aspects-4.3.20.RELEASE.jar:/home/prashantsingh/.m2/repository/org/springframework/cloud/spring-cloud-dataflow-configuration-metadata/1.7.1.RELEASE/spring-cloud-dataflow-configuration-metadata-1.7.1.RELEASE.jar:/home/prashantsingh/.m2/repository/org/springframework/boot/spring-boot-loader/1.5.17.RELEASE/spring-boot-loader-1.5.17.RELEASE.jar:/home/prashantsingh/.m2/repository/org/springframework/boot/spring-boot-configuration-metadata/1.5.17.RELEASE/spring-boot-configuration-metadata-1.5.17.RELEASE.jar:/home/prashantsingh/.m2/repository/org/springframework/cloud/spring-cloud-dataflow-completion/1.7.1.RELEASE/spring-cloud-dataflow-completion-1.7.1.RELEASE.jar:/home/prashantsingh/.m2/repository/org/springframework/cloud/spring-cloud-dataflow-core/1.7.1.RELEASE/spring-cloud-dataflow-core-1.7.1.RELEASE.jar:/home/prashantsingh/.m2/repository/commons-lang/commons-lang/2.4/commons-lang-2.4.jar:/home/prashantsingh/.m2/repository/org/springframework/cloud/spring-cloud-dataflow-rest-resource/1.7.1.RELEASE/spring-cloud-dataflow-rest-resource-1.7.1.RELEASE.jar:/home/prashantsingh/.m2/repository/org/springframework/batch/spring-batch-core/3.0.9.RELEASE/spring-batch-core-3.0.9.RELEASE.jar:/home/prashantsingh/.m2/repository/com/ibm/jbatch/com.ibm.jbatch-tck-spi/1.0/com.ibm.jbatch-tck-spi-1.0.jar:/home/prashantsingh/.m2/repository/javax/batch/javax.batch-api/1.0/javax.batch-api-1.0.jar:/home/prashantsingh/.m2/repository/com/thoughtworks/xstream/xstream/1.4.7/xstream-1.4.7.jar:/home/prashantsingh/.m2/repository/xmlpull/xmlpull/1.1.3.1/xmlpull-1.1.3.1.jar:/home/prashantsingh/.m2/repository/xpp3/xpp3_min/1.1.4c/xpp3_min-1.1.4c.jar:/home/prashantsingh/.m2/repository/org/codehaus/jettison/jettison/1.2/jettison-1.2.jar:/home/prashantsingh/.m2/repository/org/apache/httpcomponents/httpclient/4.5.6/httpclient-4.5.6.jar:/home/prashantsingh/.m2/repository/org/apache/httpcomponents/httpcore/4.4.10/httpcore-4.4.10.jar:/home/prashantsingh/.m2/repository/commons-codec/commons-codec/1.10/commons-codec-1.10.jar:/home/prashantsingh/.m2/repository/com/fasterxml/jackson/datatype/jackson-datatype-jsr310/2.8.11/jackson-datatype-jsr310-2.8.11.jar:/home/prashantsingh/.m2/repository/commons-io/commons-io/2.4/commons-io-2.4.jar:/home/prashantsingh/.m2/repository/org/springframework/cloud/spring-cloud-dataflow-registry/1.7.1.RELEASE/spring-cloud-dataflow-registry-1.7.1.RELEASE.jar:/home/prashantsingh/.m2/repository/org/springframework/cloud/spring-cloud-scheduler-spi/1.0.1.RELEASE/spring-cloud-scheduler-spi-1.0.1.RELEASE.jar:/home/prashantsingh/.m2/repository/org/springframework/boot/spring-boot-starter-web/1.5.17.RELEASE/spring-boot-starter-web-1.5.17.RELEASE.jar:/home/prashantsingh/.m2/repository/org/springframework/boot/spring-boot-starter-tomcat/1.5.17.RELEASE/spring-boot-starter-tomcat-1.5.17.RELEASE.jar:/home/prashantsingh/.m2/repository/org/apache/tomcat/embed/tomcat-embed-core/8.5.34/tomcat-embed-core-8.5.34.jar:/home/prashantsingh/.m2/repository/org/apache/tomcat/tomcat-annotations-api/8.5.34/tomcat-annotations-api-8.5.34.jar:/home/prashantsingh/.m2/repository/org/apache/tomcat/embed/tomcat-embed-websocket/8.5.34/tomcat-embed-websocket-8.5.34.jar:/home/prashantsingh/.m2/repository/org/springframework/spring-webmvc/4.3.20.RELEASE/spring-webmvc-4.3.20.RELEASE.jar:/home/prashantsingh/.m2/repository/org/springframework/boot/spring-boot-starter-data-redis/1.5.17.RELEASE/spring-boot-starter-data-redis-1.5.17.RELEASE.jar:/home/prashantsingh/.m2/repository/org/springframework/data/spring-data-redis/1.8.16.RELEASE/spring-data-redis-1.8.16.RELEASE.jar:/home/prashantsingh/.m2/repository/org/springframework/spring-oxm/4.3.20.RELEASE/spring-oxm-4.3.20.RELEASE.jar:/home/prashantsingh/.m2/repository/org/springframework/spring-context-support/4.3.20.RELEASE/spring-context-support-4.3.20.RELEASE.jar:/home/prashantsingh/.m2/repository/redis/clients/jedis/2.9.0/jedis-2.9.0.jar:/home/prashantsingh/.m2/repository/org/apache/commons/commons-pool2/2.4.3/commons-pool2-2.4.3.jar:/home/prashantsingh/.m2/repository/org/springframework/cloud/spring-cloud-starter-common-security-config-web/1.0.3.RELEASE/spring-cloud-starter-common-security-config-web-1.0.3.RELEASE.jar:/home/prashantsingh/.m2/repository/org/springframework/cloud/spring-cloud-common-security-config-web/1.0.3.RELEASE/spring-cloud-common-security-config-web-1.0.3.RELEASE.jar:/home/prashantsingh/.m2/repository/org/springframework/boot/spring-boot-starter-security/1.5.17.RELEASE/spring-boot-starter-security-1.5.17.RELEASE.jar:/home/prashantsingh/.m2/repository/org/springframework/security/spring-security-config/4.2.9.RELEASE/spring-security-config-4.2.9.RELEASE.jar:/home/prashantsingh/.m2/repository/org/springframework/security/spring-security-web/4.2.9.RELEASE/spring-security-web-4.2.9.RELEASE.jar:/home/prashantsingh/.m2/repository/org/springframework/security/spring-security-ldap/4.2.9.RELEASE/spring-security-ldap-4.2.9.RELEASE.jar:/home/prashantsingh/.m2/repository/org/springframework/ldap/spring-ldap-core/2.3.2.RELEASE/spring-ldap-core-2.3.2.RELEASE.jar:/home/prashantsingh/.m2/repository/org/springframework/security/spring-security-core/4.2.9.RELEASE/spring-security-core-4.2.9.RELEASE.jar:/home/prashantsingh/.m2/repository/aopalliance/aopalliance/1.0/aopalliance-1.0.jar:/home/prashantsingh/.m2/repository/org/springframework/security/oauth/spring-security-oauth2/2.0.16.RELEASE/spring-security-oauth2-2.0.16.RELEASE.jar:/home/prashantsingh/.m2/repository/org/springframework/session/spring-session/1.3.3.RELEASE/spring-session-1.3.3.RELEASE.jar:/home/prashantsingh/.m2/repository/org/springframework/cloud/spring-cloud-dataflow-ui/1.7.0.RELEASE/spring-cloud-dataflow-ui-1.7.0.RELEASE.jar:/home/prashantsingh/.m2/repository/org/springframework/boot/spring-boot-starter-actuator/1.5.17.RELEASE/spring-boot-starter-actuator-1.5.17.RELEASE.jar:/home/prashantsingh/.m2/repository/org/springframework/boot/spring-boot-actuator/1.5.17.RELEASE/spring-boot-actuator-1.5.17.RELEASE.jar:/home/prashantsingh/.m2/repository/org/springframework/hateoas/spring-hateoas/0.23.0.RELEASE/spring-hateoas-0.23.0.RELEASE.jar:/home/prashantsingh/.m2/repository/org/springframework/data/spring-data-commons/1.13.16.RELEASE/spring-data-commons-1.13.16.RELEASE.jar:/home/prashantsingh/.m2/repository/org/springframework/boot/spring-boot-starter-jdbc/1.5.17.RELEASE/spring-boot-starter-jdbc-1.5.17.RELEASE.jar:/home/prashantsingh/.m2/repository/org/springframework/spring-jdbc/4.3.20.RELEASE/spring-jdbc-4.3.20.RELEASE.jar:/home/prashantsingh/.m2/repository/org/springframework/plugin/spring-plugin-core/1.2.0.RELEASE/spring-plugin-core-1.2.0.RELEASE.jar:/home/prashantsingh/.m2/repository/org/springframework/analytics/spring-analytics/1.1.3.RELEASE/spring-analytics-1.1.3.RELEASE.jar:/home/prashantsingh/.m2/repository/org/springframework/retry/spring-retry/1.2.2.RELEASE/spring-retry-1.2.2.RELEASE.jar:/home/prashantsingh/.m2/repository/joda-time/joda-time/2.9.9/joda-time-2.9.9.jar:/home/prashantsingh/.m2/repository/org/springframework/cloud/spring-cloud-task-core/1.3.0.RELEASE/spring-cloud-task-core-1.3.0.RELEASE.jar:/home/prashantsingh/.m2/repository/org/springframework/batch/spring-batch-infrastructure/3.0.9.RELEASE/spring-batch-infrastructure-3.0.9.RELEASE.jar:/home/prashantsingh/.m2/repository/com/h2database/h2/1.4.197/h2-1.4.197.jar:/home/prashantsingh/.m2/repository/org/hsqldb/hsqldb/2.3.6/hsqldb-2.3.6.jar:/home/prashantsingh/.m2/repository/org/mariadb/jdbc/mariadb-java-client/1.5.9/mariadb-java-client-1.5.9.jar:/home/prashantsingh/.m2/repository/org/postgresql/postgresql/9.4.1212.jre7/postgresql-9.4.1212.jre7.jar:/home/prashantsingh/.m2/repository/com/microsoft/sqlserver/mssql-jdbc/6.1.0.jre7/mssql-jdbc-6.1.0.jre7.jar:/home/prashantsingh/.m2/repository/org/springframework/cloud/spring-cloud-starter-config/1.4.5.RELEASE/spring-cloud-starter-config-1.4.5.RELEASE.jar:/home/prashantsingh/.m2/repository/org/springframework/cloud/spring-cloud-starter/1.3.5.RELEASE/spring-cloud-starter-1.3.5.RELEASE.jar:/home/prashantsingh/.m2/repository/org/springframework/cloud/spring-cloud-context/1.3.5.RELEASE/spring-cloud-context-1.3.5.RELEASE.jar:/home/prashantsingh/.m2/repository/org/springframework/security/spring-security-crypto/4.2.9.RELEASE/spring-security-crypto-4.2.9.RELEASE.jar:/home/prashantsingh/.m2/repository/org/springframework/cloud/spring-cloud-commons/1.3.5.RELEASE/spring-cloud-commons-1.3.5.RELEASE.jar:/home/prashantsingh/.m2/repository/org/springframework/security/spring-security-rsa/1.0.3.RELEASE/spring-security-rsa-1.0.3.RELEASE.jar:/home/prashantsingh/.m2/repository/org/bouncycastle/bcpkix-jdk15on/1.55/bcpkix-jdk15on-1.55.jar:/home/prashantsingh/.m2/repository/org/bouncycastle/bcprov-jdk15on/1.55/bcprov-jdk15on-1.55.jar:/home/prashantsingh/.m2/repository/org/springframework/cloud/spring-cloud-config-client/1.4.5.RELEASE/spring-cloud-config-client-1.4.5.RELEASE.jar:/home/prashantsingh/.m2/repository/org/springframework/cloud/spring-cloud-starter-hystrix/1.4.6.RELEASE/spring-cloud-starter-hystrix-1.4.6.RELEASE.jar:/home/prashantsingh/.m2/repository/org/springframework/cloud/spring-cloud-starter-netflix-hystrix/1.4.6.RELEASE/spring-cloud-starter-netflix-hystrix-1.4.6.RELEASE.jar:/home/prashantsingh/.m2/repository/org/springframework/cloud/spring-cloud-netflix-core/1.4.6.RELEASE/spring-cloud-netflix-core-1.4.6.RELEASE.jar:/home/prashantsingh/.m2/repository/org/springframework/cloud/spring-cloud-starter-netflix-archaius/1.4.6.RELEASE/spring-cloud-starter-netflix-archaius-1.4.6.RELEASE.jar:/home/prashantsingh/.m2/repository/com/netflix/archaius/archaius-core/0.7.4/archaius-core-0.7.4.jar:/home/prashantsingh/.m2/repository/com/google/code/findbugs/jsr305/3.0.1/jsr305-3.0.1.jar:/home/prashantsingh/.m2/repository/commons-configuration/commons-configuration/1.8/commons-configuration-1.8.jar:/home/prashantsingh/.m2/repository/com/google/guava/guava/18.0/guava-18.0.jar:/home/prashantsingh/.m2/repository/com/netflix/hystrix/hystrix-core/1.5.12/hystrix-core-1.5.12.jar:/home/prashantsingh/.m2/repository/io/reactivex/rxjava/1.2.0/rxjava-1.2.0.jar:/home/prashantsingh/.m2/repository/org/hdrhistogram/HdrHistogram/2.1.9/HdrHistogram-2.1.9.jar:/home/prashantsingh/.m2/repository/com/netflix/hystrix/hystrix-metrics-event-stream/1.5.12/hystrix-metrics-event-stream-1.5.12.jar:/home/prashantsingh/.m2/repository/com/netflix/hystrix/hystrix-serialization/1.5.12/hystrix-serialization-1.5.12.jar:/home/prashantsingh/.m2/repository/com/fasterxml/jackson/module/jackson-module-afterburner/2.8.11/jackson-module-afterburner-2.8.11.jar:/home/prashantsingh/.m2/repository/com/netflix/hystrix/hystrix-javanica/1.5.12/hystrix-javanica-1.5.12.jar:/home/prashantsingh/.m2/repository/org/springframework/batch/spring-batch-admin-manager/1.3.1.RELEASE/spring-batch-admin-manager-1.3.1.RELEASE.jar:/home/prashantsingh/.m2/repository/org/aspectj/aspectjrt/1.8.13/aspectjrt-1.8.13.jar:/home/prashantsingh/.m2/repository/org/aspectj/aspectjweaver/1.8.13/aspectjweaver-1.8.13.jar:/home/prashantsingh/.m2/repository/org/springframework/batch/spring-batch-integration/3.0.9.RELEASE/spring-batch-integration-3.0.9.RELEASE.jar:/home/prashantsingh/.m2/repository/org/springframework/spring-messaging/4.3.20.RELEASE/spring-messaging-4.3.20.RELEASE.jar:/home/prashantsingh/.m2/repository/org/springframework/integration/spring-integration-core/4.3.17.RELEASE/spring-integration-core-4.3.17.RELEASE.jar:/home/prashantsingh/.m2/repository/org/springframework/integration/spring-integration-jmx/4.3.17.RELEASE/spring-integration-jmx-4.3.17.RELEASE.jar:/home/prashantsingh/.m2/repository/org/springframework/integration/spring-integration-http/4.3.17.RELEASE/spring-integration-http-4.3.17.RELEASE.jar:/home/prashantsingh/.m2/repository/org/springframework/integration/spring-integration-file/4.3.17.RELEASE/spring-integration-file-4.3.17.RELEASE.jar:/home/prashantsingh/.m2/repository/commons-fileupload/commons-fileupload/1.3.1/commons-fileupload-1.3.1.jar:/home/prashantsingh/.m2/repository/commons-collections/commons-collections/3.2.2/commons-collections-3.2.2.jar:/home/prashantsingh/.m2/repository/org/springframework/batch/spring-batch-admin-resources/1.3.1.RELEASE/spring-batch-admin-resources-1.3.1.RELEASE.jar:/home/prashantsingh/.m2/repository/org/springframework/cloud/spring-cloud-skipper-client/1.1.1.RELEASE/spring-cloud-skipper-client-1.1.1.RELEASE.jar:/home/prashantsingh/.m2/repository/org/springframework/cloud/spring-cloud-skipper/1.1.1.RELEASE/spring-cloud-skipper-1.1.1.RELEASE.jar:/home/prashantsingh/.m2/repository/org/springframework/data/spring-data-keyvalue/1.2.16.RELEASE/spring-data-keyvalue-1.2.16.RELEASE.jar:/home/prashantsingh/.m2/repository/com/fasterxml/jackson/dataformat/jackson-dataformat-yaml/2.8.11/jackson-dataformat-yaml-2.8.11.jar:/home/prashantsingh/.m2/repository/org/zeroturnaround/zt-zip/1.11/zt-zip-1.11.jar:/home/prashantsingh/.m2/repository/org/apache/commons/commons-lang3/3.4/commons-lang3-3.4.jar:/home/prashantsingh/.m2/repository/org/springframework/cloud/spring-cloud-dataflow-server-local-autoconfig/1.7.1.RELEASE/spring-cloud-dataflow-server-local-autoconfig-1.7.1.RELEASE.jar:/home/prashantsingh/.m2/repository/org/springframework/cloud/spring-cloud-deployer-resource-support/1.3.4.RELEASE/spring-cloud-deployer-resource-support-1.3.4.RELEASE.jar:/home/prashantsingh/.m2/repository/org/hibernate/hibernate-core/5.2.12.Final/hibernate-core-5.2.12.Final.jar:/home/prashantsingh/.m2/repository/org/jboss/logging/jboss-logging/3.3.2.Final/jboss-logging-3.3.2.Final.jar:/home/prashantsingh/.m2/repository/org/hibernate/javax/persistence/hibernate-jpa-2.1-api/1.0.0.Final/hibernate-jpa-2.1-api-1.0.0.Final.jar:/home/prashantsingh/.m2/repository/org/javassist/javassist/3.21.0-GA/javassist-3.21.0-GA.jar:/home/prashantsingh/.m2/repository/antlr/antlr/2.7.7/antlr-2.7.7.jar:/home/prashantsingh/.m2/repository/org/jboss/spec/javax/transaction/jboss-transaction-api_1.2_spec/1.0.1.Final/jboss-transaction-api_1.2_spec-1.0.1.Final.jar:/home/prashantsingh/.m2/repository/org/jboss/jandex/2.0.3.Final/jandex-2.0.3.Final.jar:/home/prashantsingh/.m2/repository/com/fasterxml/classmate/1.3.4/classmate-1.3.4.jar:/home/prashantsingh/.m2/repository/dom4j/dom4j/1.6.1/dom4j-1.6.1.jar:/home/prashantsingh/.m2/repository/org/hibernate/common/hibernate-commons-annotations/5.0.1.Final/hibernate-commons-annotations-5.0.1.Final.jar:/home/prashantsingh/.m2/repository/org/hibernate/hibernate-entitymanager/5.2.12.Final/hibernate-entitymanager-5.2.12.Final.jar:/home/prashantsingh/.m2/repository/net/bytebuddy/byte-buddy/1.6.14/byte-buddy-1.6.14.jar:, user.name=prashantsingh, java.vm.specification.version=1.8, sun.java.command=/home/prashantsingh/Desktop/STS_Workspace/scdfdemo/target/surefire/surefirebooter3045195718012816203.jar /home/prashantsingh/Desktop/STS_Workspace/scdfdemo/target/surefire/surefire559666564427066310tmp /home/prashantsingh/Desktop/STS_Workspace/scdfdemo/target/surefire/surefire_05065136911053640205tmp, java.home=/usr/lib/jvm/java-8-oracle/jre, sun.arch.data.model=64, user.language=en, java.specification.vendor=Oracle Corporation, awt.toolkit=sun.awt.X11.XToolkit, java.vm.info=mixed mode, java.version=1.8.0_201, java.ext.dirs=/usr/lib/jvm/java-8-oracle/jre/lib/ext:/usr/java/packages/lib/ext, sun.boot.class.path=/usr/lib/jvm/java-8-oracle/jre/lib/resources.jar:/usr/lib/jvm/java-8-oracle/jre/lib/rt.jar:/usr/lib/jvm/java-8-oracle/jre/lib/sunrsasign.jar:/usr/lib/jvm/java-8-oracle/jre/lib/jsse.jar:/usr/lib/jvm/java-8-oracle/jre/lib/jce.jar:/usr/lib/jvm/java-8-oracle/jre/lib/charsets.jar:/usr/lib/jvm/java-8-oracle/jre/lib/jfr.jar:/usr/lib/jvm/java-8-oracle/jre/classes, java.vendor=Oracle Corporation, localRepository=/home/prashantsingh/.m2/repository, file.separator=/, java.vendor.url.bug=http://bugreport.sun.com/bugreport/, sun.io.unicode.encoding=UnicodeLittle, sun.cpu.endian=little, sun.desktop=gnome, sun.cpu.isalist=}}, SystemEnvironmentPropertySource@931675031 {name='systemEnvironment', properties={PATH=/usr/local/sbin:/usr/local/bin:/usr/sbin:/usr/bin:/sbin:/bin:/usr/games:/usr/local/games:/snap/bin:/usr/lib/jvm/java-8-oracle/bin:/usr/lib/jvm/java-8-oracle/db/bin:/usr/lib/jvm/java-8-oracle/jre/bin, XAUTHORITY=/run/user/1000/gdm/Xauthority, INVOCATION_ID=b9c74bba79aa4ea895c432c273efecc4, XMODIFIERS=@im=ibus, XDG_DATA_DIRS=/usr/share/ubuntu:/usr/local/share:/usr/share:/var/lib/snapd/desktop, GDMSESSION=ubuntu, TEXTDOMAINDIR=/usr/share/locale/, GTK_IM_MODULE=ibus, DBUS_SESSION_BUS_ADDRESS=unix:path=/run/user/1000/bus,guid=5dd4eeb658ab5c1b65c2200e5cbd4f7c, XDG_CURRENT_DESKTOP=ubuntu:GNOME, JOURNAL_STREAM=9:44479, SSH_AGENT_PID=4104, QT4_IM_MODULE=xim, SESSION_MANAGER=local/ankit:@/tmp/.ICE-unix/4009,unix/ankit:/tmp/.ICE-unix/4009, USERNAME=prashantsingh, LOGNAME=prashantsingh, PWD=/home/prashantsingh/Desktop/STS_Workspace/scdfdemo, MANAGERPID=3979, DERBY_HOME=/usr/lib/jvm/java-8-oracle/db, IM_CONFIG_PHASE=2, S_COLORS=auto, LANGUAGE=en_IN:en, SHELL=/bin/bash, J2SDKDIR=/usr/lib/jvm/java-8-oracle, OLDPWD=/home/prashantsingh/Desktop/STS_Workspace/scdfdemo, GNOME_DESKTOP_SESSION_ID=this-is-deprecated, GTK_MODULES=gail:atk-bridge, J2REDIR=/usr/lib/jvm/java-8-oracle/jre, CLUTTER_IM_MODULE=xim, TEXTDOMAIN=im-config, DBUS_STARTER_ADDRESS=unix:path=/run/user/1000/bus,guid=5dd4eeb658ab5c1b65c2200e5cbd4f7c, XDG_SESSION_DESKTOP=ubuntu, SHLVL=0, OXYGEN_DISABLE_INNER_SHADOWS_HACK=1, QT_IM_MODULE=ibus, JAVA_HOME=/usr/lib/jvm/java-8-oracle, XDG_CONFIG_DIRS=/etc/xdg/xdg-ubuntu:/etc/xdg, LANG=en_IN, XDG_SESSION_ID=3, XDG_SESSION_TYPE=x11, DISPLAY=:0, _=/usr/bin/dbus-update-activation-environment, LIBOVERLAY_SCROLLBAR=0, GPG_AGENT_INFO=/run/user/1000/gnupg/S.gpg-agent:0:1, GDK_CORE_DEVICE_EVENTS=1, DESKTOP_SESSION=ubuntu, USER=prashantsingh, XDG_MENU_PREFIX=gnome-, QT_ACCESSIBILITY=1, WINDOWPATH=2, SSH_AUTH_SOCK=/run/user/1000/keyring/ssh, XDG_SEAT=seat0, GNOME_SHELL_SESSION_MODE=ubuntu, XDG_VTNR=2, XDG_RUNTIME_DIR=/run/user/1000, DBUS_STARTER_BUS_TYPE=session, HOME=/home/prashantsingh}}]
11:10:27.264 [main] DEBUG org.springframework.core.env.MutablePropertySources - Adding PropertySource 'inline' with highest search precedence
11:10:27.271 [main] DEBUG org.springframework.test.context.support.TestPropertySourceUtils - Adding inlined properties to environment: {spring.jmx.enabled=false, org.springframework.boot.test.context.SpringBootTestContextBootstrapper=true, server.port=-1}
11:10:27.272 [main] DEBUG org.springframework.core.env.StandardEnvironment - Adding PropertySource 'Inlined Test Properties' with highest search precedence
  ____                              ____ _                __
 / ___| _ __  _ __(_)_ __   __ _   / ___| | ___  _   _  __| |
 \___ \| '_ \| '__| | '_ \ / _` | | |   | |/ _ \| | | |/ _` |
  ___) | |_) | |  | | | | | (_| | | |___| | (_) | |_| | (_| |
 |____/| .__/|_|  |_|_| |_|\__, |  \____|_|\___/ \__,_|\__,_|
  ____ |_|    _          __|___/                 __________
 |  _ \  __ _| |_ __ _  |  ___| | _____      __  \ \ \ \ \ \
 | | | |/ _` | __/ _` | | |_  | |/ _ \ \ /\ / /   \ \ \ \ \ \
 | |_| | (_| | || (_| | |  _| | | (_) \ V  V /    / / / / / /
 |____/ \__,_|\__\__,_| |_|   |_|\___/ \_/\_/    /_/_/_/_/_/

 

2019-04-22 11:10:29.498  INFO 8117 --- [           main] c.c.c.ConfigServicePropertySourceLocator : Fetching config from server at: http://localhost:8888
2019-04-22 11:10:29.683  WARN 8117 --- [           main] c.c.c.ConfigServicePropertySourceLocator : Could not locate PropertySource: I/O error on GET request for "http://localhost:8888/spring-cloud-dataflow-server-local/default": Connection refused (Connection refused); nested exception is java.net.ConnectException: Connection refused (Connection refused)
2019-04-22 11:10:29.694  INFO 8117 --- [           main] c.s.scdfdemo.ScdfdemoApplicationTests    : No active profile set, falling back to default profiles: default
2019-04-22 11:10:32.245  INFO 8117 --- [           main] .s.d.r.c.RepositoryConfigurationDelegate : Multiple Spring Data modules found, entering strict repository configuration mode!
2019-04-22 11:10:32.314  INFO 8117 --- [           main] .s.d.r.c.RepositoryConfigurationDelegate : Multiple Spring Data modules found, entering strict repository configuration mode!
2019-04-22 11:10:32.544  INFO 8117 --- [           main] .s.d.r.c.RepositoryConfigurationDelegate : Multiple Spring Data modules found, entering strict repository configuration mode!
2019-04-22 11:10:33.239  INFO 8117 --- [           main] o.s.cloud.context.scope.GenericScope     : BeanFactory id=c3e85fe8-693f-38d0-bb41-0718f0d44f5a
2019-04-22 11:10:35.082  INFO 8117 --- [           main] com.zaxxer.hikari.HikariDataSource       : HikariPool-1 - Started.
2019-04-22 11:10:36.429  WARN 8117 --- [           main] o.s.w.c.s.GenericWebApplicationContext   : Exception encountered during context initialization - cancelling refresh attempt: org.springframework.beans.factory.UnsatisfiedDependencyException: Error creating bean with name 'entityManagerFactory' defined in class path resource [org/springframework/boot/autoconfigure/orm/jpa/HibernateJpaAutoConfiguration.class]: Unsatisfied dependency expressed through method 'entityManagerFactory' parameter 0; nested exception is org.springframework.beans.factory.UnsatisfiedDependencyException: Error creating bean with name 'entityManagerFactoryBuilder' defined in class path resource [org/springframework/boot/autoconfigure/orm/jpa/HibernateJpaAutoConfiguration.class]: Unsatisfied dependency expressed through method 'entityManagerFactoryBuilder' parameter 0; nested exception is org.springframework.beans.factory.BeanCreationException: Error creating bean with name 'jpaVendorAdapter' defined in class path resource [org/springframework/boot/autoconfigure/orm/jpa/HibernateJpaAutoConfiguration.class]: Bean instantiation via factory method failed; nested exception is org.springframework.beans.BeanInstantiationException: Failed to instantiate [org.springframework.orm.jpa.JpaVendorAdapter]: Factory method 'jpaVendorAdapter' threw exception; nested exception is com.zaxxer.hikari.pool.HikariPool$PoolInitializationException: Failed to initialize pool: Connection is broken: "java.net.ConnectException: Connection refused (Connection refused): localhost:19092" [90067-197]
2019-04-22 11:10:36.465 ERROR 8117 --- [           main] o.s.boot.SpringApplication               : Application startup failed

org.springframework.beans.factory.UnsatisfiedDependencyException: Error creating bean with name 'entityManagerFactory' defined in class path resource [org/springframework/boot/autoconfigure/orm/jpa/HibernateJpaAutoConfiguration.class]: Unsatisfied dependency expressed through method 'entityManagerFactory' parameter 0; nested exception is org.springframework.beans.factory.UnsatisfiedDependencyException: Error creating bean with name 'entityManagerFactoryBuilder' defined in class path resource [org/springframework/boot/autoconfigure/orm/jpa/HibernateJpaAutoConfiguration.class]: Unsatisfied dependency expressed through method 'entityManagerFactoryBuilder' parameter 0; nested exception is org.springframework.beans.factory.BeanCreationException: Error creating bean with name 'jpaVendorAdapter' defined in class path resource [org/springframework/boot/autoconfigure/orm/jpa/HibernateJpaAutoConfiguration.class]: Bean instantiation via factory method failed; nested exception is org.springframework.beans.BeanInstantiationException: Failed to instantiate [org.springframework.orm.jpa.JpaVendorAdapter]: Factory method 'jpaVendorAdapter' threw exception; nested exception is com.zaxxer.hikari.pool.HikariPool$PoolInitializationException: Failed to initialize pool: Connection is broken: "java.net.ConnectException: Connection refused (Connection refused): localhost:19092" [90067-197]
	at org.springframework.beans.factory.support.ConstructorResolver.createArgumentArray(ConstructorResolver.java:749) ~[spring-beans-4.3.20.RELEASE.jar:4.3.20.RELEASE]
	at org.springframework.beans.factory.support.ConstructorResolver.instantiateUsingFactoryMethod(ConstructorResolver.java:467) ~[spring-beans-4.3.20.RELEASE.jar:4.3.20.RELEASE]
	at org.springframework.beans.factory.support.AbstractAutowireCapableBeanFactory.instantiateUsingFactoryMethod(AbstractAutowireCapableBeanFactory.java:1178) ~[spring-beans-4.3.20.RELEASE.jar:4.3.20.RELEASE]
	at org.springframework.beans.factory.support.AbstractAutowireCapableBeanFactory.createBeanInstance(AbstractAutowireCapableBeanFactory.java:1072) ~[spring-beans-4.3.20.RELEASE.jar:4.3.20.RELEASE]
	at org.springframework.beans.factory.support.AbstractAutowireCapableBeanFactory.doCreateBean(AbstractAutowireCapableBeanFactory.java:511) ~[spring-beans-4.3.20.RELEASE.jar:4.3.20.RELEASE]
	at org.springframework.beans.factory.support.AbstractAutowireCapableBeanFactory.createBean(AbstractAutowireCapableBeanFactory.java:481) ~[spring-beans-4.3.20.RELEASE.jar:4.3.20.RELEASE]
	at org.springframework.beans.factory.support.AbstractBeanFactory$1.getObject(AbstractBeanFactory.java:312) ~[spring-beans-4.3.20.RELEASE.jar:4.3.20.RELEASE]
	at org.springframework.beans.factory.support.DefaultSingletonBeanRegistry.getSingleton(DefaultSingletonBeanRegistry.java:230) ~[spring-beans-4.3.20.RELEASE.jar:4.3.20.RELEASE]
	at org.springframework.beans.factory.support.AbstractBeanFactory.doGetBean(AbstractBeanFactory.java:308) ~[spring-beans-4.3.20.RELEASE.jar:4.3.20.RELEASE]
	at org.springframework.beans.factory.support.AbstractBeanFactory.getBean(AbstractBeanFactory.java:197) ~[spring-beans-4.3.20.RELEASE.jar:4.3.20.RELEASE]
	at org.springframework.context.support.AbstractApplicationContext.getBean(AbstractApplicationContext.java:1080) ~[spring-context-4.3.20.RELEASE.jar:4.3.20.RELEASE]
	at org.springframework.context.support.AbstractApplicationContext.finishBeanFactoryInitialization(AbstractApplicationContext.java:857) ~[spring-context-4.3.20.RELEASE.jar:4.3.20.RELEASE]
	at org.springframework.context.support.AbstractApplicationContext.refresh(AbstractApplicationContext.java:543) ~[spring-context-4.3.20.RELEASE.jar:4.3.20.RELEASE]
	at org.springframework.boot.SpringApplication.refresh(SpringApplication.java:693) ~[spring-boot-1.5.17.RELEASE.jar:1.5.17.RELEASE]
	at org.springframework.boot.SpringApplication.refreshContext(SpringApplication.java:360) ~[spring-boot-1.5.17.RELEASE.jar:1.5.17.RELEASE]
	at org.springframework.boot.SpringApplication.run(SpringApplication.java:303) ~[spring-boot-1.5.17.RELEASE.jar:1.5.17.RELEASE]
	at org.springframework.boot.test.context.SpringBootContextLoader.loadContext(SpringBootContextLoader.java:121) [spring-boot-test-1.5.17.RELEASE.jar:1.5.17.RELEASE]
	at org.springframework.test.context.cache.DefaultCacheAwareContextLoaderDelegate.loadContextInternal(DefaultCacheAwareContextLoaderDelegate.java:98) [spring-test-4.3.20.RELEASE.jar:4.3.20.RELEASE]
	at org.springframework.test.context.cache.DefaultCacheAwareContextLoaderDelegate.loadContext(DefaultCacheAwareContextLoaderDelegate.java:116) [spring-test-4.3.20.RELEASE.jar:4.3.20.RELEASE]
	at org.springframework.test.context.support.DefaultTestContext.getApplicationContext(DefaultTestContext.java:83) [spring-test-4.3.20.RELEASE.jar:4.3.20.RELEASE]
	at org.springframework.test.context.web.ServletTestExecutionListener.setUpRequestContextIfNecessary(ServletTestExecutionListener.java:189) [spring-test-4.3.20.RELEASE.jar:4.3.20.RELEASE]
	at org.springframework.test.context.web.ServletTestExecutionListener.prepareTestInstance(ServletTestExecutionListener.java:131) [spring-test-4.3.20.RELEASE.jar:4.3.20.RELEASE]
	at org.springframework.test.context.TestContextManager.prepareTestInstance(TestContextManager.java:230) [spring-test-4.3.20.RELEASE.jar:4.3.20.RELEASE]
	at org.springframework.test.context.junit4.SpringJUnit4ClassRunner.createTest(SpringJUnit4ClassRunner.java:228) [spring-test-4.3.20.RELEASE.jar:4.3.20.RELEASE]
	at org.springframework.test.context.junit4.SpringJUnit4ClassRunner$1.runReflectiveCall(SpringJUnit4ClassRunner.java:287) [spring-test-4.3.20.RELEASE.jar:4.3.20.RELEASE]
	at org.junit.internal.runners.model.ReflectiveCallable.run(ReflectiveCallable.java:12) [junit-4.12.jar:4.12]
	at org.springframework.test.context.junit4.SpringJUnit4ClassRunner.methodBlock(SpringJUnit4ClassRunner.java:289) [spring-test-4.3.20.RELEASE.jar:4.3.20.RELEASE]
	at org.springframework.test.context.junit4.SpringJUnit4ClassRunner.runChild(SpringJUnit4ClassRunner.java:247) [spring-test-4.3.20.RELEASE.jar:4.3.20.RELEASE]
	at org.springframework.test.context.junit4.SpringJUnit4ClassRunner.runChild(SpringJUnit4ClassRunner.java:94) [spring-test-4.3.20.RELEASE.jar:4.3.20.RELEASE]
	at org.junit.runners.ParentRunner$3.run(ParentRunner.java:290) [junit-4.12.jar:4.12]
	at org.junit.runners.ParentRunner$1.schedule(ParentRunner.java:71) [junit-4.12.jar:4.12]
	at org.junit.runners.ParentRunner.runChildren(ParentRunner.java:288) [junit-4.12.jar:4.12]
	at org.junit.runners.ParentRunner.access$000(ParentRunner.java:58) [junit-4.12.jar:4.12]
	at org.junit.runners.ParentRunner$2.evaluate(ParentRunner.java:268) [junit-4.12.jar:4.12]
	at org.springframework.test.context.junit4.statements.RunBeforeTestClassCallbacks.evaluate(RunBeforeTestClassCallbacks.java:61) [spring-test-4.3.20.RELEASE.jar:4.3.20.RELEASE]
	at org.springframework.test.context.junit4.statements.RunAfterTestClassCallbacks.evaluate(RunAfterTestClassCallbacks.java:70) [spring-test-4.3.20.RELEASE.jar:4.3.20.RELEASE]
	at org.junit.runners.ParentRunner.run(ParentRunner.java:363) [junit-4.12.jar:4.12]
	at org.springframework.test.context.junit4.SpringJUnit4ClassRunner.run(SpringJUnit4ClassRunner.java:191) [spring-test-4.3.20.RELEASE.jar:4.3.20.RELEASE]
	at org.apache.maven.surefire.junit4.JUnit4Provider.execute(JUnit4Provider.java:283) [surefire-junit4-2.18.1.jar:2.18.1]
	at org.apache.maven.surefire.junit4.JUnit4Provider.executeWithRerun(JUnit4Provider.java:173) [surefire-junit4-2.18.1.jar:2.18.1]
	at org.apache.maven.surefire.junit4.JUnit4Provider.executeTestSet(JUnit4Provider.java:153) [surefire-junit4-2.18.1.jar:2.18.1]
	at org.apache.maven.surefire.junit4.JUnit4Provider.invoke(JUnit4Provider.java:128) [surefire-junit4-2.18.1.jar:2.18.1]
	at org.apache.maven.surefire.booter.ForkedBooter.invokeProviderInSameClassLoader(ForkedBooter.java:203) [surefire-booter-2.18.1.jar:2.18.1]
	at org.apache.maven.surefire.booter.ForkedBooter.runSuitesInProcess(ForkedBooter.java:155) [surefire-booter-2.18.1.jar:2.18.1]
	at org.apache.maven.surefire.booter.ForkedBooter.main(ForkedBooter.java:103) [surefire-booter-2.18.1.jar:2.18.1]
Caused by: org.springframework.beans.factory.UnsatisfiedDependencyException: Error creating bean with name 'entityManagerFactoryBuilder' defined in class path resource [org/springframework/boot/autoconfigure/orm/jpa/HibernateJpaAutoConfiguration.class]: Unsatisfied dependency expressed through method 'entityManagerFactoryBuilder' parameter 0; nested exception is org.springframework.beans.factory.BeanCreationException: Error creating bean with name 'jpaVendorAdapter' defined in class path resource [org/springframework/boot/autoconfigure/orm/jpa/HibernateJpaAutoConfiguration.class]: Bean instantiation via factory method failed; nested exception is org.springframework.beans.BeanInstantiationException: Failed to instantiate [org.springframework.orm.jpa.JpaVendorAdapter]: Factory method 'jpaVendorAdapter' threw exception; nested exception is com.zaxxer.hikari.pool.HikariPool$PoolInitializationException: Failed to initialize pool: Connection is broken: "java.net.ConnectException: Connection refused (Connection refused): localhost:19092" [90067-197]
	at org.springframework.beans.factory.support.ConstructorResolver.createArgumentArray(ConstructorResolver.java:749) ~[spring-beans-4.3.20.RELEASE.jar:4.3.20.RELEASE]
	at org.springframework.beans.factory.support.ConstructorResolver.instantiateUsingFactoryMethod(ConstructorResolver.java:467) ~[spring-beans-4.3.20.RELEASE.jar:4.3.20.RELEASE]
	at org.springframework.beans.factory.support.AbstractAutowireCapableBeanFactory.instantiateUsingFactoryMethod(AbstractAutowireCapableBeanFactory.java:1178) ~[spring-beans-4.3.20.RELEASE.jar:4.3.20.RELEASE]
	at org.springframework.beans.factory.support.AbstractAutowireCapableBeanFactory.createBeanInstance(AbstractAutowireCapableBeanFactory.java:1072) ~[spring-beans-4.3.20.RELEASE.jar:4.3.20.RELEASE]
	at org.springframework.beans.factory.support.AbstractAutowireCapableBeanFactory.doCreateBean(AbstractAutowireCapableBeanFactory.java:511) ~[spring-beans-4.3.20.RELEASE.jar:4.3.20.RELEASE]
	at org.springframework.beans.factory.support.AbstractAutowireCapableBeanFactory.createBean(AbstractAutowireCapableBeanFactory.java:481) ~[spring-beans-4.3.20.RELEASE.jar:4.3.20.RELEASE]
	at org.springframework.beans.factory.support.AbstractBeanFactory$1.getObject(AbstractBeanFactory.java:312) ~[spring-beans-4.3.20.RELEASE.jar:4.3.20.RELEASE]
	at org.springframework.beans.factory.support.DefaultSingletonBeanRegistry.getSingleton(DefaultSingletonBeanRegistry.java:230) ~[spring-beans-4.3.20.RELEASE.jar:4.3.20.RELEASE]
	at org.springframework.beans.factory.support.AbstractBeanFactory.doGetBean(AbstractBeanFactory.java:308) ~[spring-beans-4.3.20.RELEASE.jar:4.3.20.RELEASE]
	at org.springframework.beans.factory.support.AbstractBeanFactory.getBean(AbstractBeanFactory.java:202) ~[spring-beans-4.3.20.RELEASE.jar:4.3.20.RELEASE]
	at org.springframework.beans.factory.config.DependencyDescriptor.resolveCandidate(DependencyDescriptor.java:208) ~[spring-beans-4.3.20.RELEASE.jar:4.3.20.RELEASE]
	at org.springframework.beans.factory.support.DefaultListableBeanFactory.doResolveDependency(DefaultListableBeanFactory.java:1136) ~[spring-beans-4.3.20.RELEASE.jar:4.3.20.RELEASE]
	at org.springframework.beans.factory.support.DefaultListableBeanFactory.resolveDependency(DefaultListableBeanFactory.java:1064) ~[spring-beans-4.3.20.RELEASE.jar:4.3.20.RELEASE]
	at org.springframework.beans.factory.support.ConstructorResolver.resolveAutowiredArgument(ConstructorResolver.java:835) ~[spring-beans-4.3.20.RELEASE.jar:4.3.20.RELEASE]
	at org.springframework.beans.factory.support.ConstructorResolver.createArgumentArray(ConstructorResolver.java:741) ~[spring-beans-4.3.20.RELEASE.jar:4.3.20.RELEASE]
	... 44 common frames omitted
Caused by: org.springframework.beans.factory.BeanCreationException: Error creating bean with name 'jpaVendorAdapter' defined in class path resource [org/springframework/boot/autoconfigure/orm/jpa/HibernateJpaAutoConfiguration.class]: Bean instantiation via factory method failed; nested exception is org.springframework.beans.BeanInstantiationException: Failed to instantiate [org.springframework.orm.jpa.JpaVendorAdapter]: Factory method 'jpaVendorAdapter' threw exception; nested exception is com.zaxxer.hikari.pool.HikariPool$PoolInitializationException: Failed to initialize pool: Connection is broken: "java.net.ConnectException: Connection refused (Connection refused): localhost:19092" [90067-197]
	at org.springframework.beans.factory.support.ConstructorResolver.instantiateUsingFactoryMethod(ConstructorResolver.java:599) ~[spring-beans-4.3.20.RELEASE.jar:4.3.20.RELEASE]
	at org.springframework.beans.factory.support.AbstractAutowireCapableBeanFactory.instantiateUsingFactoryMethod(AbstractAutowireCapableBeanFactory.java:1178) ~[spring-beans-4.3.20.RELEASE.jar:4.3.20.RELEASE]
	at org.springframework.beans.factory.support.AbstractAutowireCapableBeanFactory.createBeanInstance(AbstractAutowireCapableBeanFactory.java:1072) ~[spring-beans-4.3.20.RELEASE.jar:4.3.20.RELEASE]
	at org.springframework.beans.factory.support.AbstractAutowireCapableBeanFactory.doCreateBean(AbstractAutowireCapableBeanFactory.java:511) ~[spring-beans-4.3.20.RELEASE.jar:4.3.20.RELEASE]
	at org.springframework.beans.factory.support.AbstractAutowireCapableBeanFactory.createBean(AbstractAutowireCapableBeanFactory.java:481) ~[spring-beans-4.3.20.RELEASE.jar:4.3.20.RELEASE]
	at org.springframework.beans.factory.support.AbstractBeanFactory$1.getObject(AbstractBeanFactory.java:312) ~[spring-beans-4.3.20.RELEASE.jar:4.3.20.RELEASE]
	at org.springframework.beans.factory.support.DefaultSingletonBeanRegistry.getSingleton(DefaultSingletonBeanRegistry.java:230) ~[spring-beans-4.3.20.RELEASE.jar:4.3.20.RELEASE]
	at org.springframework.beans.factory.support.AbstractBeanFactory.doGetBean(AbstractBeanFactory.java:308) ~[spring-beans-4.3.20.RELEASE.jar:4.3.20.RELEASE]
	at org.springframework.beans.factory.support.AbstractBeanFactory.getBean(AbstractBeanFactory.java:202) ~[spring-beans-4.3.20.RELEASE.jar:4.3.20.RELEASE]
	at org.springframework.beans.factory.config.DependencyDescriptor.resolveCandidate(DependencyDescriptor.java:208) ~[spring-beans-4.3.20.RELEASE.jar:4.3.20.RELEASE]
	at org.springframework.beans.factory.support.DefaultListableBeanFactory.doResolveDependency(DefaultListableBeanFactory.java:1136) ~[spring-beans-4.3.20.RELEASE.jar:4.3.20.RELEASE]
	at org.springframework.beans.factory.support.DefaultListableBeanFactory.resolveDependency(DefaultListableBeanFactory.java:1064) ~[spring-beans-4.3.20.RELEASE.jar:4.3.20.RELEASE]
	at org.springframework.beans.factory.support.ConstructorResolver.resolveAutowiredArgument(ConstructorResolver.java:835) ~[spring-beans-4.3.20.RELEASE.jar:4.3.20.RELEASE]
	at org.springframework.beans.factory.support.ConstructorResolver.createArgumentArray(ConstructorResolver.java:741) ~[spring-beans-4.3.20.RELEASE.jar:4.3.20.RELEASE]
	... 58 common frames omitted
Caused by: org.springframework.beans.BeanInstantiationException: Failed to instantiate [org.springframework.orm.jpa.JpaVendorAdapter]: Factory method 'jpaVendorAdapter' threw exception; nested exception is com.zaxxer.hikari.pool.HikariPool$PoolInitializationException: Failed to initialize pool: Connection is broken: "java.net.ConnectException: Connection refused (Connection refused): localhost:19092" [90067-197]
	at org.springframework.beans.factory.support.SimpleInstantiationStrategy.instantiate(SimpleInstantiationStrategy.java:189) ~[spring-beans-4.3.20.RELEASE.jar:4.3.20.RELEASE]
	at org.springframework.beans.factory.support.ConstructorResolver.instantiateUsingFactoryMethod(ConstructorResolver.java:588) ~[spring-beans-4.3.20.RELEASE.jar:4.3.20.RELEASE]
	... 71 common frames omitted
Caused by: com.zaxxer.hikari.pool.HikariPool$PoolInitializationException: Failed to initialize pool: Connection is broken: "java.net.ConnectException: Connection refused (Connection refused): localhost:19092" [90067-197]
	at com.zaxxer.hikari.pool.HikariPool.checkFailFast(HikariPool.java:512) ~[HikariCP-2.5.1.jar:na]
	at com.zaxxer.hikari.pool.HikariPool.<init>(HikariPool.java:105) ~[HikariCP-2.5.1.jar:na]
	at com.zaxxer.hikari.HikariDataSource.getConnection(HikariDataSource.java:94) ~[HikariCP-2.5.1.jar:na]
	at org.springframework.jdbc.datasource.DataSourceUtils.doGetConnection(DataSourceUtils.java:111) ~[spring-jdbc-4.3.20.RELEASE.jar:4.3.20.RELEASE]
	at org.springframework.jdbc.datasource.DataSourceUtils.getConnection(DataSourceUtils.java:77) ~[spring-jdbc-4.3.20.RELEASE.jar:4.3.20.RELEASE]
	at org.springframework.jdbc.support.JdbcUtils.extractDatabaseMetaData(JdbcUtils.java:326) ~[spring-jdbc-4.3.20.RELEASE.jar:4.3.20.RELEASE]
	at org.springframework.jdbc.support.JdbcUtils.extractDatabaseMetaData(JdbcUtils.java:366) ~[spring-jdbc-4.3.20.RELEASE.jar:4.3.20.RELEASE]
	at org.springframework.boot.autoconfigure.orm.jpa.DatabaseLookup.getDatabase(DatabaseLookup.java:72) ~[spring-boot-autoconfigure-1.5.17.RELEASE.jar:1.5.17.RELEASE]
	at org.springframework.boot.autoconfigure.orm.jpa.JpaProperties.determineDatabase(JpaProperties.java:139) ~[spring-boot-autoconfigure-1.5.17.RELEASE.jar:1.5.17.RELEASE]
	at org.springframework.boot.autoconfigure.orm.jpa.JpaBaseConfiguration.jpaVendorAdapter(JpaBaseConfiguration.java:105) ~[spring-boot-autoconfigure-1.5.17.RELEASE.jar:1.5.17.RELEASE]
	at org.springframework.boot.autoconfigure.orm.jpa.HibernateJpaAutoConfiguration$$EnhancerBySpringCGLIB$$87588728.CGLIB$jpaVendorAdapter$3(<generated>) ~[spring-boot-autoconfigure-1.5.17.RELEASE.jar:1.5.17.RELEASE]
	at org.springframework.boot.autoconfigure.orm.jpa.HibernateJpaAutoConfiguration$$EnhancerBySpringCGLIB$$87588728$$FastClassBySpringCGLIB$$76f7c1a5.invoke(<generated>) ~[spring-boot-autoconfigure-1.5.17.RELEASE.jar:1.5.17.RELEASE]
	at org.springframework.cglib.proxy.MethodProxy.invokeSuper(MethodProxy.java:228) ~[spring-core-4.3.20.RELEASE.jar:4.3.20.RELEASE]
	at org.springframework.context.annotation.ConfigurationClassEnhancer$BeanMethodInterceptor.intercept(ConfigurationClassEnhancer.java:358) ~[spring-context-4.3.20.RELEASE.jar:4.3.20.RELEASE]
	at org.springframework.boot.autoconfigure.orm.jpa.HibernateJpaAutoConfiguration$$EnhancerBySpringCGLIB$$87588728.jpaVendorAdapter(<generated>) ~[spring-boot-autoconfigure-1.5.17.RELEASE.jar:1.5.17.RELEASE]
	at sun.reflect.NativeMethodAccessorImpl.invoke0(Native Method) ~[na:1.8.0_201]
	at sun.reflect.NativeMethodAccessorImpl.invoke(NativeMethodAccessorImpl.java:62) ~[na:1.8.0_201]
	at sun.reflect.DelegatingMethodAccessorImpl.invoke(DelegatingMethodAccessorImpl.java:43) ~[na:1.8.0_201]
	at java.lang.reflect.Method.invoke(Method.java:498) ~[na:1.8.0_201]
	at org.springframework.beans.factory.support.SimpleInstantiationStrategy.instantiate(SimpleInstantiationStrategy.java:162) ~[spring-beans-4.3.20.RELEASE.jar:4.3.20.RELEASE]
	... 72 common frames omitted
Caused by: org.h2.jdbc.JdbcSQLException: Connection is broken: "java.net.ConnectException: Connection refused (Connection refused): localhost:19092" [90067-197]
	at org.h2.message.DbException.getJdbcSQLException(DbException.java:357) ~[h2-1.4.197.jar:1.4.197]
	at org.h2.message.DbException.get(DbException.java:168) ~[h2-1.4.197.jar:1.4.197]
	at org.h2.engine.SessionRemote.connectServer(SessionRemote.java:451) ~[h2-1.4.197.jar:1.4.197]
	at org.h2.engine.SessionRemote.connectEmbeddedOrServer(SessionRemote.java:332) ~[h2-1.4.197.jar:1.4.197]
	at org.h2.jdbc.JdbcConnection.<init>(JdbcConnection.java:124) ~[h2-1.4.197.jar:1.4.197]
	at org.h2.jdbc.JdbcConnection.<init>(JdbcConnection.java:103) ~[h2-1.4.197.jar:1.4.197]
	at org.h2.Driver.connect(Driver.java:69) ~[h2-1.4.197.jar:1.4.197]
	at com.zaxxer.hikari.util.DriverDataSource.getConnection(DriverDataSource.java:95) ~[HikariCP-2.5.1.jar:na]
	at com.zaxxer.hikari.util.DriverDataSource.getConnection(DriverDataSource.java:101) ~[HikariCP-2.5.1.jar:na]
	at com.zaxxer.hikari.pool.PoolBase.newConnection(PoolBase.java:341) ~[HikariCP-2.5.1.jar:na]
	at com.zaxxer.hikari.pool.HikariPool.checkFailFast(HikariPool.java:506) ~[HikariCP-2.5.1.jar:na]
	... 91 common frames omitted
Caused by: java.net.ConnectException: Connection refused (Connection refused)
	at java.net.PlainSocketImpl.socketConnect(Native Method) ~[na:1.8.0_201]
	at java.net.AbstractPlainSocketImpl.doConnect(AbstractPlainSocketImpl.java:350) ~[na:1.8.0_201]
	at java.net.AbstractPlainSocketImpl.connectToAddress(AbstractPlainSocketImpl.java:206) ~[na:1.8.0_201]
	at java.net.AbstractPlainSocketImpl.connect(AbstractPlainSocketImpl.java:188) ~[na:1.8.0_201]
	at java.net.SocksSocketImpl.connect(SocksSocketImpl.java:392) ~[na:1.8.0_201]
	at java.net.Socket.connect(Socket.java:589) ~[na:1.8.0_201]
	at org.h2.util.NetUtils.createSocket(NetUtils.java:103) ~[h2-1.4.197.jar:1.4.197]
	at org.h2.util.NetUtils.createSocket(NetUtils.java:83) ~[h2-1.4.197.jar:1.4.197]
	at org.h2.engine.SessionRemote.initTransfer(SessionRemote.java:114) ~[h2-1.4.197.jar:1.4.197]
	at org.h2.engine.SessionRemote.connectServer(SessionRemote.java:447) ~[h2-1.4.197.jar:1.4.197]
	... 99 common frames omitted

2019-04-22 11:10:36.489 ERROR 8117 --- [           main] o.s.test.context.TestContextManager      : Caught exception while allowing TestExecutionListener [org.springframework.test.context.web.ServletTestExecutionListener@50eac852] to prepare test instance [com.scdfdemo.scdfdemo.ScdfdemoApplicationTests@2f471037]

java.lang.IllegalStateException: Failed to load ApplicationContext
	at org.springframework.test.context.cache.DefaultCacheAwareContextLoaderDelegate.loadContext(DefaultCacheAwareContextLoaderDelegate.java:124) ~[spring-test-4.3.20.RELEASE.jar:4.3.20.RELEASE]
	at org.springframework.test.context.support.DefaultTestContext.getApplicationContext(DefaultTestContext.java:83) ~[spring-test-4.3.20.RELEASE.jar:4.3.20.RELEASE]
	at org.springframework.test.context.web.ServletTestExecutionListener.setUpRequestContextIfNecessary(ServletTestExecutionListener.java:189) ~[spring-test-4.3.20.RELEASE.jar:4.3.20.RELEASE]
	at org.springframework.test.context.web.ServletTestExecutionListener.prepareTestInstance(ServletTestExecutionListener.java:131) ~[spring-test-4.3.20.RELEASE.jar:4.3.20.RELEASE]
	at org.springframework.test.context.TestContextManager.prepareTestInstance(TestContextManager.java:230) ~[spring-test-4.3.20.RELEASE.jar:4.3.20.RELEASE]
	at org.springframework.test.context.junit4.SpringJUnit4ClassRunner.createTest(SpringJUnit4ClassRunner.java:228) [spring-test-4.3.20.RELEASE.jar:4.3.20.RELEASE]
	at org.springframework.test.context.junit4.SpringJUnit4ClassRunner$1.runReflectiveCall(SpringJUnit4ClassRunner.java:287) [spring-test-4.3.20.RELEASE.jar:4.3.20.RELEASE]
	at org.junit.internal.runners.model.ReflectiveCallable.run(ReflectiveCallable.java:12) [junit-4.12.jar:4.12]
	at org.springframework.test.context.junit4.SpringJUnit4ClassRunner.methodBlock(SpringJUnit4ClassRunner.java:289) [spring-test-4.3.20.RELEASE.jar:4.3.20.RELEASE]
	at org.springframework.test.context.junit4.SpringJUnit4ClassRunner.runChild(SpringJUnit4ClassRunner.java:247) [spring-test-4.3.20.RELEASE.jar:4.3.20.RELEASE]
	at org.springframework.test.context.junit4.SpringJUnit4ClassRunner.runChild(SpringJUnit4ClassRunner.java:94) [spring-test-4.3.20.RELEASE.jar:4.3.20.RELEASE]
	at org.junit.runners.ParentRunner$3.run(ParentRunner.java:290) [junit-4.12.jar:4.12]
	at org.junit.runners.ParentRunner$1.schedule(ParentRunner.java:71) [junit-4.12.jar:4.12]
	at org.junit.runners.ParentRunner.runChildren(ParentRunner.java:288) [junit-4.12.jar:4.12]
	at org.junit.runners.ParentRunner.access$000(ParentRunner.java:58) [junit-4.12.jar:4.12]
	at org.junit.runners.ParentRunner$2.evaluate(ParentRunner.java:268) [junit-4.12.jar:4.12]
	at org.springframework.test.context.junit4.statements.RunBeforeTestClassCallbacks.evaluate(RunBeforeTestClassCallbacks.java:61) [spring-test-4.3.20.RELEASE.jar:4.3.20.RELEASE]
	at org.springframework.test.context.junit4.statements.RunAfterTestClassCallbacks.evaluate(RunAfterTestClassCallbacks.java:70) [spring-test-4.3.20.RELEASE.jar:4.3.20.RELEASE]
	at org.junit.runners.ParentRunner.run(ParentRunner.java:363) [junit-4.12.jar:4.12]
	at org.springframework.test.context.junit4.SpringJUnit4ClassRunner.run(SpringJUnit4ClassRunner.java:191) [spring-test-4.3.20.RELEASE.jar:4.3.20.RELEASE]
	at org.apache.maven.surefire.junit4.JUnit4Provider.execute(JUnit4Provider.java:283) [surefire-junit4-2.18.1.jar:2.18.1]
	at org.apache.maven.surefire.junit4.JUnit4Provider.executeWithRerun(JUnit4Provider.java:173) [surefire-junit4-2.18.1.jar:2.18.1]
	at org.apache.maven.surefire.junit4.JUnit4Provider.executeTestSet(JUnit4Provider.java:153) [surefire-junit4-2.18.1.jar:2.18.1]
	at org.apache.maven.surefire.junit4.JUnit4Provider.invoke(JUnit4Provider.java:128) [surefire-junit4-2.18.1.jar:2.18.1]
	at org.apache.maven.surefire.booter.ForkedBooter.invokeProviderInSameClassLoader(ForkedBooter.java:203) [surefire-booter-2.18.1.jar:2.18.1]
	at org.apache.maven.surefire.booter.ForkedBooter.runSuitesInProcess(ForkedBooter.java:155) [surefire-booter-2.18.1.jar:2.18.1]
	at org.apache.maven.surefire.booter.ForkedBooter.main(ForkedBooter.java:103) [surefire-booter-2.18.1.jar:2.18.1]
Caused by: org.springframework.beans.factory.UnsatisfiedDependencyException: Error creating bean with name 'entityManagerFactory' defined in class path resource [org/springframework/boot/autoconfigure/orm/jpa/HibernateJpaAutoConfiguration.class]: Unsatisfied dependency expressed through method 'entityManagerFactory' parameter 0; nested exception is org.springframework.beans.factory.UnsatisfiedDependencyException: Error creating bean with name 'entityManagerFactoryBuilder' defined in class path resource [org/springframework/boot/autoconfigure/orm/jpa/HibernateJpaAutoConfiguration.class]: Unsatisfied dependency expressed through method 'entityManagerFactoryBuilder' parameter 0; nested exception is org.springframework.beans.factory.BeanCreationException: Error creating bean with name 'jpaVendorAdapter' defined in class path resource [org/springframework/boot/autoconfigure/orm/jpa/HibernateJpaAutoConfiguration.class]: Bean instantiation via factory method failed; nested exception is org.springframework.beans.BeanInstantiationException: Failed to instantiate [org.springframework.orm.jpa.JpaVendorAdapter]: Factory method 'jpaVendorAdapter' threw exception; nested exception is com.zaxxer.hikari.pool.HikariPool$PoolInitializationException: Failed to initialize pool: Connection is broken: "java.net.ConnectException: Connection refused (Connection refused): localhost:19092" [90067-197]
	at org.springframework.beans.factory.support.ConstructorResolver.createArgumentArray(ConstructorResolver.java:749) ~[spring-beans-4.3.20.RELEASE.jar:4.3.20.RELEASE]
	at org.springframework.beans.factory.support.ConstructorResolver.instantiateUsingFactoryMethod(ConstructorResolver.java:467) ~[spring-beans-4.3.20.RELEASE.jar:4.3.20.RELEASE]
	at org.springframework.beans.factory.support.AbstractAutowireCapableBeanFactory.instantiateUsingFactoryMethod(AbstractAutowireCapableBeanFactory.java:1178) ~[spring-beans-4.3.20.RELEASE.jar:4.3.20.RELEASE]
	at org.springframework.beans.factory.support.AbstractAutowireCapableBeanFactory.createBeanInstance(AbstractAutowireCapableBeanFactory.java:1072) ~[spring-beans-4.3.20.RELEASE.jar:4.3.20.RELEASE]
	at org.springframework.beans.factory.support.AbstractAutowireCapableBeanFactory.doCreateBean(AbstractAutowireCapableBeanFactory.java:511) ~[spring-beans-4.3.20.RELEASE.jar:4.3.20.RELEASE]
	at org.springframework.beans.factory.support.AbstractAutowireCapableBeanFactory.createBean(AbstractAutowireCapableBeanFactory.java:481) ~[spring-beans-4.3.20.RELEASE.jar:4.3.20.RELEASE]
	at org.springframework.beans.factory.support.AbstractBeanFactory$1.getObject(AbstractBeanFactory.java:312) ~[spring-beans-4.3.20.RELEASE.jar:4.3.20.RELEASE]
	at org.springframework.beans.factory.support.DefaultSingletonBeanRegistry.getSingleton(DefaultSingletonBeanRegistry.java:230) ~[spring-beans-4.3.20.RELEASE.jar:4.3.20.RELEASE]
	at org.springframework.beans.factory.support.AbstractBeanFactory.doGetBean(AbstractBeanFactory.java:308) ~[spring-beans-4.3.20.RELEASE.jar:4.3.20.RELEASE]
	at org.springframework.beans.factory.support.AbstractBeanFactory.getBean(AbstractBeanFactory.java:197) ~[spring-beans-4.3.20.RELEASE.jar:4.3.20.RELEASE]
	at org.springframework.context.support.AbstractApplicationContext.getBean(AbstractApplicationContext.java:1080) ~[spring-context-4.3.20.RELEASE.jar:4.3.20.RELEASE]
	at org.springframework.context.support.AbstractApplicationContext.finishBeanFactoryInitialization(AbstractApplicationContext.java:857) ~[spring-context-4.3.20.RELEASE.jar:4.3.20.RELEASE]
	at org.springframework.context.support.AbstractApplicationContext.refresh(AbstractApplicationContext.java:543) ~[spring-context-4.3.20.RELEASE.jar:4.3.20.RELEASE]
	at org.springframework.boot.SpringApplication.refresh(SpringApplication.java:693) ~[spring-boot-1.5.17.RELEASE.jar:1.5.17.RELEASE]
	at org.springframework.boot.SpringApplication.refreshContext(SpringApplication.java:360) ~[spring-boot-1.5.17.RELEASE.jar:1.5.17.RELEASE]
	at org.springframework.boot.SpringApplication.run(SpringApplication.java:303) ~[spring-boot-1.5.17.RELEASE.jar:1.5.17.RELEASE]
	at org.springframework.boot.test.context.SpringBootContextLoader.loadContext(SpringBootContextLoader.java:121) ~[spring-boot-test-1.5.17.RELEASE.jar:1.5.17.RELEASE]
	at org.springframework.test.context.cache.DefaultCacheAwareContextLoaderDelegate.loadContextInternal(DefaultCacheAwareContextLoaderDelegate.java:98) ~[spring-test-4.3.20.RELEASE.jar:4.3.20.RELEASE]
	at org.springframework.test.context.cache.DefaultCacheAwareContextLoaderDelegate.loadContext(DefaultCacheAwareContextLoaderDelegate.java:116) ~[spring-test-4.3.20.RELEASE.jar:4.3.20.RELEASE]
	... 26 common frames omitted
Caused by: org.springframework.beans.factory.UnsatisfiedDependencyException: Error creating bean with name 'entityManagerFactoryBuilder' defined in class path resource [org/springframework/boot/autoconfigure/orm/jpa/HibernateJpaAutoConfiguration.class]: Unsatisfied dependency expressed through method 'entityManagerFactoryBuilder' parameter 0; nested exception is org.springframework.beans.factory.BeanCreationException: Error creating bean with name 'jpaVendorAdapter' defined in class path resource [org/springframework/boot/autoconfigure/orm/jpa/HibernateJpaAutoConfiguration.class]: Bean instantiation via factory method failed; nested exception is org.springframework.beans.BeanInstantiationException: Failed to instantiate [org.springframework.orm.jpa.JpaVendorAdapter]: Factory method 'jpaVendorAdapter' threw exception; nested exception is com.zaxxer.hikari.pool.HikariPool$PoolInitializationException: Failed to initialize pool: Connection is broken: "java.net.ConnectException: Connection refused (Connection refused): localhost:19092" [90067-197]
	at org.springframework.beans.factory.support.ConstructorResolver.createArgumentArray(ConstructorResolver.java:749) ~[spring-beans-4.3.20.RELEASE.jar:4.3.20.RELEASE]
	at org.springframework.beans.factory.support.ConstructorResolver.instantiateUsingFactoryMethod(ConstructorResolver.java:467) ~[spring-beans-4.3.20.RELEASE.jar:4.3.20.RELEASE]
	at org.springframework.beans.factory.support.AbstractAutowireCapableBeanFactory.instantiateUsingFactoryMethod(AbstractAutowireCapableBeanFactory.java:1178) ~[spring-beans-4.3.20.RELEASE.jar:4.3.20.RELEASE]
	at org.springframework.beans.factory.support.AbstractAutowireCapableBeanFactory.createBeanInstance(AbstractAutowireCapableBeanFactory.java:1072) ~[spring-beans-4.3.20.RELEASE.jar:4.3.20.RELEASE]
	at org.springframework.beans.factory.support.AbstractAutowireCapableBeanFactory.doCreateBean(AbstractAutowireCapableBeanFactory.java:511) ~[spring-beans-4.3.20.RELEASE.jar:4.3.20.RELEASE]
	at org.springframework.beans.factory.support.AbstractAutowireCapableBeanFactory.createBean(AbstractAutowireCapableBeanFactory.java:481) ~[spring-beans-4.3.20.RELEASE.jar:4.3.20.RELEASE]
	at org.springframework.beans.factory.support.AbstractBeanFactory$1.getObject(AbstractBeanFactory.java:312) ~[spring-beans-4.3.20.RELEASE.jar:4.3.20.RELEASE]
	at org.springframework.beans.factory.support.DefaultSingletonBeanRegistry.getSingleton(DefaultSingletonBeanRegistry.java:230) ~[spring-beans-4.3.20.RELEASE.jar:4.3.20.RELEASE]
	at org.springframework.beans.factory.support.AbstractBeanFactory.doGetBean(AbstractBeanFactory.java:308) ~[spring-beans-4.3.20.RELEASE.jar:4.3.20.RELEASE]
	at org.springframework.beans.factory.support.AbstractBeanFactory.getBean(AbstractBeanFactory.java:202) ~[spring-beans-4.3.20.RELEASE.jar:4.3.20.RELEASE]
	at org.springframework.beans.factory.config.DependencyDescriptor.resolveCandidate(DependencyDescriptor.java:208) ~[spring-beans-4.3.20.RELEASE.jar:4.3.20.RELEASE]
	at org.springframework.beans.factory.support.DefaultListableBeanFactory.doResolveDependency(DefaultListableBeanFactory.java:1136) ~[spring-beans-4.3.20.RELEASE.jar:4.3.20.RELEASE]
	at org.springframework.beans.factory.support.DefaultListableBeanFactory.resolveDependency(DefaultListableBeanFactory.java:1064) ~[spring-beans-4.3.20.RELEASE.jar:4.3.20.RELEASE]
	at org.springframework.beans.factory.support.ConstructorResolver.resolveAutowiredArgument(ConstructorResolver.java:835) ~[spring-beans-4.3.20.RELEASE.jar:4.3.20.RELEASE]
	at org.springframework.beans.factory.support.ConstructorResolver.createArgumentArray(ConstructorResolver.java:741) ~[spring-beans-4.3.20.RELEASE.jar:4.3.20.RELEASE]
	... 44 common frames omitted
Caused by: org.springframework.beans.factory.BeanCreationException: Error creating bean with name 'jpaVendorAdapter' defined in class path resource [org/springframework/boot/autoconfigure/orm/jpa/HibernateJpaAutoConfiguration.class]: Bean instantiation via factory method failed; nested exception is org.springframework.beans.BeanInstantiationException: Failed to instantiate [org.springframework.orm.jpa.JpaVendorAdapter]: Factory method 'jpaVendorAdapter' threw exception; nested exception is com.zaxxer.hikari.pool.HikariPool$PoolInitializationException: Failed to initialize pool: Connection is broken: "java.net.ConnectException: Connection refused (Connection refused): localhost:19092" [90067-197]
	at org.springframework.beans.factory.support.ConstructorResolver.instantiateUsingFactoryMethod(ConstructorResolver.java:599) ~[spring-beans-4.3.20.RELEASE.jar:4.3.20.RELEASE]
	at org.springframework.beans.factory.support.AbstractAutowireCapableBeanFactory.instantiateUsingFactoryMethod(AbstractAutowireCapableBeanFactory.java:1178) ~[spring-beans-4.3.20.RELEASE.jar:4.3.20.RELEASE]
	at org.springframework.beans.factory.support.AbstractAutowireCapableBeanFactory.createBeanInstance(AbstractAutowireCapableBeanFactory.java:1072) ~[spring-beans-4.3.20.RELEASE.jar:4.3.20.RELEASE]
	at org.springframework.beans.factory.support.AbstractAutowireCapableBeanFactory.doCreateBean(AbstractAutowireCapableBeanFactory.java:511) ~[spring-beans-4.3.20.RELEASE.jar:4.3.20.RELEASE]
	at org.springframework.beans.factory.support.AbstractAutowireCapableBeanFactory.createBean(AbstractAutowireCapableBeanFactory.java:481) ~[spring-beans-4.3.20.RELEASE.jar:4.3.20.RELEASE]
	at org.springframework.beans.factory.support.AbstractBeanFactory$1.getObject(AbstractBeanFactory.java:312) ~[spring-beans-4.3.20.RELEASE.jar:4.3.20.RELEASE]
	at org.springframework.beans.factory.support.DefaultSingletonBeanRegistry.getSingleton(DefaultSingletonBeanRegistry.java:230) ~[spring-beans-4.3.20.RELEASE.jar:4.3.20.RELEASE]
	at org.springframework.beans.factory.support.AbstractBeanFactory.doGetBean(AbstractBeanFactory.java:308) ~[spring-beans-4.3.20.RELEASE.jar:4.3.20.RELEASE]
	at org.springframework.beans.factory.support.AbstractBeanFactory.getBean(AbstractBeanFactory.java:202) ~[spring-beans-4.3.20.RELEASE.jar:4.3.20.RELEASE]
	at org.springframework.beans.factory.config.DependencyDescriptor.resolveCandidate(DependencyDescriptor.java:208) ~[spring-beans-4.3.20.RELEASE.jar:4.3.20.RELEASE]
	at org.springframework.beans.factory.support.DefaultListableBeanFactory.doResolveDependency(DefaultListableBeanFactory.java:1136) ~[spring-beans-4.3.20.RELEASE.jar:4.3.20.RELEASE]
	at org.springframework.beans.factory.support.DefaultListableBeanFactory.resolveDependency(DefaultListableBeanFactory.java:1064) ~[spring-beans-4.3.20.RELEASE.jar:4.3.20.RELEASE]
	at org.springframework.beans.factory.support.ConstructorResolver.resolveAutowiredArgument(ConstructorResolver.java:835) ~[spring-beans-4.3.20.RELEASE.jar:4.3.20.RELEASE]
	at org.springframework.beans.factory.support.ConstructorResolver.createArgumentArray(ConstructorResolver.java:741) ~[spring-beans-4.3.20.RELEASE.jar:4.3.20.RELEASE]
	... 58 common frames omitted
Caused by: org.springframework.beans.BeanInstantiationException: Failed to instantiate [org.springframework.orm.jpa.JpaVendorAdapter]: Factory method 'jpaVendorAdapter' threw exception; nested exception is com.zaxxer.hikari.pool.HikariPool$PoolInitializationException: Failed to initialize pool: Connection is broken: "java.net.ConnectException: Connection refused (Connection refused): localhost:19092" [90067-197]
	at org.springframework.beans.factory.support.SimpleInstantiationStrategy.instantiate(SimpleInstantiationStrategy.java:189) ~[spring-beans-4.3.20.RELEASE.jar:4.3.20.RELEASE]
	at org.springframework.beans.factory.support.ConstructorResolver.instantiateUsingFactoryMethod(ConstructorResolver.java:588) ~[spring-beans-4.3.20.RELEASE.jar:4.3.20.RELEASE]
	... 71 common frames omitted
Caused by: com.zaxxer.hikari.pool.HikariPool$PoolInitializationException: Failed to initialize pool: Connection is broken: "java.net.ConnectException: Connection refused (Connection refused): localhost:19092" [90067-197]
	at com.zaxxer.hikari.pool.HikariPool.checkFailFast(HikariPool.java:512) ~[HikariCP-2.5.1.jar:na]
	at com.zaxxer.hikari.pool.HikariPool.<init>(HikariPool.java:105) ~[HikariCP-2.5.1.jar:na]
	at com.zaxxer.hikari.HikariDataSource.getConnection(HikariDataSource.java:94) ~[HikariCP-2.5.1.jar:na]
	at org.springframework.jdbc.datasource.DataSourceUtils.doGetConnection(DataSourceUtils.java:111) ~[spring-jdbc-4.3.20.RELEASE.jar:4.3.20.RELEASE]
	at org.springframework.jdbc.datasource.DataSourceUtils.getConnection(DataSourceUtils.java:77) ~[spring-jdbc-4.3.20.RELEASE.jar:4.3.20.RELEASE]
	at org.springframework.jdbc.support.JdbcUtils.extractDatabaseMetaData(JdbcUtils.java:326) ~[spring-jdbc-4.3.20.RELEASE.jar:4.3.20.RELEASE]
	at org.springframework.jdbc.support.JdbcUtils.extractDatabaseMetaData(JdbcUtils.java:366) ~[spring-jdbc-4.3.20.RELEASE.jar:4.3.20.RELEASE]
	at org.springframework.boot.autoconfigure.orm.jpa.DatabaseLookup.getDatabase(DatabaseLookup.java:72) ~[spring-boot-autoconfigure-1.5.17.RELEASE.jar:1.5.17.RELEASE]
	at org.springframework.boot.autoconfigure.orm.jpa.JpaProperties.determineDatabase(JpaProperties.java:139) ~[spring-boot-autoconfigure-1.5.17.RELEASE.jar:1.5.17.RELEASE]
	at org.springframework.boot.autoconfigure.orm.jpa.JpaBaseConfiguration.jpaVendorAdapter(JpaBaseConfiguration.java:105) ~[spring-boot-autoconfigure-1.5.17.RELEASE.jar:1.5.17.RELEASE]
	at org.springframework.boot.autoconfigure.orm.jpa.HibernateJpaAutoConfiguration$$EnhancerBySpringCGLIB$$87588728.CGLIB$jpaVendorAdapter$3(<generated>) ~[spring-boot-autoconfigure-1.5.17.RELEASE.jar:1.5.17.RELEASE]
	at org.springframework.boot.autoconfigure.orm.jpa.HibernateJpaAutoConfiguration$$EnhancerBySpringCGLIB$$87588728$$FastClassBySpringCGLIB$$76f7c1a5.invoke(<generated>) ~[spring-boot-autoconfigure-1.5.17.RELEASE.jar:1.5.17.RELEASE]
	at org.springframework.cglib.proxy.MethodProxy.invokeSuper(MethodProxy.java:228) ~[spring-core-4.3.20.RELEASE.jar:4.3.20.RELEASE]
	at org.springframework.context.annotation.ConfigurationClassEnhancer$BeanMethodInterceptor.intercept(ConfigurationClassEnhancer.java:358) ~[spring-context-4.3.20.RELEASE.jar:4.3.20.RELEASE]
	at org.springframework.boot.autoconfigure.orm.jpa.HibernateJpaAutoConfiguration$$EnhancerBySpringCGLIB$$87588728.jpaVendorAdapter(<generated>) ~[spring-boot-autoconfigure-1.5.17.RELEASE.jar:1.5.17.RELEASE]
	at sun.reflect.NativeMethodAccessorImpl.invoke0(Native Method) ~[na:1.8.0_201]
	at sun.reflect.NativeMethodAccessorImpl.invoke(NativeMethodAccessorImpl.java:62) ~[na:1.8.0_201]
	at sun.reflect.DelegatingMethodAccessorImpl.invoke(DelegatingMethodAccessorImpl.java:43) ~[na:1.8.0_201]
	at java.lang.reflect.Method.invoke(Method.java:498) ~[na:1.8.0_201]
	at org.springframework.beans.factory.support.SimpleInstantiationStrategy.instantiate(SimpleInstantiationStrategy.java:162) ~[spring-beans-4.3.20.RELEASE.jar:4.3.20.RELEASE]
	... 72 common frames omitted
Caused by: org.h2.jdbc.JdbcSQLException: Connection is broken: "java.net.ConnectException: Connection refused (Connection refused): localhost:19092" [90067-197]
	at org.h2.message.DbException.getJdbcSQLException(DbException.java:357) ~[h2-1.4.197.jar:1.4.197]
	at org.h2.message.DbException.get(DbException.java:168) ~[h2-1.4.197.jar:1.4.197]
	at org.h2.engine.SessionRemote.connectServer(SessionRemote.java:451) ~[h2-1.4.197.jar:1.4.197]
	at org.h2.engine.SessionRemote.connectEmbeddedOrServer(SessionRemote.java:332) ~[h2-1.4.197.jar:1.4.197]
	at org.h2.jdbc.JdbcConnection.<init>(JdbcConnection.java:124) ~[h2-1.4.197.jar:1.4.197]
	at org.h2.jdbc.JdbcConnection.<init>(JdbcConnection.java:103) ~[h2-1.4.197.jar:1.4.197]
	at org.h2.Driver.connect(Driver.java:69) ~[h2-1.4.197.jar:1.4.197]
	at com.zaxxer.hikari.util.DriverDataSource.getConnection(DriverDataSource.java:95) ~[HikariCP-2.5.1.jar:na]
	at com.zaxxer.hikari.util.DriverDataSource.getConnection(DriverDataSource.java:101) ~[HikariCP-2.5.1.jar:na]
	at com.zaxxer.hikari.pool.PoolBase.newConnection(PoolBase.java:341) ~[HikariCP-2.5.1.jar:na]
	at com.zaxxer.hikari.pool.HikariPool.checkFailFast(HikariPool.java:506) ~[HikariCP-2.5.1.jar:na]
	... 91 common frames omitted
Caused by: java.net.ConnectException: Connection refused (Connection refused)
	at java.net.PlainSocketImpl.socketConnect(Native Method) ~[na:1.8.0_201]
	at java.net.AbstractPlainSocketImpl.doConnect(AbstractPlainSocketImpl.java:350) ~[na:1.8.0_201]
	at java.net.AbstractPlainSocketImpl.connectToAddress(AbstractPlainSocketImpl.java:206) ~[na:1.8.0_201]
	at java.net.AbstractPlainSocketImpl.connect(AbstractPlainSocketImpl.java:188) ~[na:1.8.0_201]
	at java.net.SocksSocketImpl.connect(SocksSocketImpl.java:392) ~[na:1.8.0_201]
	at java.net.Socket.connect(Socket.java:589) ~[na:1.8.0_201]
	at org.h2.util.NetUtils.createSocket(NetUtils.java:103) ~[h2-1.4.197.jar:1.4.197]
	at org.h2.util.NetUtils.createSocket(NetUtils.java:83) ~[h2-1.4.197.jar:1.4.197]
	at org.h2.engine.SessionRemote.initTransfer(SessionRemote.java:114) ~[h2-1.4.197.jar:1.4.197]
	at org.h2.engine.SessionRemote.connectServer(SessionRemote.java:447) ~[h2-1.4.197.jar:1.4.197]
	... 99 common frames omitted

]]></system-out>
  </testcase>
</testsuite>